<?xml version="1.0" encoding="UTF-8"?>
<coverage generated="1780299306557" clover="3.2.0">
  <project timestamp="1780299306557" name="All files">
    <metrics statements="1472" coveredstatements="1373" conditionals="800" coveredconditionals="630" methods="222" coveredmethods="209" elements="2494" coveredelements="2212" complexity="0" loc="1472" ncloc="1472" packages="2" files="16" classes="16"/>
    <package name="handlers">
      <metrics statements="1408" coveredstatements="1312" conditionals="783" coveredconditionals="619" methods="194" coveredmethods="184"/>
      <file name="auth.handler.ts" path="/workspaces/CantiereSnap/backend/handlers/auth.handler.ts">
        <metrics statements="155" coveredstatements="148" conditionals="122" coveredconditionals="111" methods="12" coveredmethods="12"/>
        <line num="2" count="1" type="stmt"/>
        <line num="3" count="1" type="stmt"/>
        <line num="8" count="1" type="stmt"/>
        <line num="9" count="1" type="stmt"/>
        <line num="10" count="1" type="stmt"/>
        <line num="11" count="1" type="stmt"/>
        <line num="22" count="1" type="stmt"/>
        <line num="23" count="1" type="stmt"/>
        <line num="27" count="1" type="stmt"/>
        <line num="28" count="1" type="stmt"/>
        <line num="29" count="1" type="stmt"/>
        <line num="30" count="1" type="stmt"/>
        <line num="32" count="1" type="stmt"/>
        <line num="40" count="47" type="stmt"/>
        <line num="41" count="47" type="cond" truecount="1" falsecount="1"/>
        <line num="43" count="0" type="stmt"/>
        <line num="48" count="12" type="cond" truecount="1" falsecount="1"/>
        <line num="52" count="72" type="stmt"/>
        <line num="56" count="7" type="stmt"/>
        <line num="74" count="5" type="stmt"/>
        <line num="76" count="5" type="stmt"/>
        <line num="80" count="4" type="cond" truecount="1" falsecount="0"/>
        <line num="81" count="3" type="stmt"/>
        <line num="85" count="15" type="stmt"/>
        <line num="87" count="15" type="stmt"/>
        <line num="97" count="15" type="cond" truecount="1" falsecount="0"/>
        <line num="98" count="2" type="cond" truecount="2" falsecount="1"/>
        <line num="99" count="0" type="stmt"/>
        <line num="100" count="2" type="cond" truecount="1" falsecount="0"/>
        <line num="101" count="1" type="stmt"/>
        <line num="104" count="14" type="cond" truecount="1" falsecount="0"/>
        <line num="105" count="3" type="cond" truecount="3" falsecount="0"/>
        <line num="106" count="1" type="stmt"/>
        <line num="107" count="2" type="cond" truecount="0" falsecount="1"/>
        <line num="108" count="0" type="stmt"/>
        <line num="111" count="13" type="cond" truecount="1" falsecount="0"/>
        <line num="112" count="3" type="cond" truecount="3" falsecount="0"/>
        <line num="113" count="2" type="stmt"/>
        <line num="116" count="11" type="cond" truecount="1" falsecount="0"/>
        <line num="117" count="3" type="cond" truecount="3" falsecount="0"/>
        <line num="118" count="1" type="stmt"/>
        <line num="121" count="10" type="cond" truecount="1" falsecount="0"/>
        <line num="122" count="2" type="cond" truecount="1" falsecount="0"/>
        <line num="123" count="1" type="stmt"/>
        <line num="126" count="9" type="cond" truecount="1" falsecount="0"/>
        <line num="127" count="2" type="stmt"/>
        <line num="128" count="2" type="cond" truecount="6" falsecount="0"/>
        <line num="129" count="1" type="stmt"/>
        <line num="132" count="8" type="cond" truecount="1" falsecount="0"/>
        <line num="133" count="5" type="cond" truecount="3" falsecount="0"/>
        <line num="134" count="1" type="stmt"/>
        <line num="137" count="7" type="stmt"/>
        <line num="138" count="35" type="cond" truecount="1" falsecount="0"/>
        <line num="139" count="1" type="stmt"/>
        <line num="141" count="6" type="stmt"/>
        <line num="144" count="5" type="cond" truecount="1" falsecount="0"/>
        <line num="146" count="4" type="stmt"/>
        <line num="147" count="4" type="stmt"/>
        <line num="148" count="4" type="stmt"/>
        <line num="150" count="4" type="cond" truecount="1" falsecount="0"/>
        <line num="151" count="4" type="cond" truecount="1" falsecount="0"/>
        <line num="152" count="4" type="cond" truecount="1" falsecount="0"/>
        <line num="153" count="4" type="cond" truecount="1" falsecount="0"/>
        <line num="154" count="4" type="cond" truecount="1" falsecount="0"/>
        <line num="155" count="4" type="cond" truecount="1" falsecount="0"/>
        <line num="156" count="4" type="cond" truecount="1" falsecount="0"/>
        <line num="158" count="4" type="stmt"/>
        <line num="167" count="4" type="stmt"/>
        <line num="168" count="4" type="stmt"/>
        <line num="169" count="4" type="cond" truecount="1" falsecount="0"/>
        <line num="170" count="4" type="cond" truecount="1" falsecount="0"/>
        <line num="171" count="4" type="cond" truecount="1" falsecount="0"/>
        <line num="172" count="4" type="cond" truecount="1" falsecount="0"/>
        <line num="173" count="4" type="cond" truecount="1" falsecount="0"/>
        <line num="174" count="4" type="cond" truecount="1" falsecount="0"/>
        <line num="175" count="4" type="cond" truecount="1" falsecount="0"/>
        <line num="177" count="4" type="stmt"/>
        <line num="181" count="12" type="stmt"/>
        <line num="183" count="12" type="cond" truecount="3" falsecount="0"/>
        <line num="184" count="2" type="stmt"/>
        <line num="186" count="10" type="cond" truecount="3" falsecount="0"/>
        <line num="187" count="1" type="stmt"/>
        <line num="189" count="9" type="cond" truecount="2" falsecount="0"/>
        <line num="190" count="9" type="cond" truecount="1" falsecount="0"/>
        <line num="191" count="2" type="stmt"/>
        <line num="192" count="7" type="cond" truecount="1" falsecount="0"/>
        <line num="193" count="1" type="stmt"/>
        <line num="195" count="6" type="stmt"/>
        <line num="196" count="6" type="stmt"/>
        <line num="208" count="3" type="stmt"/>
        <line num="209" count="3" type="stmt"/>
        <line num="212" count="3" type="stmt"/>
        <line num="228" count="3" type="stmt"/>
        <line num="233" count="3" type="stmt"/>
        <line num="234" count="3" type="cond" truecount="1" falsecount="0"/>
        <line num="235" count="1" type="stmt"/>
        <line num="236" count="2" type="cond" truecount="3" falsecount="0"/>
        <line num="237" count="1" type="stmt"/>
        <line num="238" count="1" type="stmt"/>
        <line num="243" count="7" type="stmt"/>
        <line num="245" count="7" type="cond" truecount="3" falsecount="0"/>
        <line num="246" count="1" type="stmt"/>
        <line num="248" count="6" type="cond" truecount="3" falsecount="0"/>
        <line num="249" count="1" type="stmt"/>
        <line num="251" count="5" type="stmt"/>
        <line num="252" count="5" type="stmt"/>
        <line num="260" count="2" type="stmt"/>
        <line num="262" count="3" type="stmt"/>
        <line num="263" count="3" type="cond" truecount="3" falsecount="0"/>
        <line num="264" count="2" type="stmt"/>
        <line num="265" count="1" type="cond" truecount="1" falsecount="0"/>
        <line num="266" count="1" type="stmt"/>
        <line num="267" count="0" type="cond" truecount="0" falsecount="1"/>
        <line num="268" count="0" type="stmt"/>
        <line num="269" count="0" type="stmt"/>
        <line num="274" count="8" type="stmt"/>
        <line num="276" count="8" type="cond" truecount="3" falsecount="0"/>
        <line num="277" count="1" type="stmt"/>
        <line num="279" count="7" type="cond" truecount="1" falsecount="0"/>
        <line num="280" count="1" type="stmt"/>
        <line num="282" count="6" type="stmt"/>
        <line num="283" count="6" type="stmt"/>
        <line num="294" count="2" type="stmt"/>
        <line num="295" count="2" type="stmt"/>
        <line num="302" count="4" type="stmt"/>
        <line num="303" count="4" type="cond" truecount="3" falsecount="0"/>
        <line num="304" count="2" type="stmt"/>
        <line num="305" count="2" type="cond" truecount="1" falsecount="0"/>
        <line num="306" count="1" type="stmt"/>
        <line num="309" count="1" type="stmt"/>
        <line num="314" count="5" type="stmt"/>
        <line num="316" count="5" type="cond" truecount="3" falsecount="0"/>
        <line num="317" count="1" type="stmt"/>
        <line num="319" count="4" type="stmt"/>
        <line num="320" count="4" type="stmt"/>
        <line num="330" count="2" type="stmt"/>
        <line num="331" count="2" type="stmt"/>
        <line num="337" count="2" type="stmt"/>
        <line num="338" count="2" type="cond" truecount="1" falsecount="0"/>
        <line num="339" count="1" type="stmt"/>
        <line num="340" count="1" type="stmt"/>
        <line num="346" count="1" type="stmt"/>
        <line num="347" count="52" type="stmt"/>
        <line num="348" count="52" type="stmt"/>
        <line num="350" count="52" type="stmt"/>
        <line num="351" count="52" type="cond" truecount="3" falsecount="0"/>
        <line num="352" count="40" type="cond" truecount="3" falsecount="0"/>
        <line num="353" count="33" type="cond" truecount="3" falsecount="0"/>
        <line num="354" count="25" type="cond" truecount="3" falsecount="0"/>
        <line num="356" count="20" type="cond" truecount="1" falsecount="0"/>
        <line num="357" count="20" type="cond" truecount="1" falsecount="0"/>
        <line num="358" count="15" type="cond" truecount="1" falsecount="0"/>
        <line num="361" count="0" type="stmt"/>
        <line num="363" count="5" type="stmt"/>
        <line num="364" count="5" type="stmt"/>
      </file>
      <file name="clients.handler.ts" path="/workspaces/CantiereSnap/backend/handlers/clients.handler.ts">
        <metrics statements="135" coveredstatements="117" conditionals="92" coveredconditionals="75" methods="15" coveredmethods="15"/>
        <line num="1" count="1" type="stmt"/>
        <line num="3" count="1" type="stmt"/>
        <line num="4" count="1" type="stmt"/>
        <line num="5" count="1" type="stmt"/>
        <line num="6" count="1" type="stmt"/>
        <line num="8" count="1" type="stmt"/>
        <line num="39" count="1" type="stmt"/>
        <line num="40" count="1" type="stmt"/>
        <line num="41" count="1" type="stmt"/>
        <line num="42" count="1" type="stmt"/>
        <line num="44" count="1" type="stmt"/>
        <line num="47" count="7" type="cond" truecount="4" falsecount="0"/>
        <line num="48" count="1" type="stmt"/>
        <line num="49" count="6" type="stmt"/>
        <line num="50" count="6" type="stmt"/>
        <line num="51" count="25" type="cond" truecount="3" falsecount="0"/>
        <line num="52" count="2" type="stmt"/>
        <line num="54" count="4" type="stmt"/>
        <line num="60" count="62" type="stmt"/>
        <line num="64" count="20" type="stmt"/>
        <line num="65" count="20" type="cond" truecount="1" falsecount="1"/>
        <line num="67" count="0" type="stmt"/>
        <line num="71" count="7" type="stmt"/>
        <line num="74" count="6" type="stmt"/>
        <line num="87" count="1" type="stmt"/>
        <line num="91" count="1" type="stmt"/>
        <line num="92" count="1" type="stmt"/>
        <line num="94" count="0" type="stmt"/>
        <line num="104" count="13" type="stmt"/>
        <line num="113" count="13" type="cond" truecount="2" falsecount="0"/>
        <line num="114" count="13" type="cond" truecount="1" falsecount="0"/>
        <line num="115" count="2" type="stmt"/>
        <line num="116" count="11" type="cond" truecount="0" falsecount="1"/>
        <line num="117" count="0" type="stmt"/>
        <line num="119" count="11" type="cond" truecount="3" falsecount="0"/>
        <line num="120" count="1" type="stmt"/>
        <line num="122" count="10" type="cond" truecount="3" falsecount="0"/>
        <line num="123" count="1" type="stmt"/>
        <line num="129" count="9" type="cond" truecount="3" falsecount="0"/>
        <line num="130" count="2" type="stmt"/>
        <line num="136" count="7" type="cond" truecount="3" falsecount="0"/>
        <line num="137" count="1" type="stmt"/>
        <line num="143" count="6" type="stmt"/>
        <line num="144" count="6" type="cond" truecount="1" falsecount="0"/>
        <line num="146" count="4" type="stmt"/>
        <line num="147" count="4" type="stmt"/>
        <line num="149" count="4" type="stmt"/>
        <line num="170" count="3" type="stmt"/>
        <line num="186" count="5" type="cond" truecount="2" falsecount="0"/>
        <line num="187" count="5" type="stmt"/>
        <line num="188" count="5" type="cond" truecount="3" falsecount="1"/>
        <line num="189" count="5" type="cond" truecount="2" falsecount="0"/>
        <line num="194" count="5" type="cond" truecount="2" falsecount="0"/>
        <line num="196" count="2" type="stmt"/>
        <line num="210" count="2" type="cond" truecount="1" falsecount="1"/>
        <line num="211" count="2" type="stmt"/>
        <line num="214" count="3" type="stmt"/>
        <line num="227" count="3" type="cond" truecount="1" falsecount="1"/>
        <line num="228" count="3" type="stmt"/>
        <line num="231" count="5" type="stmt"/>
        <line num="232" count="3" type="stmt"/>
        <line num="238" count="3" type="stmt"/>
        <line num="245" count="3" type="cond" truecount="3" falsecount="0"/>
        <line num="246" count="1" type="stmt"/>
        <line num="254" count="7" type="stmt"/>
        <line num="264" count="7" type="cond" truecount="1" falsecount="0"/>
        <line num="265" count="1" type="stmt"/>
        <line num="266" count="1" type="cond" truecount="0" falsecount="1"/>
        <line num="267" count="0" type="stmt"/>
        <line num="268" count="1" type="cond" truecount="0" falsecount="1"/>
        <line num="269" count="0" type="stmt"/>
        <line num="271" count="7" type="cond" truecount="3" falsecount="0"/>
        <line num="272" count="1" type="stmt"/>
        <line num="273" count="6" type="cond" truecount="3" falsecount="0"/>
        <line num="274" count="1" type="stmt"/>
        <line num="279" count="5" type="cond" truecount="1" falsecount="2"/>
        <line num="280" count="0" type="stmt"/>
        <line num="285" count="5" type="cond" truecount="1" falsecount="2"/>
        <line num="286" count="0" type="stmt"/>
        <line num="291" count="5" type="cond" truecount="1" falsecount="0"/>
        <line num="292" count="1" type="stmt"/>
        <line num="293" count="1" type="cond" truecount="1" falsecount="0"/>
        <line num="296" count="4" type="stmt"/>
        <line num="297" count="11" type="cond" truecount="1" falsecount="0"/>
        <line num="298" count="1" type="stmt"/>
        <line num="300" count="3" type="stmt"/>
        <line num="301" count="3" type="stmt"/>
        <line num="303" count="3" type="cond" truecount="1" falsecount="0"/>
        <line num="304" count="1" type="stmt"/>
        <line num="305" count="1" type="stmt"/>
        <line num="306" count="1" type="stmt"/>
        <line num="307" count="1" type="stmt"/>
        <line num="309" count="3" type="cond" truecount="1" falsecount="0"/>
        <line num="310" count="2" type="stmt"/>
        <line num="311" count="2" type="stmt"/>
        <line num="313" count="3" type="cond" truecount="0" falsecount="1"/>
        <line num="314" count="0" type="stmt"/>
        <line num="315" count="0" type="stmt"/>
        <line num="317" count="3" type="cond" truecount="0" falsecount="1"/>
        <line num="318" count="0" type="stmt"/>
        <line num="319" count="0" type="stmt"/>
        <line num="321" count="3" type="cond" truecount="0" falsecount="1"/>
        <line num="322" count="0" type="stmt"/>
        <line num="323" count="0" type="stmt"/>
        <line num="325" count="3" type="cond" truecount="0" falsecount="1"/>
        <line num="326" count="0" type="stmt"/>
        <line num="327" count="0" type="stmt"/>
        <line num="330" count="3" type="stmt"/>
        <line num="331" count="3" type="stmt"/>
        <line num="341" count="2" type="stmt"/>
        <line num="343" count="1" type="cond" truecount="1" falsecount="0"/>
        <line num="344" count="1" type="stmt"/>
        <line num="345" count="0" type="stmt"/>
        <line num="350" count="3" type="stmt"/>
        <line num="351" count="3" type="stmt"/>
        <line num="360" count="1" type="stmt"/>
        <line num="362" count="2" type="cond" truecount="1" falsecount="0"/>
        <line num="363" count="2" type="stmt"/>
        <line num="364" count="0" type="stmt"/>
        <line num="370" count="1" type="stmt"/>
        <line num="371" count="31" type="stmt"/>
        <line num="372" count="31" type="stmt"/>
        <line num="373" count="31" type="stmt"/>
        <line num="374" count="31" type="cond" truecount="2" falsecount="0"/>
        <line num="376" count="31" type="stmt"/>
        <line num="377" count="31" type="cond" truecount="1" falsecount="0"/>
        <line num="378" count="18" type="cond" truecount="1" falsecount="0"/>
        <line num="379" count="5" type="cond" truecount="1" falsecount="0"/>
        <line num="381" count="13" type="cond" truecount="1" falsecount="0"/>
        <line num="382" count="13" type="cond" truecount="1" falsecount="0"/>
        <line num="383" count="10" type="cond" truecount="1" falsecount="0"/>
        <line num="384" count="3" type="cond" truecount="1" falsecount="0"/>
        <line num="386" count="0" type="stmt"/>
        <line num="388" count="1" type="stmt"/>
        <line num="389" count="1" type="stmt"/>
      </file>
      <file name="dashboard.handler.ts" path="/workspaces/CantiereSnap/backend/handlers/dashboard.handler.ts">
        <metrics statements="75" coveredstatements="74" conditionals="43" coveredconditionals="39" methods="12" coveredmethods="12"/>
        <line num="2" count="1" type="stmt"/>
        <line num="3" count="1" type="stmt"/>
        <line num="4" count="1" type="stmt"/>
        <line num="5" count="1" type="stmt"/>
        <line num="7" count="1" type="stmt"/>
        <line num="12" count="46" type="stmt"/>
        <line num="23" count="36" type="stmt"/>
        <line num="26" count="36" type="stmt"/>
        <line num="27" count="36" type="stmt"/>
        <line num="30" count="33" type="cond" truecount="1" falsecount="1"/>
        <line num="31" count="31" type="stmt"/>
        <line num="34" count="31" type="stmt"/>
        <line num="40" count="8" type="stmt"/>
        <line num="41" count="8" type="stmt"/>
        <line num="43" count="8" type="stmt"/>
        <line num="64" count="7" type="stmt"/>
        <line num="65" count="2" type="cond" truecount="1" falsecount="1"/>
        <line num="69" count="20" type="stmt"/>
        <line num="70" count="7" type="stmt"/>
        <line num="71" count="20" type="cond" truecount="2" falsecount="0"/>
        <line num="73" count="7" type="cond" truecount="2" falsecount="0"/>
        <line num="75" count="7" type="stmt"/>
        <line num="77" count="20" type="cond" truecount="3" falsecount="0"/>
        <line num="81" count="7" type="stmt"/>
        <line num="82" count="7" type="cond" truecount="1" falsecount="0"/>
        <line num="83" count="3" type="stmt"/>
        <line num="85" count="3" type="stmt"/>
        <line num="90" count="3" type="stmt"/>
        <line num="94" count="7" type="stmt"/>
        <line num="109" count="9" type="cond" truecount="2" falsecount="0"/>
        <line num="111" count="9" type="stmt"/>
        <line num="113" count="9" type="stmt"/>
        <line num="114" count="9" type="stmt"/>
        <line num="115" count="9" type="stmt"/>
        <line num="117" count="9" type="cond" truecount="2" falsecount="0"/>
        <line num="118" count="9" type="cond" truecount="2" falsecount="0"/>
        <line num="120" count="9" type="stmt"/>
        <line num="121" count="9" type="cond" truecount="3" falsecount="0"/>
        <line num="122" count="2" type="stmt"/>
        <line num="127" count="7" type="cond" truecount="1" falsecount="0"/>
        <line num="128" count="1" type="stmt"/>
        <line num="130" count="6" type="stmt"/>
        <line num="141" count="5" type="stmt"/>
        <line num="142" count="5" type="stmt"/>
        <line num="143" count="5" type="cond" truecount="1" falsecount="1"/>
        <line num="144" count="5" type="cond" truecount="4" falsecount="1"/>
        <line num="147" count="5" type="stmt"/>
        <line num="148" count="5" type="stmt"/>
        <line num="149" count="5" type="stmt"/>
        <line num="150" count="5" type="stmt"/>
        <line num="151" count="5" type="stmt"/>
        <line num="152" count="22" type="cond" truecount="2" falsecount="0"/>
        <line num="153" count="22" type="stmt"/>
        <line num="154" count="22" type="cond" truecount="2" falsecount="0"/>
        <line num="157" count="22" type="stmt"/>
        <line num="159" count="5" type="stmt"/>
        <line num="168" count="6" type="stmt"/>
        <line num="175" count="5" type="stmt"/>
        <line num="183" count="5" type="stmt"/>
        <line num="184" count="9" type="stmt"/>
        <line num="185" count="9" type="cond" truecount="1" falsecount="0"/>
        <line num="188" count="5" type="stmt"/>
        <line num="193" count="1" type="stmt"/>
        <line num="194" count="23" type="stmt"/>
        <line num="195" count="23" type="stmt"/>
        <line num="196" count="23" type="stmt"/>
        <line num="198" count="23" type="stmt"/>
        <line num="199" count="23" type="cond" truecount="3" falsecount="0"/>
        <line num="200" count="15" type="cond" truecount="3" falsecount="0"/>
        <line num="201" count="9" type="stmt"/>
        <line num="202" count="6" type="cond" truecount="3" falsecount="0"/>
        <line num="203" count="6" type="stmt"/>
        <line num="204" count="0" type="stmt"/>
        <line num="206" count="3" type="stmt"/>
        <line num="207" count="3" type="stmt"/>
      </file>
      <file name="invoices.handler.ts" path="/workspaces/CantiereSnap/backend/handlers/invoices.handler.ts">
        <metrics statements="139" coveredstatements="134" conditionals="82" coveredconditionals="61" methods="22" coveredmethods="21"/>
        <line num="2" count="1" type="stmt"/>
        <line num="3" count="1" type="stmt"/>
        <line num="4" count="1" type="stmt"/>
        <line num="5" count="1" type="stmt"/>
        <line num="6" count="1" type="stmt"/>
        <line num="7" count="1" type="stmt"/>
        <line num="9" count="1" type="stmt"/>
        <line num="10" count="1" type="stmt"/>
        <line num="31" count="1" type="stmt"/>
        <line num="32" count="1" type="stmt"/>
        <line num="33" count="1" type="stmt"/>
        <line num="43" count="62" type="stmt"/>
        <line num="47" count="21" type="stmt"/>
        <line num="48" count="21" type="cond" truecount="1" falsecount="1"/>
        <line num="50" count="0" type="stmt"/>
        <line num="55" count="24" type="stmt"/>
        <line num="59" count="1" type="stmt"/>
        <line num="63" count="1" type="stmt"/>
        <line num="64" count="1" type="stmt"/>
        <line num="66" count="0" type="stmt"/>
        <line num="71" count="4" type="stmt"/>
        <line num="90" count="13" type="stmt"/>
        <line num="91" count="13" type="cond" truecount="0" falsecount="1"/>
        <line num="92" count="13" type="stmt"/>
        <line num="94" count="13" type="stmt"/>
        <line num="102" count="13" type="stmt"/>
        <line num="103" count="13" type="cond" truecount="1" falsecount="0"/>
        <line num="104" count="1" type="stmt"/>
        <line num="107" count="12" type="cond" truecount="1" falsecount="1"/>
        <line num="108" count="12" type="cond" truecount="3" falsecount="0"/>
        <line num="109" count="1" type="stmt"/>
        <line num="116" count="11" type="cond" truecount="2" falsecount="0"/>
        <line num="117" count="11" type="stmt"/>
        <line num="118" count="11" type="cond" truecount="3" falsecount="0"/>
        <line num="119" count="2" type="stmt"/>
        <line num="126" count="9" type="cond" truecount="2" falsecount="1"/>
        <line num="127" count="0" type="stmt"/>
        <line num="130" count="9" type="stmt"/>
        <line num="133" count="8" type="cond" truecount="1" falsecount="0"/>
        <line num="134" count="7" type="stmt"/>
        <line num="135" count="7" type="cond" truecount="1" falsecount="0"/>
        <line num="136" count="1" type="stmt"/>
        <line num="142" count="6" type="stmt"/>
        <line num="145" count="6" type="stmt"/>
        <line num="146" count="6" type="cond" truecount="4" falsecount="0"/>
        <line num="147" count="1" type="stmt"/>
        <line num="153" count="5" type="stmt"/>
        <line num="159" count="5" type="stmt"/>
        <line num="160" count="5" type="cond" truecount="0" falsecount="1"/>
        <line num="163" count="5" type="stmt"/>
        <line num="169" count="5" type="cond" truecount="1" falsecount="0"/>
        <line num="172" count="4" type="stmt"/>
        <line num="182" count="4" type="cond" truecount="1" falsecount="1"/>
        <line num="183" count="4" type="stmt"/>
        <line num="184" count="4" type="stmt"/>
        <line num="185" count="6" type="stmt"/>
        <line num="186" count="0" type="cond" truecount="0" falsecount="4"/>
        <line num="188" count="4" type="cond" truecount="1" falsecount="0"/>
        <line num="189" count="3" type="cond" truecount="0" falsecount="1"/>
        <line num="192" count="3" type="stmt"/>
        <line num="193" count="3" type="stmt"/>
        <line num="202" count="3" type="cond" truecount="1" falsecount="1"/>
        <line num="203" count="3" type="stmt"/>
        <line num="204" count="3" type="stmt"/>
        <line num="205" count="3" type="stmt"/>
        <line num="208" count="3" type="stmt"/>
        <line num="209" count="3" type="stmt"/>
        <line num="210" count="3" type="stmt"/>
        <line num="212" count="3" type="stmt"/>
        <line num="213" count="3" type="stmt"/>
        <line num="216" count="3" type="stmt"/>
        <line num="217" count="3" type="stmt"/>
        <line num="235" count="3" type="stmt"/>
        <line num="249" count="3" type="stmt"/>
        <line num="252" count="3" type="stmt"/>
        <line num="269" count="3" type="stmt"/>
        <line num="334" count="3" type="stmt"/>
        <line num="336" count="3" type="stmt"/>
        <line num="345" count="3" type="stmt"/>
        <line num="363" count="3" type="stmt"/>
        <line num="364" count="3" type="cond" truecount="0" falsecount="1"/>
        <line num="365" count="3" type="stmt"/>
        <line num="367" count="3" type="stmt"/>
        <line num="378" count="3" type="cond" truecount="1" falsecount="1"/>
        <line num="379" count="3" type="stmt"/>
        <line num="380" count="3" type="cond" truecount="1" falsecount="0"/>
        <line num="382" count="2" type="stmt"/>
        <line num="383" count="5" type="stmt"/>
        <line num="384" count="1" type="cond" truecount="2" falsecount="2"/>
        <line num="386" count="2" type="stmt"/>
        <line num="388" count="2" type="stmt"/>
        <line num="401" count="3" type="stmt"/>
        <line num="417" count="8" type="stmt"/>
        <line num="418" count="8" type="cond" truecount="0" falsecount="1"/>
        <line num="419" count="8" type="stmt"/>
        <line num="421" count="8" type="stmt"/>
        <line num="422" count="8" type="stmt"/>
        <line num="424" count="8" type="cond" truecount="3" falsecount="0"/>
        <line num="425" count="1" type="stmt"/>
        <line num="432" count="7" type="stmt"/>
        <line num="438" count="7" type="cond" truecount="1" falsecount="0"/>
        <line num="440" count="6" type="stmt"/>
        <line num="441" count="6" type="stmt"/>
        <line num="443" count="6" type="cond" truecount="1" falsecount="0"/>
        <line num="444" count="2" type="stmt"/>
        <line num="449" count="4" type="stmt"/>
        <line num="450" count="4" type="stmt"/>
        <line num="456" count="4" type="stmt"/>
        <line num="463" count="4" type="cond" truecount="1" falsecount="0"/>
        <line num="464" count="2" type="stmt"/>
        <line num="467" count="4" type="stmt"/>
        <line num="477" count="4" type="stmt"/>
        <line num="490" count="7" type="cond" truecount="2" falsecount="0"/>
        <line num="491" count="7" type="stmt"/>
        <line num="492" count="7" type="cond" truecount="3" falsecount="1"/>
        <line num="493" count="7" type="cond" truecount="2" falsecount="0"/>
        <line num="495" count="7" type="cond" truecount="3" falsecount="0"/>
        <line num="496" count="1" type="stmt"/>
        <line num="498" count="6" type="cond" truecount="2" falsecount="0"/>
        <line num="500" count="6" type="stmt"/>
        <line num="515" count="6" type="cond" truecount="1" falsecount="1"/>
        <line num="516" count="6" type="stmt"/>
        <line num="518" count="6" type="stmt"/>
        <line num="526" count="1" type="stmt"/>
        <line num="527" count="31" type="stmt"/>
        <line num="528" count="31" type="stmt"/>
        <line num="529" count="31" type="stmt"/>
        <line num="530" count="31" type="cond" truecount="2" falsecount="0"/>
        <line num="532" count="31" type="stmt"/>
        <line num="533" count="31" type="cond" truecount="1" falsecount="0"/>
        <line num="534" count="16" type="cond" truecount="1" falsecount="0"/>
        <line num="535" count="3" type="cond" truecount="1" falsecount="0"/>
        <line num="537" count="15" type="cond" truecount="1" falsecount="0"/>
        <line num="538" count="8" type="cond" truecount="1" falsecount="0"/>
        <line num="540" count="7" type="cond" truecount="1" falsecount="0"/>
        <line num="541" count="7" type="cond" truecount="1" falsecount="0"/>
        <line num="543" count="0" type="stmt"/>
        <line num="545" count="1" type="stmt"/>
        <line num="546" count="1" type="stmt"/>
      </file>
      <file name="jobs.handler.ts" path="/workspaces/CantiereSnap/backend/handlers/jobs.handler.ts">
        <metrics statements="225" coveredstatements="185" conditionals="122" coveredconditionals="84" methods="38" coveredmethods="31"/>
        <line num="2" count="1" type="stmt"/>
        <line num="3" count="1" type="stmt"/>
        <line num="10" count="1" type="stmt"/>
        <line num="11" count="1" type="stmt"/>
        <line num="12" count="1" type="stmt"/>
        <line num="21" count="1" type="stmt"/>
        <line num="22" count="1" type="stmt"/>
        <line num="54" count="1" type="stmt"/>
        <line num="56" count="1" type="stmt"/>
        <line num="66" count="70" type="stmt"/>
        <line num="70" count="19" type="stmt"/>
        <line num="74" count="20" type="stmt"/>
        <line num="75" count="20" type="cond" truecount="1" falsecount="1"/>
        <line num="77" count="0" type="stmt"/>
        <line num="82" count="4" type="stmt"/>
        <line num="83" count="4" type="stmt"/>
        <line num="98" count="0" type="stmt"/>
        <line num="102" count="1" type="stmt"/>
        <line num="103" count="1" type="stmt"/>
        <line num="105" count="0" type="stmt"/>
        <line num="115" count="8" type="stmt"/>
        <line num="122" count="8" type="cond" truecount="1" falsecount="0"/>
        <line num="123" count="1" type="stmt"/>
        <line num="124" count="7" type="cond" truecount="3" falsecount="0"/>
        <line num="125" count="1" type="stmt"/>
        <line num="126" count="6" type="cond" truecount="0" falsecount="1"/>
        <line num="127" count="0" type="stmt"/>
        <line num="128" count="6" type="cond" truecount="3" falsecount="0"/>
        <line num="129" count="1" type="stmt"/>
        <line num="130" count="5" type="cond" truecount="0" falsecount="1"/>
        <line num="131" count="0" type="stmt"/>
        <line num="132" count="5" type="cond" truecount="0" falsecount="1"/>
        <line num="133" count="0" type="stmt"/>
        <line num="134" count="5" type="cond" truecount="1" falsecount="0"/>
        <line num="135" count="1" type="stmt"/>
        <line num="136" count="4" type="cond" truecount="1" falsecount="0"/>
        <line num="137" count="1" type="stmt"/>
        <line num="140" count="3" type="stmt"/>
        <line num="147" count="3" type="cond" truecount="1" falsecount="0"/>
        <line num="148" count="2" type="stmt"/>
        <line num="151" count="2" type="stmt"/>
        <line num="160" count="1" type="stmt"/>
        <line num="161" count="1" type="stmt"/>
        <line num="162" count="1" type="stmt"/>
        <line num="164" count="1" type="stmt"/>
        <line num="188" count="1" type="stmt"/>
        <line num="206" count="6" type="cond" truecount="2" falsecount="0"/>
        <line num="207" count="6" type="stmt"/>
        <line num="208" count="6" type="stmt"/>
        <line num="209" count="6" type="stmt"/>
        <line num="210" count="6" type="stmt"/>
        <line num="211" count="6" type="cond" truecount="3" falsecount="1"/>
        <line num="212" count="6" type="cond" truecount="2" falsecount="0"/>
        <line num="214" count="6" type="stmt"/>
        <line num="217" count="6" type="cond" truecount="2" falsecount="0"/>
        <line num="218" count="2" type="stmt"/>
        <line num="220" count="2" type="stmt"/>
        <line num="221" count="2" type="stmt"/>
        <line num="222" count="2" type="cond" truecount="1" falsecount="0"/>
        <line num="223" count="1" type="stmt"/>
        <line num="230" count="1" type="stmt"/>
        <line num="231" count="1" type="stmt"/>
        <line num="232" count="1" type="cond" truecount="0" falsecount="1"/>
        <line num="233" count="0" type="stmt"/>
        <line num="234" count="0" type="stmt"/>
        <line num="237" count="1" type="stmt"/>
        <line num="239" count="1" type="stmt"/>
        <line num="258" count="1" type="cond" truecount="1" falsecount="1"/>
        <line num="259" count="1" type="stmt"/>
        <line num="260" count="4" type="cond" truecount="4" falsecount="0"/>
        <line num="264" count="1" type="stmt"/>
        <line num="265" count="1" type="stmt"/>
        <line num="267" count="1" type="cond" truecount="3" falsecount="1"/>
        <line num="268" count="1" type="stmt"/>
        <line num="269" count="1" type="stmt"/>
        <line num="270" count="1" type="stmt"/>
        <line num="271" count="0" type="cond" truecount="0" falsecount="2"/>
        <line num="272" count="0" type="stmt"/>
        <line num="273" count="0" type="stmt"/>
        <line num="275" count="0" type="stmt"/>
        <line num="276" count="0" type="stmt"/>
        <line num="279" count="1" type="cond" truecount="0" falsecount="1"/>
        <line num="280" count="0" type="stmt"/>
        <line num="281" count="0" type="stmt"/>
        <line num="284" count="1" type="stmt"/>
        <line num="285" count="1" type="stmt"/>
        <line num="287" count="5" type="stmt"/>
        <line num="307" count="2" type="cond" truecount="1" falsecount="1"/>
        <line num="308" count="0" type="stmt"/>
        <line num="316" count="3" type="stmt"/>
        <line num="317" count="3" type="stmt"/>
        <line num="318" count="3" type="stmt"/>
        <line num="320" count="3" type="cond" truecount="0" falsecount="1"/>
        <line num="321" count="0" type="stmt"/>
        <line num="322" count="0" type="stmt"/>
        <line num="325" count="3" type="stmt"/>
        <line num="327" count="15" type="stmt"/>
        <line num="347" count="6" type="cond" truecount="1" falsecount="1"/>
        <line num="348" count="0" type="stmt"/>
        <line num="351" count="1" type="stmt"/>
        <line num="352" count="1" type="stmt"/>
        <line num="358" count="4" type="stmt"/>
        <line num="359" count="4" type="cond" truecount="1" falsecount="0"/>
        <line num="361" count="3" type="stmt"/>
        <line num="368" count="3" type="cond" truecount="3" falsecount="0"/>
        <line num="369" count="1" type="stmt"/>
        <line num="373" count="2" type="stmt"/>
        <line num="374" count="2" type="cond" truecount="0" falsecount="1"/>
        <line num="375" count="2" type="stmt"/>
        <line num="378" count="2" type="stmt"/>
        <line num="394" count="2" type="cond" truecount="3" falsecount="0"/>
        <line num="395" count="1" type="stmt"/>
        <line num="397" count="1" type="cond" truecount="1" falsecount="1"/>
        <line num="399" count="1" type="stmt"/>
        <line num="400" count="3" type="stmt"/>
        <line num="401" count="0" type="stmt"/>
        <line num="402" count="1" type="cond" truecount="2" falsecount="0"/>
        <line num="404" count="2" type="stmt"/>
        <line num="405" count="1" type="stmt"/>
        <line num="406" count="3" type="stmt"/>
        <line num="407" count="0" type="stmt"/>
        <line num="408" count="1" type="stmt"/>
        <line num="417" count="3" type="cond" truecount="1" falsecount="1"/>
        <line num="418" count="1" type="stmt"/>
        <line num="419" count="0" type="stmt"/>
        <line num="431" count="1" type="stmt"/>
        <line num="432" count="3" type="stmt"/>
        <line num="433" count="0" type="stmt"/>
        <line num="443" count="3" type="stmt"/>
        <line num="444" count="1" type="stmt"/>
        <line num="445" count="3" type="stmt"/>
        <line num="446" count="0" type="stmt"/>
        <line num="447" count="0" type="stmt"/>
        <line num="456" count="1" type="stmt"/>
        <line num="493" count="5" type="stmt"/>
        <line num="495" count="5" type="cond" truecount="1" falsecount="0"/>
        <line num="496" count="2" type="cond" truecount="1" falsecount="0"/>
        <line num="497" count="1" type="stmt"/>
        <line num="498" count="1" type="cond" truecount="0" falsecount="1"/>
        <line num="499" count="0" type="stmt"/>
        <line num="501" count="4" type="cond" truecount="1" falsecount="0"/>
        <line num="502" count="1" type="cond" truecount="0" falsecount="1"/>
        <line num="503" count="0" type="stmt"/>
        <line num="504" count="1" type="cond" truecount="0" falsecount="1"/>
        <line num="505" count="0" type="stmt"/>
        <line num="507" count="4" type="cond" truecount="3" falsecount="0"/>
        <line num="508" count="1" type="stmt"/>
        <line num="510" count="3" type="cond" truecount="4" falsecount="0"/>
        <line num="511" count="1" type="stmt"/>
        <line num="513" count="2" type="stmt"/>
        <line num="514" count="2" type="cond" truecount="0" falsecount="1"/>
        <line num="516" count="2" type="stmt"/>
        <line num="517" count="2" type="stmt"/>
        <line num="518" count="2" type="stmt"/>
        <line num="520" count="2" type="cond" truecount="1" falsecount="0"/>
        <line num="521" count="1" type="stmt"/>
        <line num="522" count="1" type="stmt"/>
        <line num="524" count="2" type="cond" truecount="1" falsecount="0"/>
        <line num="525" count="1" type="stmt"/>
        <line num="526" count="1" type="stmt"/>
        <line num="528" count="2" type="cond" truecount="0" falsecount="1"/>
        <line num="529" count="0" type="stmt"/>
        <line num="530" count="0" type="stmt"/>
        <line num="533" count="2" type="stmt"/>
        <line num="534" count="2" type="stmt"/>
        <line num="545" count="1" type="stmt"/>
        <line num="547" count="1" type="cond" truecount="1" falsecount="0"/>
        <line num="548" count="1" type="stmt"/>
        <line num="549" count="0" type="stmt"/>
        <line num="558" count="7" type="stmt"/>
        <line num="560" count="7" type="cond" truecount="1" falsecount="0"/>
        <line num="561" count="1" type="stmt"/>
        <line num="562" count="6" type="cond" truecount="1" falsecount="0"/>
        <line num="563" count="1" type="stmt"/>
        <line num="569" count="5" type="stmt"/>
        <line num="570" count="5" type="cond" truecount="0" falsecount="1"/>
        <line num="571" count="5" type="stmt"/>
        <line num="573" count="5" type="stmt"/>
        <line num="579" count="5" type="cond" truecount="3" falsecount="0"/>
        <line num="580" count="1" type="stmt"/>
        <line num="582" count="4" type="stmt"/>
        <line num="583" count="4" type="stmt"/>
        <line num="585" count="4" type="cond" truecount="1" falsecount="0"/>
        <line num="586" count="1" type="stmt"/>
        <line num="592" count="3" type="cond" truecount="1" falsecount="0"/>
        <line num="593" count="2" type="stmt"/>
        <line num="600" count="2" type="cond" truecount="1" falsecount="0"/>
        <line num="601" count="1" type="stmt"/>
        <line num="604" count="2" type="stmt"/>
        <line num="605" count="2" type="stmt"/>
        <line num="608" count="2" type="stmt"/>
        <line num="641" count="2" type="stmt"/>
        <line num="650" count="3" type="stmt"/>
        <line num="651" count="3" type="cond" truecount="1" falsecount="0"/>
        <line num="652" count="2" type="stmt"/>
        <line num="655" count="2" type="stmt"/>
        <line num="663" count="1" type="cond" truecount="2" falsecount="1"/>
        <line num="665" count="0" type="stmt"/>
        <line num="666" count="0" type="stmt"/>
        <line num="668" count="0" type="stmt"/>
        <line num="669" count="0" type="stmt"/>
        <line num="684" count="0" type="stmt"/>
        <line num="686" count="0" type="cond" truecount="0" falsecount="1"/>
        <line num="687" count="0" type="stmt"/>
        <line num="688" count="0" type="stmt"/>
        <line num="694" count="1" type="stmt"/>
        <line num="695" count="35" type="stmt"/>
        <line num="696" count="35" type="stmt"/>
        <line num="697" count="35" type="stmt"/>
        <line num="698" count="35" type="cond" truecount="2" falsecount="0"/>
        <line num="700" count="35" type="stmt"/>
        <line num="701" count="35" type="cond" truecount="1" falsecount="0"/>
        <line num="702" count="14" type="cond" truecount="1" falsecount="0"/>
        <line num="703" count="6" type="cond" truecount="1" falsecount="0"/>
        <line num="705" count="21" type="cond" truecount="1" falsecount="0"/>
        <line num="706" count="12" type="cond" truecount="1" falsecount="0"/>
        <line num="707" count="8" type="cond" truecount="1" falsecount="0"/>
        <line num="708" count="3" type="cond" truecount="1" falsecount="0"/>
        <line num="710" count="9" type="cond" truecount="1" falsecount="0"/>
        <line num="711" count="2" type="cond" truecount="1" falsecount="0"/>
        <line num="713" count="7" type="cond" truecount="1" falsecount="0"/>
        <line num="714" count="7" type="cond" truecount="1" falsecount="0"/>
        <line num="716" count="0" type="stmt"/>
        <line num="718" count="6" type="stmt"/>
        <line num="719" count="6" type="stmt"/>
      </file>
      <file name="monthly-analytics.handler.ts" path="/workspaces/CantiereSnap/backend/handlers/monthly-analytics.handler.ts">
        <metrics statements="91" coveredstatements="88" conditionals="29" coveredconditionals="22" methods="16" coveredmethods="16"/>
        <line num="2" count="1" type="stmt"/>
        <line num="3" count="1" type="stmt"/>
        <line num="4" count="1" type="stmt"/>
        <line num="6" count="1" type="stmt"/>
        <line num="45" count="10" type="stmt"/>
        <line num="46" count="10" type="cond" truecount="1" falsecount="1"/>
        <line num="47" count="10" type="cond" truecount="1" falsecount="1"/>
        <line num="49" count="10" type="stmt"/>
        <line num="50" count="10" type="stmt"/>
        <line num="51" count="10" type="stmt"/>
        <line num="54" count="10" type="stmt"/>
        <line num="55" count="10" type="stmt"/>
        <line num="57" count="10" type="stmt"/>
        <line num="61" count="10" type="stmt"/>
        <line num="64" count="10" type="stmt"/>
        <line num="65" count="11" type="stmt"/>
        <line num="73" count="11" type="cond" truecount="1" falsecount="1"/>
        <line num="74" count="11" type="stmt"/>
        <line num="77" count="10" type="stmt"/>
        <line num="81" count="24" type="stmt"/>
        <line num="84" count="24" type="stmt"/>
        <line num="85" count="24" type="stmt"/>
        <line num="93" count="23" type="cond" truecount="1" falsecount="1"/>
        <line num="94" count="23" type="stmt"/>
        <line num="97" count="23" type="stmt"/>
        <line num="101" count="11" type="stmt"/>
        <line num="104" count="11" type="stmt"/>
        <line num="105" count="11" type="stmt"/>
        <line num="114" count="11" type="cond" truecount="1" falsecount="1"/>
        <line num="115" count="11" type="stmt"/>
        <line num="118" count="11" type="stmt"/>
        <line num="122" count="5" type="stmt"/>
        <line num="132" count="12" type="stmt"/>
        <line num="135" count="12" type="stmt"/>
        <line num="137" count="11" type="stmt"/>
        <line num="138" count="7" type="cond" truecount="2" falsecount="0"/>
        <line num="140" count="11" type="stmt"/>
        <line num="141" count="11" type="stmt"/>
        <line num="142" count="11" type="cond" truecount="2" falsecount="0"/>
        <line num="146" count="11" type="stmt"/>
        <line num="148" count="11" type="stmt"/>
        <line num="150" count="5" type="cond" truecount="3" falsecount="0"/>
        <line num="152" count="11" type="stmt"/>
        <line num="153" count="11" type="stmt"/>
        <line num="154" count="3" type="cond" truecount="1" falsecount="1"/>
        <line num="158" count="11" type="stmt"/>
        <line num="161" count="11" type="stmt"/>
        <line num="162" count="11" type="stmt"/>
        <line num="164" count="11" type="stmt"/>
        <line num="166" count="5" type="stmt"/>
        <line num="167" count="5" type="stmt"/>
        <line num="168" count="5" type="cond" truecount="0" falsecount="1"/>
        <line num="169" count="5" type="stmt"/>
        <line num="172" count="5" type="stmt"/>
        <line num="173" count="5" type="stmt"/>
        <line num="174" count="5" type="stmt"/>
        <line num="175" count="4" type="cond" truecount="1" falsecount="0"/>
        <line num="178" count="0" type="stmt"/>
        <line num="182" count="5" type="stmt"/>
        <line num="183" count="5" type="stmt"/>
        <line num="184" count="5" type="stmt"/>
        <line num="185" count="5" type="stmt"/>
        <line num="186" count="5" type="cond" truecount="1" falsecount="0"/>
        <line num="188" count="0" type="stmt"/>
        <line num="191" count="5" type="cond" truecount="1" falsecount="0"/>
        <line num="192" count="2" type="stmt"/>
        <line num="193" count="2" type="stmt"/>
        <line num="194" count="2" type="stmt"/>
        <line num="195" count="2" type="cond" truecount="3" falsecount="0"/>
        <line num="196" count="2" type="stmt"/>
        <line num="197" count="2" type="stmt"/>
        <line num="198" count="2" type="cond" truecount="1" falsecount="0"/>
        <line num="201" count="0" type="stmt"/>
        <line num="207" count="11" type="cond" truecount="2" falsecount="0"/>
        <line num="208" count="2" type="stmt"/>
        <line num="212" count="11" type="stmt"/>
        <line num="214" count="11" type="stmt"/>
        <line num="235" count="11" type="stmt"/>
        <line num="240" count="1" type="stmt"/>
        <line num="241" count="10" type="stmt"/>
        <line num="242" count="10" type="stmt"/>
        <line num="244" count="10" type="stmt"/>
        <line num="245" count="10" type="stmt"/>
        <line num="247" count="10" type="stmt"/>
        <line num="248" count="10" type="stmt"/>
        <line num="250" count="10" type="stmt"/>
        <line num="251" count="12" type="stmt"/>
        <line num="252" count="12" type="stmt"/>
        <line num="253" count="12" type="stmt"/>
        <line num="255" count="1" type="stmt"/>
        <line num="259" count="10" type="stmt"/>
      </file>
      <file name="notification-sender.handler.ts" path="/workspaces/CantiereSnap/backend/handlers/notification-sender.handler.ts">
        <metrics statements="58" coveredstatements="57" conditionals="6" coveredconditionals="5" methods="7" coveredmethods="7"/>
        <line num="2" count="1" type="stmt"/>
        <line num="3" count="1" type="stmt"/>
        <line num="4" count="1" type="stmt"/>
        <line num="5" count="1" type="stmt"/>
        <line num="6" count="1" type="stmt"/>
        <line num="8" count="1" type="stmt"/>
        <line num="9" count="1" type="stmt"/>
        <line num="10" count="1" type="stmt"/>
        <line num="27" count="12" type="stmt"/>
        <line num="31" count="5" type="stmt"/>
        <line num="32" count="5" type="stmt"/>
        <line num="33" count="5" type="stmt"/>
        <line num="41" count="12" type="stmt"/>
        <line num="44" count="12" type="stmt"/>
        <line num="45" count="13" type="stmt"/>
        <line num="54" count="13" type="cond" truecount="1" falsecount="1"/>
        <line num="55" count="13" type="stmt"/>
        <line num="58" count="12" type="stmt"/>
        <line num="69" count="16" type="stmt"/>
        <line num="70" count="16" type="stmt"/>
        <line num="72" count="16" type="stmt"/>
        <line num="95" count="7" type="stmt"/>
        <line num="96" count="7" type="stmt"/>
        <line num="100" count="7" type="stmt"/>
        <line num="102" count="7" type="stmt"/>
        <line num="103" count="10" type="stmt"/>
        <line num="104" count="10" type="stmt"/>
        <line num="111" count="10" type="stmt"/>
        <line num="112" count="10" type="stmt"/>
        <line num="119" count="8" type="stmt"/>
        <line num="121" count="2" type="stmt"/>
        <line num="122" count="2" type="stmt"/>
        <line num="125" count="10" type="stmt"/>
        <line num="126" count="10" type="stmt"/>
        <line num="135" count="1" type="stmt"/>
        <line num="141" count="5" type="stmt"/>
        <line num="142" count="5" type="stmt"/>
        <line num="143" count="5" type="stmt"/>
        <line num="149" count="5" type="stmt"/>
        <line num="151" count="5" type="stmt"/>
        <line num="152" count="6" type="stmt"/>
        <line num="153" count="6" type="stmt"/>
        <line num="160" count="6" type="stmt"/>
        <line num="161" count="6" type="stmt"/>
        <line num="168" count="5" type="stmt"/>
        <line num="170" count="1" type="stmt"/>
        <line num="171" count="1" type="stmt"/>
        <line num="174" count="6" type="stmt"/>
        <line num="175" count="6" type="stmt"/>
        <line num="184" count="0" type="stmt"/>
        <line num="191" count="1" type="stmt"/>
        <line num="192" count="13" type="stmt"/>
        <line num="193" count="13" type="stmt"/>
        <line num="195" count="13" type="cond" truecount="2" falsecount="0"/>
        <line num="196" count="7" type="stmt"/>
        <line num="197" count="6" type="cond" truecount="2" falsecount="0"/>
        <line num="198" count="5" type="stmt"/>
        <line num="200" count="1" type="stmt"/>
      </file>
      <file name="notifications.handler.ts" path="/workspaces/CantiereSnap/backend/handlers/notifications.handler.ts">
        <metrics statements="53" coveredstatements="50" conditionals="41" coveredconditionals="35" methods="8" coveredmethods="8"/>
        <line num="2" count="1" type="stmt"/>
        <line num="3" count="1" type="stmt"/>
        <line num="4" count="1" type="stmt"/>
        <line num="5" count="1" type="stmt"/>
        <line num="7" count="1" type="stmt"/>
        <line num="12" count="34" type="stmt"/>
        <line num="16" count="8" type="stmt"/>
        <line num="17" count="8" type="cond" truecount="1" falsecount="1"/>
        <line num="19" count="0" type="stmt"/>
        <line num="24" count="1" type="stmt"/>
        <line num="28" count="1" type="stmt"/>
        <line num="29" count="1" type="stmt"/>
        <line num="31" count="0" type="stmt"/>
        <line num="36" count="5" type="stmt"/>
        <line num="54" count="9" type="cond" truecount="2" falsecount="0"/>
        <line num="55" count="9" type="cond" truecount="3" falsecount="1"/>
        <line num="56" count="9" type="cond" truecount="2" falsecount="0"/>
        <line num="58" count="9" type="stmt"/>
        <line num="72" count="8" type="cond" truecount="1" falsecount="1"/>
        <line num="73" count="8" type="stmt"/>
        <line num="75" count="8" type="stmt"/>
        <line num="85" count="8" type="stmt"/>
        <line num="87" count="8" type="stmt"/>
        <line num="88" count="8" type="stmt"/>
        <line num="90" count="8" type="cond" truecount="3" falsecount="0"/>
        <line num="91" count="1" type="stmt"/>
        <line num="93" count="7" type="cond" truecount="3" falsecount="0"/>
        <line num="94" count="1" type="stmt"/>
        <line num="96" count="6" type="cond" truecount="3" falsecount="0"/>
        <line num="97" count="1" type="stmt"/>
        <line num="99" count="5" type="stmt"/>
        <line num="100" count="5" type="stmt"/>
        <line num="102" count="5" type="cond" truecount="1" falsecount="0"/>
        <line num="103" count="4" type="stmt"/>
        <line num="104" count="4" type="stmt"/>
        <line num="106" count="5" type="cond" truecount="1" falsecount="0"/>
        <line num="107" count="2" type="stmt"/>
        <line num="108" count="2" type="stmt"/>
        <line num="111" count="5" type="stmt"/>
        <line num="121" count="4" type="stmt"/>
        <line num="122" count="4" type="stmt"/>
        <line num="131" count="1" type="stmt"/>
        <line num="132" count="17" type="stmt"/>
        <line num="133" count="17" type="stmt"/>
        <line num="134" count="17" type="stmt"/>
        <line num="136" count="17" type="stmt"/>
        <line num="137" count="17" type="cond" truecount="1" falsecount="0"/>
        <line num="138" count="9" type="cond" truecount="1" falsecount="0"/>
        <line num="140" count="8" type="cond" truecount="1" falsecount="0"/>
        <line num="141" count="8" type="cond" truecount="1" falsecount="0"/>
        <line num="143" count="0" type="stmt"/>
        <line num="145" count="2" type="stmt"/>
        <line num="146" count="2" type="stmt"/>
      </file>
      <file name="ocr.handler.ts" path="/workspaces/CantiereSnap/backend/handlers/ocr.handler.ts">
        <metrics statements="145" coveredstatements="139" conditionals="82" coveredconditionals="71" methods="16" coveredmethods="16"/>
        <line num="2" count="1" type="stmt"/>
        <line num="3" count="1" type="stmt"/>
        <line num="4" count="1" type="stmt"/>
        <line num="5" count="1" type="stmt"/>
        <line num="6" count="1" type="stmt"/>
        <line num="7" count="1" type="stmt"/>
        <line num="8" count="1" type="stmt"/>
        <line num="9" count="1" type="stmt"/>
        <line num="19" count="1" type="stmt"/>
        <line num="20" count="1" type="stmt"/>
        <line num="21" count="1" type="stmt"/>
        <line num="24" count="1" type="stmt"/>
        <line num="34" count="80" type="stmt"/>
        <line num="38" count="25" type="stmt"/>
        <line num="39" count="25" type="cond" truecount="1" falsecount="1"/>
        <line num="41" count="0" type="stmt"/>
        <line num="46" count="34" type="stmt"/>
        <line num="50" count="7" type="stmt"/>
        <line num="62" count="4" type="stmt"/>
        <line num="63" count="4" type="stmt"/>
        <line num="64" count="4" type="cond" truecount="3" falsecount="1"/>
        <line num="65" count="4" type="stmt"/>
        <line num="66" count="4" type="stmt"/>
        <line num="67" count="4" type="cond" truecount="1" falsecount="1"/>
        <line num="69" count="0" type="stmt"/>
        <line num="74" count="13" type="stmt"/>
        <line num="83" count="13" type="cond" truecount="3" falsecount="0"/>
        <line num="84" count="2" type="stmt"/>
        <line num="86" count="11" type="stmt"/>
        <line num="97" count="10" type="stmt"/>
        <line num="98" count="10" type="cond" truecount="1" falsecount="0"/>
        <line num="99" count="9" type="stmt"/>
        <line num="101" count="9" type="stmt"/>
        <line num="103" count="9" type="cond" truecount="3" falsecount="0"/>
        <line num="104" count="1" type="stmt"/>
        <line num="106" count="8" type="cond" truecount="1" falsecount="0"/>
        <line num="107" count="1" type="stmt"/>
        <line num="109" count="7" type="stmt"/>
        <line num="115" count="7" type="cond" truecount="1" falsecount="0"/>
        <line num="118" count="6" type="stmt"/>
        <line num="119" count="6" type="stmt"/>
        <line num="120" count="6" type="stmt"/>
        <line num="121" count="6" type="stmt"/>
        <line num="122" count="6" type="stmt"/>
        <line num="123" count="6" type="stmt"/>
        <line num="124" count="6" type="cond" truecount="1" falsecount="1"/>
        <line num="126" count="6" type="stmt"/>
        <line num="138" count="5" type="stmt"/>
        <line num="139" count="4" type="stmt"/>
        <line num="141" count="2" type="stmt"/>
        <line num="142" count="2" type="stmt"/>
        <line num="145" count="4" type="stmt"/>
        <line num="146" count="4" type="stmt"/>
        <line num="148" count="4" type="stmt"/>
        <line num="150" count="4" type="stmt"/>
        <line num="151" count="4" type="cond" truecount="2" falsecount="0"/>
        <line num="153" count="4" type="stmt"/>
        <line num="172" count="4" type="stmt"/>
        <line num="184" count="4" type="stmt"/>
        <line num="186" count="4" type="stmt"/>
        <line num="190" count="6" type="stmt"/>
        <line num="191" count="6" type="cond" truecount="1" falsecount="0"/>
        <line num="192" count="5" type="stmt"/>
        <line num="194" count="5" type="stmt"/>
        <line num="206" count="5" type="cond" truecount="1" falsecount="1"/>
        <line num="207" count="5" type="cond" truecount="2" falsecount="2"/>
        <line num="209" count="5" type="stmt"/>
        <line num="210" count="6" type="cond" truecount="1" falsecount="1"/>
        <line num="214" count="5" type="stmt"/>
        <line num="215" count="6" type="stmt"/>
        <line num="225" count="11" type="stmt"/>
        <line num="226" count="11" type="cond" truecount="1" falsecount="0"/>
        <line num="227" count="10" type="stmt"/>
        <line num="229" count="10" type="stmt"/>
        <line num="231" count="10" type="cond" truecount="4" falsecount="0"/>
        <line num="232" count="2" type="stmt"/>
        <line num="234" count="8" type="cond" truecount="1" falsecount="0"/>
        <line num="235" count="1" type="stmt"/>
        <line num="237" count="7" type="cond" truecount="3" falsecount="0"/>
        <line num="238" count="2" type="stmt"/>
        <line num="240" count="5" type="cond" truecount="3" falsecount="0"/>
        <line num="241" count="1" type="stmt"/>
        <line num="243" count="4" type="stmt"/>
        <line num="249" count="4" type="cond" truecount="1" falsecount="0"/>
        <line num="251" count="3" type="stmt"/>
        <line num="252" count="3" type="stmt"/>
        <line num="253" count="3" type="stmt"/>
        <line num="255" count="3" type="stmt"/>
        <line num="274" count="3" type="stmt"/>
        <line num="291" count="8" type="stmt"/>
        <line num="292" count="8" type="cond" truecount="1" falsecount="0"/>
        <line num="293" count="7" type="stmt"/>
        <line num="295" count="7" type="stmt"/>
        <line num="296" count="7" type="stmt"/>
        <line num="298" count="7" type="stmt"/>
        <line num="301" count="7" type="cond" truecount="1" falsecount="0"/>
        <line num="303" count="6" type="stmt"/>
        <line num="305" count="6" type="cond" truecount="1" falsecount="0"/>
        <line num="311" count="1" type="stmt"/>
        <line num="317" count="5" type="cond" truecount="4" falsecount="0"/>
        <line num="318" count="1" type="stmt"/>
        <line num="320" count="4" type="cond" truecount="4" falsecount="0"/>
        <line num="321" count="1" type="stmt"/>
        <line num="323" count="3" type="stmt"/>
        <line num="324" count="3" type="stmt"/>
        <line num="326" count="3" type="cond" truecount="1" falsecount="0"/>
        <line num="327" count="2" type="stmt"/>
        <line num="328" count="2" type="stmt"/>
        <line num="330" count="3" type="cond" truecount="0" falsecount="1"/>
        <line num="331" count="0" type="stmt"/>
        <line num="332" count="0" type="stmt"/>
        <line num="334" count="3" type="cond" truecount="1" falsecount="0"/>
        <line num="335" count="1" type="stmt"/>
        <line num="336" count="1" type="stmt"/>
        <line num="339" count="3" type="stmt"/>
        <line num="348" count="3" type="stmt"/>
        <line num="349" count="3" type="stmt"/>
        <line num="359" count="3" type="stmt"/>
        <line num="367" count="4" type="stmt"/>
        <line num="368" count="4" type="cond" truecount="1" falsecount="0"/>
        <line num="369" count="3" type="stmt"/>
        <line num="371" count="3" type="stmt"/>
        <line num="372" count="3" type="stmt"/>
        <line num="374" count="3" type="stmt"/>
        <line num="377" count="3" type="cond" truecount="1" falsecount="0"/>
        <line num="379" count="2" type="stmt"/>
        <line num="388" count="2" type="stmt"/>
        <line num="393" count="1" type="stmt"/>
        <line num="394" count="40" type="stmt"/>
        <line num="395" count="40" type="stmt"/>
        <line num="396" count="40" type="stmt"/>
        <line num="397" count="40" type="cond" truecount="1" falsecount="1"/>
        <line num="398" count="40" type="cond" truecount="2" falsecount="0"/>
        <line num="400" count="40" type="stmt"/>
        <line num="401" count="40" type="cond" truecount="3" falsecount="0"/>
        <line num="402" count="10" type="stmt"/>
        <line num="404" count="30" type="cond" truecount="1" falsecount="0"/>
        <line num="405" count="17" type="cond" truecount="1" falsecount="0"/>
        <line num="406" count="11" type="cond" truecount="1" falsecount="0"/>
        <line num="409" count="13" type="cond" truecount="1" falsecount="0"/>
        <line num="410" count="12" type="cond" truecount="1" falsecount="0"/>
        <line num="411" count="4" type="cond" truecount="1" falsecount="0"/>
        <line num="414" count="1" type="stmt"/>
        <line num="416" count="0" type="stmt"/>
        <line num="417" count="0" type="stmt"/>
      </file>
      <file name="photos.handler.ts" path="/workspaces/CantiereSnap/backend/handlers/photos.handler.ts">
        <metrics statements="120" coveredstatements="117" conditionals="76" coveredconditionals="56" methods="13" coveredmethods="13"/>
        <line num="2" count="1" type="stmt"/>
        <line num="3" count="1" type="stmt"/>
        <line num="4" count="1" type="stmt"/>
        <line num="5" count="1" type="stmt"/>
        <line num="6" count="1" type="stmt"/>
        <line num="7" count="1" type="stmt"/>
        <line num="8" count="1" type="stmt"/>
        <line num="10" count="1" type="stmt"/>
        <line num="11" count="1" type="stmt"/>
        <line num="12" count="1" type="stmt"/>
        <line num="14" count="1" type="stmt"/>
        <line num="15" count="1" type="stmt"/>
        <line num="16" count="1" type="stmt"/>
        <line num="17" count="1" type="stmt"/>
        <line num="20" count="1" type="stmt"/>
        <line num="27" count="70" type="stmt"/>
        <line num="31" count="20" type="stmt"/>
        <line num="32" count="20" type="cond" truecount="1" falsecount="1"/>
        <line num="34" count="0" type="stmt"/>
        <line num="39" count="35" type="stmt"/>
        <line num="43" count="6" type="stmt"/>
        <line num="47" count="5" type="stmt"/>
        <line num="66" count="10" type="stmt"/>
        <line num="67" count="10" type="cond" truecount="0" falsecount="1"/>
        <line num="68" count="10" type="stmt"/>
        <line num="70" count="10" type="stmt"/>
        <line num="72" count="10" type="cond" truecount="3" falsecount="0"/>
        <line num="73" count="1" type="stmt"/>
        <line num="75" count="9" type="cond" truecount="1" falsecount="1"/>
        <line num="78" count="9" type="cond" truecount="1" falsecount="0"/>
        <line num="79" count="1" type="stmt"/>
        <line num="85" count="8" type="cond" truecount="3" falsecount="0"/>
        <line num="86" count="1" type="stmt"/>
        <line num="92" count="7" type="cond" truecount="3" falsecount="0"/>
        <line num="93" count="1" type="stmt"/>
        <line num="95" count="6" type="stmt"/>
        <line num="96" count="6" type="cond" truecount="1" falsecount="1"/>
        <line num="97" count="6" type="stmt"/>
        <line num="99" count="6" type="stmt"/>
        <line num="101" count="5" type="stmt"/>
        <line num="119" count="10" type="stmt"/>
        <line num="120" count="10" type="cond" truecount="0" falsecount="1"/>
        <line num="121" count="10" type="stmt"/>
        <line num="123" count="10" type="stmt"/>
        <line num="131" count="10" type="cond" truecount="3" falsecount="0"/>
        <line num="132" count="1" type="stmt"/>
        <line num="134" count="9" type="cond" truecount="3" falsecount="0"/>
        <line num="135" count="1" type="stmt"/>
        <line num="137" count="8" type="cond" truecount="3" falsecount="0"/>
        <line num="138" count="1" type="stmt"/>
        <line num="140" count="7" type="cond" truecount="2" falsecount="1"/>
        <line num="141" count="0" type="stmt"/>
        <line num="144" count="7" type="cond" truecount="1" falsecount="0"/>
        <line num="145" count="1" type="stmt"/>
        <line num="147" count="6" type="stmt"/>
        <line num="150" count="5" type="cond" truecount="1" falsecount="0"/>
        <line num="152" count="4" type="stmt"/>
        <line num="153" count="4" type="stmt"/>
        <line num="154" count="4" type="stmt"/>
        <line num="156" count="4" type="stmt"/>
        <line num="176" count="4" type="stmt"/>
        <line num="177" count="4" type="stmt"/>
        <line num="178" count="4" type="stmt"/>
        <line num="179" count="4" type="stmt"/>
        <line num="195" count="3" type="stmt"/>
        <line num="196" count="3" type="cond" truecount="1" falsecount="0"/>
        <line num="197" count="3" type="stmt"/>
        <line num="198" count="3" type="stmt"/>
        <line num="208" count="1" type="stmt"/>
        <line num="211" count="4" type="stmt"/>
        <line num="213" count="4" type="stmt"/>
        <line num="227" count="6" type="stmt"/>
        <line num="228" count="6" type="cond" truecount="0" falsecount="1"/>
        <line num="229" count="6" type="stmt"/>
        <line num="231" count="6" type="stmt"/>
        <line num="244" count="5" type="cond" truecount="1" falsecount="1"/>
        <line num="245" count="5" type="stmt"/>
        <line num="246" count="1" type="cond" truecount="2" falsecount="2"/>
        <line num="249" count="5" type="stmt"/>
        <line num="251" count="4" type="stmt"/>
        <line num="252" count="4" type="stmt"/>
        <line num="256" count="5" type="stmt"/>
        <line num="264" count="4" type="stmt"/>
        <line num="265" count="4" type="cond" truecount="0" falsecount="1"/>
        <line num="266" count="4" type="stmt"/>
        <line num="268" count="4" type="stmt"/>
        <line num="275" count="3" type="cond" truecount="3" falsecount="0"/>
        <line num="276" count="2" type="stmt"/>
        <line num="278" count="1" type="stmt"/>
        <line num="279" count="1" type="stmt"/>
        <line num="280" count="1" type="stmt"/>
        <line num="288" count="5" type="stmt"/>
        <line num="289" count="5" type="cond" truecount="0" falsecount="1"/>
        <line num="290" count="5" type="stmt"/>
        <line num="292" count="5" type="stmt"/>
        <line num="293" count="5" type="stmt"/>
        <line num="295" count="5" type="stmt"/>
        <line num="299" count="4" type="cond" truecount="3" falsecount="0"/>
        <line num="300" count="2" type="stmt"/>
        <line num="302" count="2" type="stmt"/>
        <line num="311" count="2" type="stmt"/>
        <line num="316" count="1" type="stmt"/>
        <line num="317" count="35" type="stmt"/>
        <line num="318" count="35" type="stmt"/>
        <line num="319" count="35" type="stmt"/>
        <line num="320" count="35" type="cond" truecount="1" falsecount="1"/>
        <line num="321" count="35" type="cond" truecount="2" falsecount="0"/>
        <line num="323" count="35" type="stmt"/>
        <line num="324" count="35" type="cond" truecount="3" falsecount="0"/>
        <line num="325" count="10" type="stmt"/>
        <line num="327" count="25" type="cond" truecount="1" falsecount="0"/>
        <line num="328" count="16" type="cond" truecount="1" falsecount="0"/>
        <line num="329" count="6" type="cond" truecount="1" falsecount="0"/>
        <line num="332" count="9" type="cond" truecount="1" falsecount="0"/>
        <line num="333" count="9" type="cond" truecount="1" falsecount="0"/>
        <line num="334" count="5" type="cond" truecount="0" falsecount="1"/>
        <line num="335" count="5" type="cond" truecount="1" falsecount="0"/>
        <line num="338" count="0" type="stmt"/>
        <line num="340" count="5" type="stmt"/>
        <line num="341" count="5" type="stmt"/>
      </file>
      <file name="quotes.handler.ts" path="/workspaces/CantiereSnap/backend/handlers/quotes.handler.ts">
        <metrics statements="212" coveredstatements="203" conditionals="88" coveredconditionals="60" methods="35" coveredmethods="33"/>
        <line num="2" count="1" type="stmt"/>
        <line num="3" count="1" type="stmt"/>
        <line num="4" count="1" type="stmt"/>
        <line num="5" count="1" type="stmt"/>
        <line num="6" count="1" type="stmt"/>
        <line num="7" count="1" type="stmt"/>
        <line num="8" count="1" type="stmt"/>
        <line num="18" count="1" type="stmt"/>
        <line num="19" count="1" type="stmt"/>
        <line num="20" count="1" type="stmt"/>
        <line num="21" count="1" type="stmt"/>
        <line num="45" count="82" type="stmt"/>
        <line num="49" count="23" type="stmt"/>
        <line num="50" count="23" type="cond" truecount="1" falsecount="1"/>
        <line num="52" count="0" type="stmt"/>
        <line num="57" count="41" type="stmt"/>
        <line num="61" count="25" type="stmt"/>
        <line num="66" count="1" type="stmt"/>
        <line num="91" count="9" type="stmt"/>
        <line num="92" count="9" type="cond" truecount="1" falsecount="0"/>
        <line num="93" count="9" type="stmt"/>
        <line num="98" count="8" type="stmt"/>
        <line num="99" count="8" type="stmt"/>
        <line num="100" count="8" type="cond" truecount="4" falsecount="0"/>
        <line num="101" count="1" type="stmt"/>
        <line num="102" count="7" type="stmt"/>
        <line num="103" count="7" type="stmt"/>
        <line num="104" count="7" type="cond" truecount="0" falsecount="1"/>
        <line num="105" count="7" type="stmt"/>
        <line num="109" count="7" type="stmt"/>
        <line num="110" count="13" type="stmt"/>
        <line num="111" count="13" type="cond" truecount="1" falsecount="1"/>
        <line num="112" count="13" type="cond" truecount="1" falsecount="1"/>
        <line num="113" count="13" type="stmt"/>
        <line num="127" count="3" type="stmt"/>
        <line num="128" count="3" type="stmt"/>
        <line num="129" count="3" type="stmt"/>
        <line num="131" count="3" type="stmt"/>
        <line num="132" count="3" type="stmt"/>
        <line num="133" count="3" type="stmt"/>
        <line num="135" count="3" type="stmt"/>
        <line num="136" count="3" type="stmt"/>
        <line num="137" count="3" type="stmt"/>
        <line num="139" count="3" type="stmt"/>
        <line num="140" count="3" type="stmt"/>
        <line num="141" count="3" type="stmt"/>
        <line num="142" count="3" type="stmt"/>
        <line num="143" count="3" type="stmt"/>
        <line num="145" count="3" type="stmt"/>
        <line num="146" count="3" type="stmt"/>
        <line num="147" count="3" type="stmt"/>
        <line num="148" count="3" type="stmt"/>
        <line num="149" count="3" type="stmt"/>
        <line num="150" count="3" type="stmt"/>
        <line num="151" count="3" type="stmt"/>
        <line num="152" count="3" type="stmt"/>
        <line num="154" count="3" type="stmt"/>
        <line num="155" count="3" type="stmt"/>
        <line num="156" count="4" type="stmt"/>
        <line num="157" count="4" type="stmt"/>
        <line num="158" count="4" type="stmt"/>
        <line num="159" count="4" type="stmt"/>
        <line num="160" count="4" type="stmt"/>
        <line num="161" count="4" type="stmt"/>
        <line num="162" count="4" type="stmt"/>
        <line num="165" count="3" type="stmt"/>
        <line num="166" count="3" type="stmt"/>
        <line num="167" count="3" type="stmt"/>
        <line num="168" count="3" type="stmt"/>
        <line num="169" count="3" type="stmt"/>
        <line num="170" count="3" type="stmt"/>
        <line num="171" count="3" type="stmt"/>
        <line num="173" count="3" type="stmt"/>
        <line num="185" count="13" type="stmt"/>
        <line num="186" count="13" type="cond" truecount="0" falsecount="1"/>
        <line num="187" count="13" type="stmt"/>
        <line num="189" count="13" type="stmt"/>
        <line num="190" count="13" type="cond" truecount="1" falsecount="1"/>
        <line num="192" count="13" type="cond" truecount="1" falsecount="0"/>
        <line num="193" count="1" type="stmt"/>
        <line num="195" count="12" type="stmt"/>
        <line num="204" count="11" type="cond" truecount="1" falsecount="0"/>
        <line num="205" count="10" type="cond" truecount="1" falsecount="0"/>
        <line num="207" count="9" type="stmt"/>
        <line num="208" count="9" type="stmt"/>
        <line num="211" count="9" type="stmt"/>
        <line num="212" count="9" type="stmt"/>
        <line num="218" count="8" type="stmt"/>
        <line num="219" count="8" type="stmt"/>
        <line num="220" count="8" type="stmt"/>
        <line num="222" count="2" type="stmt"/>
        <line num="223" count="2" type="stmt"/>
        <line num="226" count="7" type="stmt"/>
        <line num="228" count="7" type="cond" truecount="2" falsecount="1"/>
        <line num="229" count="0" type="stmt"/>
        <line num="231" count="7" type="stmt"/>
        <line num="232" count="13" type="stmt"/>
        <line num="233" count="7" type="stmt"/>
        <line num="235" count="7" type="stmt"/>
        <line num="258" count="13" type="stmt"/>
        <line num="278" count="7" type="stmt"/>
        <line num="294" count="5" type="stmt"/>
        <line num="295" count="5" type="cond" truecount="0" falsecount="1"/>
        <line num="296" count="5" type="stmt"/>
        <line num="298" count="5" type="stmt"/>
        <line num="309" count="4" type="cond" truecount="1" falsecount="1"/>
        <line num="310" count="4" type="stmt"/>
        <line num="311" count="4" type="cond" truecount="1" falsecount="0"/>
        <line num="313" count="3" type="stmt"/>
        <line num="314" count="6" type="stmt"/>
        <line num="315" count="1" type="stmt"/>
        <line num="317" count="3" type="stmt"/>
        <line num="327" count="3" type="stmt"/>
        <line num="343" count="10" type="stmt"/>
        <line num="344" count="10" type="cond" truecount="0" falsecount="1"/>
        <line num="345" count="10" type="stmt"/>
        <line num="347" count="10" type="stmt"/>
        <line num="348" count="10" type="cond" truecount="3" falsecount="0"/>
        <line num="349" count="2" type="stmt"/>
        <line num="351" count="8" type="cond" truecount="0" falsecount="1"/>
        <line num="352" count="0" type="stmt"/>
        <line num="354" count="8" type="stmt"/>
        <line num="355" count="13" type="stmt"/>
        <line num="356" count="13" type="cond" truecount="1" falsecount="1"/>
        <line num="357" count="13" type="cond" truecount="3" falsecount="0"/>
        <line num="358" count="1" type="stmt"/>
        <line num="359" count="12" type="stmt"/>
        <line num="360" count="12" type="cond" truecount="3" falsecount="0"/>
        <line num="361" count="1" type="stmt"/>
        <line num="362" count="11" type="cond" truecount="1" falsecount="1"/>
        <line num="363" count="11" type="cond" truecount="2" falsecount="1"/>
        <line num="364" count="0" type="stmt"/>
        <line num="365" count="11" type="stmt"/>
        <line num="366" count="11" type="cond" truecount="3" falsecount="0"/>
        <line num="367" count="1" type="stmt"/>
        <line num="370" count="5" type="stmt"/>
        <line num="372" count="5" type="stmt"/>
        <line num="383" count="4" type="cond" truecount="1" falsecount="0"/>
        <line num="385" count="3" type="stmt"/>
        <line num="386" count="6" type="stmt"/>
        <line num="387" count="6" type="stmt"/>
        <line num="388" count="6" type="stmt"/>
        <line num="398" count="6" type="stmt"/>
        <line num="399" count="3" type="stmt"/>
        <line num="400" count="3" type="cond" truecount="1" falsecount="1"/>
        <line num="402" count="3" type="stmt"/>
        <line num="415" count="6" type="stmt"/>
        <line num="416" count="3" type="stmt"/>
        <line num="417" count="4" type="stmt"/>
        <line num="418" count="0" type="stmt"/>
        <line num="422" count="6" type="stmt"/>
        <line num="442" count="3" type="stmt"/>
        <line num="454" count="7" type="stmt"/>
        <line num="455" count="7" type="cond" truecount="0" falsecount="1"/>
        <line num="456" count="7" type="stmt"/>
        <line num="458" count="7" type="stmt"/>
        <line num="467" count="6" type="cond" truecount="1" falsecount="0"/>
        <line num="468" count="5" type="cond" truecount="1" falsecount="0"/>
        <line num="470" count="4" type="stmt"/>
        <line num="471" count="4" type="stmt"/>
        <line num="473" count="4" type="cond" truecount="1" falsecount="0"/>
        <line num="474" count="1" type="stmt"/>
        <line num="476" count="3" type="stmt"/>
        <line num="477" count="3" type="stmt"/>
        <line num="489" count="3" type="stmt"/>
        <line num="490" count="3" type="cond" truecount="1" falsecount="0"/>
        <line num="491" count="2" type="stmt"/>
        <line num="506" count="3" type="stmt"/>
        <line num="508" count="3" type="stmt"/>
        <line num="518" count="6" type="stmt"/>
        <line num="519" count="6" type="cond" truecount="0" falsecount="1"/>
        <line num="520" count="6" type="stmt"/>
        <line num="522" count="6" type="stmt"/>
        <line num="538" count="5" type="cond" truecount="1" falsecount="1"/>
        <line num="539" count="5" type="stmt"/>
        <line num="540" count="5" type="cond" truecount="1" falsecount="0"/>
        <line num="541" count="4" type="cond" truecount="1" falsecount="0"/>
        <line num="543" count="3" type="stmt"/>
        <line num="544" count="7" type="stmt"/>
        <line num="545" count="1" type="stmt"/>
        <line num="546" count="4" type="stmt"/>
        <line num="555" count="3" type="cond" truecount="1" falsecount="1"/>
        <line num="556" count="3" type="cond" truecount="1" falsecount="1"/>
        <line num="558" count="3" type="stmt"/>
        <line num="559" count="3" type="stmt"/>
        <line num="560" count="3" type="stmt"/>
        <line num="562" count="3" type="stmt"/>
        <line num="571" count="3" type="stmt"/>
        <line num="573" count="3" type="stmt"/>
        <line num="583" count="1" type="stmt"/>
        <line num="584" count="41" type="stmt"/>
        <line num="585" count="41" type="stmt"/>
        <line num="586" count="41" type="stmt"/>
        <line num="587" count="41" type="cond" truecount="1" falsecount="1"/>
        <line num="589" count="41" type="stmt"/>
        <line num="590" count="41" type="cond" truecount="1" falsecount="0"/>
        <line num="591" count="15" type="cond" truecount="1" falsecount="0"/>
        <line num="592" count="10" type="cond" truecount="1" falsecount="0"/>
        <line num="594" count="26" type="cond" truecount="3" falsecount="0"/>
        <line num="595" count="13" type="stmt"/>
        <line num="596" count="13" type="cond" truecount="0" falsecount="1"/>
        <line num="597" count="0" type="cond" truecount="0" falsecount="1"/>
        <line num="599" count="13" type="cond" truecount="0" falsecount="1"/>
        <line num="600" count="0" type="cond" truecount="0" falsecount="1"/>
        <line num="601" count="0" type="cond" truecount="0" falsecount="1"/>
        <line num="603" count="13" type="cond" truecount="3" falsecount="0"/>
        <line num="604" count="7" type="stmt"/>
        <line num="605" count="6" type="cond" truecount="3" falsecount="0"/>
        <line num="606" count="6" type="stmt"/>
        <line num="607" count="0" type="stmt"/>
        <line num="609" count="5" type="stmt"/>
        <line num="610" count="5" type="stmt"/>
      </file>
    </package>
    <package name="shared">
      <metrics statements="64" coveredstatements="61" conditionals="17" coveredconditionals="11" methods="28" coveredmethods="25"/>
      <file name="email-templates.ts" path="/workspaces/CantiereSnap/backend/shared/email-templates.ts">
        <metrics statements="18" coveredstatements="18" conditionals="0" coveredconditionals="0" methods="5" coveredmethods="5"/>
        <line num="3" count="2" type="stmt"/>
        <line num="29" count="38" type="stmt"/>
        <line num="57" count="2" type="stmt"/>
        <line num="58" count="7" type="stmt"/>
        <line num="82" count="7" type="stmt"/>
        <line num="89" count="7" type="stmt"/>
        <line num="105" count="2" type="stmt"/>
        <line num="106" count="5" type="stmt"/>
        <line num="127" count="5" type="stmt"/>
        <line num="135" count="5" type="stmt"/>
        <line num="148" count="2" type="stmt"/>
        <line num="149" count="15" type="stmt"/>
        <line num="169" count="15" type="stmt"/>
        <line num="175" count="15" type="stmt"/>
        <line num="188" count="2" type="stmt"/>
        <line num="189" count="11" type="stmt"/>
        <line num="209" count="11" type="stmt"/>
        <line num="215" count="11" type="stmt"/>
      </file>
      <file name="fatturapa.ts" path="/workspaces/CantiereSnap/backend/shared/fatturapa.ts">
        <metrics statements="8" coveredstatements="8" conditionals="2" coveredconditionals="1" methods="4" coveredmethods="4"/>
        <line num="3" count="1" type="stmt"/>
        <line num="4" count="63" type="stmt"/>
        <line num="6" count="27" type="stmt"/>
        <line num="50" count="1" type="stmt"/>
        <line num="51" count="3" type="stmt"/>
        <line num="53" count="3" type="stmt"/>
        <line num="66" count="3" type="cond" truecount="1" falsecount="1"/>
        <line num="68" count="3" type="stmt"/>
      </file>
      <file name="logger.ts" path="/workspaces/CantiereSnap/backend/shared/logger.ts">
        <metrics statements="10" coveredstatements="10" conditionals="6" coveredconditionals="6" methods="5" coveredmethods="5"/>
        <line num="19" count="1" type="stmt"/>
        <line num="21" count="9" type="stmt"/>
        <line num="30" count="9" type="stmt"/>
        <line num="31" count="9" type="cond" truecount="2" falsecount="0"/>
        <line num="32" count="1" type="stmt"/>
        <line num="34" count="8" type="stmt"/>
        <line num="38" count="8" type="stmt"/>
        <line num="39" count="7" type="stmt"/>
        <line num="40" count="1" type="stmt"/>
        <line num="41" count="1" type="stmt"/>
      </file>
      <file name="response.ts" path="/workspaces/CantiereSnap/backend/shared/response.ts">
        <metrics statements="19" coveredstatements="19" conditionals="5" coveredconditionals="2" methods="11" coveredmethods="11"/>
        <line num="3" count="9" type="stmt"/>
        <line num="9" count="301" type="stmt"/>
        <line num="15" count="104" type="stmt"/>
        <line num="17" count="24" type="stmt"/>
        <line num="19" count="9" type="stmt"/>
        <line num="24" count="91" type="cond" truecount="2" falsecount="0"/>
        <line num="26" count="9" type="cond" truecount="0" falsecount="1"/>
        <line num="27" count="42" type="stmt"/>
        <line num="29" count="9" type="stmt"/>
        <line num="30" count="4" type="stmt"/>
        <line num="32" count="9" type="stmt"/>
        <line num="33" count="3" type="stmt"/>
        <line num="35" count="9" type="cond" truecount="0" falsecount="1"/>
        <line num="36" count="1" type="stmt"/>
        <line num="38" count="9" type="stmt"/>
        <line num="44" count="9" type="cond" truecount="0" falsecount="1"/>
        <line num="45" count="4" type="stmt"/>
        <line num="47" count="9" type="stmt"/>
        <line num="48" count="28" type="stmt"/>
      </file>
      <file name="s3.ts" path="/workspaces/CantiereSnap/backend/shared/s3.ts">
        <metrics statements="9" coveredstatements="6" conditionals="4" coveredconditionals="2" methods="3" coveredmethods="0"/>
        <line num="1" count="1" type="stmt"/>
        <line num="2" count="1" type="stmt"/>
        <line num="4" count="1" type="stmt"/>
        <line num="10" count="1" type="stmt"/>
        <line num="11" count="0" type="stmt"/>
        <line num="14" count="1" type="cond" truecount="0" falsecount="1"/>
        <line num="15" count="0" type="stmt"/>
        <line num="18" count="1" type="stmt"/>
        <line num="24" count="0" type="stmt"/>
      </file>
    </package>
  </project>
</coverage>
