{"/workspaces/CantiereSnap/backend/handlers/auth.handler.ts": {"path":"/workspaces/CantiereSnap/backend/handlers/auth.handler.ts","statementMap":{"0":{"start":{"line":2,"column":0},"end":{"line":2,"column":48}},"1":{"start":{"line":3,"column":0},"end":{"line":3,"column":null}},"2":{"start":{"line":8,"column":0},"end":{"line":8,"column":78}},"3":{"start":{"line":9,"column":0},"end":{"line":9,"column":50}},"4":{"start":{"line":10,"column":0},"end":{"line":10,"column":47}},"5":{"start":{"line":11,"column":0},"end":{"line":11,"column":null}},"6":{"start":{"line":22,"column":14},"end":{"line":22,"column":37}},"7":{"start":{"line":23,"column":18},"end":{"line":23,"column":40}},"8":{"start":{"line":27,"column":17},"end":{"line":27,"column":45}},"9":{"start":{"line":28,"column":23},"end":{"line":28,"column":35}},"10":{"start":{"line":29,"column":26},"end":{"line":29,"column":43}},"11":{"start":{"line":30,"column":17},"end":{"line":30,"column":36}},"12":{"start":{"line":32,"column":27},"end":{"line":35,"column":2}},"13":{"start":{"line":40,"column":2},"end":{"line":44,"column":3}},"14":{"start":{"line":41,"column":4},"end":{"line":41,"column":47}},"15":{"start":{"line":43,"column":4},"end":{"line":43,"column":19}},"16":{"start":{"line":48,"column":2},"end":{"line":48,"column":47}},"17":{"start":{"line":52,"column":2},"end":{"line":52,"column":65}},"18":{"start":{"line":56,"column":2},"end":{"line":68,"column":4}},"19":{"start":{"line":74,"column":17},"end":{"line":74,"column":33}},"20":{"start":{"line":76,"column":17},"end":{"line":77,"column":null}},"21":{"start":{"line":80,"column":2},"end":{"line":80,"column":58}},"22":{"start":{"line":80,"column":20},"end":{"line":80,"column":58}},"23":{"start":{"line":81,"column":2},"end":{"line":81,"column":71}},"24":{"start":{"line":85,"column":17},"end":{"line":85,"column":33}},"25":{"start":{"line":87,"column":15},"end":{"line":95,"column":11}},"26":{"start":{"line":97,"column":2},"end":{"line":102,"column":3}},"27":{"start":{"line":98,"column":4},"end":{"line":99,"column":99}},"28":{"start":{"line":99,"column":6},"end":{"line":99,"column":99}},"29":{"start":{"line":100,"column":4},"end":{"line":101,"column":100}},"30":{"start":{"line":101,"column":6},"end":{"line":101,"column":100}},"31":{"start":{"line":104,"column":2},"end":{"line":109,"column":3}},"32":{"start":{"line":105,"column":4},"end":{"line":106,"column":107}},"33":{"start":{"line":106,"column":6},"end":{"line":106,"column":107}},"34":{"start":{"line":107,"column":4},"end":{"line":108,"column":108}},"35":{"start":{"line":108,"column":6},"end":{"line":108,"column":108}},"36":{"start":{"line":111,"column":2},"end":{"line":114,"column":3}},"37":{"start":{"line":112,"column":4},"end":{"line":113,"column":127}},"38":{"start":{"line":113,"column":6},"end":{"line":113,"column":127}},"39":{"start":{"line":116,"column":2},"end":{"line":119,"column":3}},"40":{"start":{"line":117,"column":4},"end":{"line":118,"column":114}},"41":{"start":{"line":118,"column":6},"end":{"line":118,"column":114}},"42":{"start":{"line":121,"column":2},"end":{"line":124,"column":3}},"43":{"start":{"line":122,"column":4},"end":{"line":123,"column":92}},"44":{"start":{"line":123,"column":6},"end":{"line":123,"column":92}},"45":{"start":{"line":126,"column":2},"end":{"line":130,"column":3}},"46":{"start":{"line":127,"column":14},"end":{"line":127,"column":26}},"47":{"start":{"line":128,"column":4},"end":{"line":129,"column":121}},"48":{"start":{"line":129,"column":6},"end":{"line":129,"column":121}},"49":{"start":{"line":132,"column":2},"end":{"line":135,"column":3}},"50":{"start":{"line":133,"column":4},"end":{"line":134,"column":116}},"51":{"start":{"line":134,"column":6},"end":{"line":134,"column":116}},"52":{"start":{"line":137,"column":26},"end":{"line":137,"column":131}},"53":{"start":{"line":138,"column":2},"end":{"line":139,"column":101}},"54":{"start":{"line":138,"column":33},"end":{"line":138,"column":54}},"55":{"start":{"line":139,"column":4},"end":{"line":139,"column":101}},"56":{"start":{"line":141,"column":19},"end":{"line":142,"column":null}},"57":{"start":{"line":144,"column":2},"end":{"line":144,"column":60}},"58":{"start":{"line":144,"column":22},"end":{"line":144,"column":60}},"59":{"start":{"line":146,"column":14},"end":{"line":146,"column":38}},"60":{"start":{"line":147,"column":28},"end":{"line":147,"column":54}},"61":{"start":{"line":148,"column":46},"end":{"line":148,"column":67}},"62":{"start":{"line":150,"column":2},"end":{"line":150,"column":124}},"63":{"start":{"line":150,"column":37},"end":{"line":150,"column":74}},"64":{"start":{"line":150,"column":75},"end":{"line":150,"column":122}},"65":{"start":{"line":151,"column":2},"end":{"line":151,"column":144}},"66":{"start":{"line":151,"column":41},"end":{"line":151,"column":86}},"67":{"start":{"line":151,"column":87},"end":{"line":151,"column":142}},"68":{"start":{"line":152,"column":2},"end":{"line":152,"column":127}},"69":{"start":{"line":152,"column":39},"end":{"line":152,"column":80}},"70":{"start":{"line":152,"column":81},"end":{"line":152,"column":125}},"71":{"start":{"line":153,"column":2},"end":{"line":153,"column":156}},"72":{"start":{"line":153,"column":42},"end":{"line":153,"column":89}},"73":{"start":{"line":153,"column":90},"end":{"line":153,"column":154}},"74":{"start":{"line":154,"column":2},"end":{"line":154,"column":142}},"75":{"start":{"line":154,"column":42},"end":{"line":154,"column":89}},"76":{"start":{"line":154,"column":90},"end":{"line":154,"column":140}},"77":{"start":{"line":155,"column":2},"end":{"line":155,"column":112}},"78":{"start":{"line":155,"column":36},"end":{"line":155,"column":71}},"79":{"start":{"line":155,"column":72},"end":{"line":155,"column":110}},"80":{"start":{"line":156,"column":2},"end":{"line":156,"column":102}},"81":{"start":{"line":156,"column":34},"end":{"line":156,"column":65}},"82":{"start":{"line":156,"column":66},"end":{"line":156,"column":100}},"83":{"start":{"line":158,"column":2},"end":{"line":165,"column":4}},"84":{"start":{"line":167,"column":18},"end":{"line":167,"column":58}},"85":{"start":{"line":168,"column":42},"end":{"line":168,"column":72}},"86":{"start":{"line":169,"column":2},"end":{"line":169,"column":74}},"87":{"start":{"line":169,"column":35},"end":{"line":169,"column":74}},"88":{"start":{"line":170,"column":2},"end":{"line":170,"column":86}},"89":{"start":{"line":170,"column":39},"end":{"line":170,"column":86}},"90":{"start":{"line":171,"column":2},"end":{"line":171,"column":73}},"91":{"start":{"line":171,"column":37},"end":{"line":171,"column":73}},"92":{"start":{"line":172,"column":2},"end":{"line":172,"column":96}},"93":{"start":{"line":172,"column":40},"end":{"line":172,"column":96}},"94":{"start":{"line":173,"column":2},"end":{"line":173,"column":82}},"95":{"start":{"line":173,"column":40},"end":{"line":173,"column":82}},"96":{"start":{"line":174,"column":2},"end":{"line":174,"column":64}},"97":{"start":{"line":174,"column":34},"end":{"line":174,"column":64}},"98":{"start":{"line":175,"column":2},"end":{"line":175,"column":58}},"99":{"start":{"line":175,"column":32},"end":{"line":175,"column":58}},"100":{"start":{"line":177,"column":2},"end":{"line":177,"column":39}},"101":{"start":{"line":181,"column":15},"end":{"line":181,"column":89}},"102":{"start":{"line":183,"column":2},"end":{"line":184,"column":77}},"103":{"start":{"line":184,"column":4},"end":{"line":184,"column":77}},"104":{"start":{"line":186,"column":2},"end":{"line":187,"column":97}},"105":{"start":{"line":187,"column":4},"end":{"line":187,"column":97}},"106":{"start":{"line":189,"column":19},"end":{"line":189,"column":46}},"107":{"start":{"line":190,"column":2},"end":{"line":191,"column":102}},"108":{"start":{"line":191,"column":4},"end":{"line":191,"column":102}},"109":{"start":{"line":192,"column":2},"end":{"line":193,"column":98}},"110":{"start":{"line":193,"column":4},"end":{"line":193,"column":98}},"111":{"start":{"line":195,"column":2},"end":{"line":239,"column":3}},"112":{"start":{"line":196,"column":25},"end":{"line":205,"column":null}},"113":{"start":{"line":208,"column":19},"end":{"line":208,"column":40}},"114":{"start":{"line":209,"column":16},"end":{"line":209,"column":40}},"115":{"start":{"line":212,"column":4},"end":{"line":226,"column":6}},"116":{"start":{"line":228,"column":4},"end":{"line":231,"column":7}},"117":{"start":{"line":233,"column":17},"end":{"line":233,"column":38}},"118":{"start":{"line":234,"column":4},"end":{"line":235,"column":76}},"119":{"start":{"line":235,"column":6},"end":{"line":235,"column":76}},"120":{"start":{"line":236,"column":4},"end":{"line":237,"column":105}},"121":{"start":{"line":237,"column":6},"end":{"line":237,"column":105}},"122":{"start":{"line":238,"column":4},"end":{"line":238,"column":14}},"123":{"start":{"line":243,"column":15},"end":{"line":243,"column":78}},"124":{"start":{"line":245,"column":2},"end":{"line":246,"column":77}},"125":{"start":{"line":246,"column":4},"end":{"line":246,"column":77}},"126":{"start":{"line":248,"column":2},"end":{"line":249,"column":95}},"127":{"start":{"line":249,"column":4},"end":{"line":249,"column":95}},"128":{"start":{"line":251,"column":2},"end":{"line":270,"column":3}},"129":{"start":{"line":252,"column":4},"end":{"line":258,"column":6}},"130":{"start":{"line":260,"column":4},"end":{"line":260,"column":66}},"131":{"start":{"line":262,"column":17},"end":{"line":262,"column":38}},"132":{"start":{"line":263,"column":4},"end":{"line":264,"column":105}},"133":{"start":{"line":264,"column":6},"end":{"line":264,"column":105}},"134":{"start":{"line":265,"column":4},"end":{"line":266,"column":67}},"135":{"start":{"line":266,"column":6},"end":{"line":266,"column":67}},"136":{"start":{"line":267,"column":4},"end":{"line":268,"column":77}},"137":{"start":{"line":268,"column":6},"end":{"line":268,"column":77}},"138":{"start":{"line":269,"column":4},"end":{"line":269,"column":14}},"139":{"start":{"line":274,"column":15},"end":{"line":274,"column":70}},"140":{"start":{"line":276,"column":2},"end":{"line":277,"column":77}},"141":{"start":{"line":277,"column":4},"end":{"line":277,"column":77}},"142":{"start":{"line":279,"column":2},"end":{"line":280,"column":79}},"143":{"start":{"line":280,"column":4},"end":{"line":280,"column":79}},"144":{"start":{"line":282,"column":2},"end":{"line":310,"column":3}},"145":{"start":{"line":283,"column":19},"end":{"line":291,"column":null}},"146":{"start":{"line":294,"column":17},"end":{"line":294,"column":45}},"147":{"start":{"line":295,"column":4},"end":{"line":300,"column":7}},"148":{"start":{"line":302,"column":17},"end":{"line":302,"column":38}},"149":{"start":{"line":303,"column":4},"end":{"line":304,"column":58}},"150":{"start":{"line":304,"column":6},"end":{"line":304,"column":58}},"151":{"start":{"line":305,"column":4},"end":{"line":308,"column":8}},"152":{"start":{"line":306,"column":6},"end":{"line":308,"column":8}},"153":{"start":{"line":309,"column":4},"end":{"line":309,"column":14}},"154":{"start":{"line":314,"column":15},"end":{"line":314,"column":58}},"155":{"start":{"line":316,"column":2},"end":{"line":317,"column":87}},"156":{"start":{"line":317,"column":4},"end":{"line":317,"column":87}},"157":{"start":{"line":319,"column":2},"end":{"line":341,"column":3}},"158":{"start":{"line":320,"column":19},"end":{"line":327,"column":null}},"159":{"start":{"line":330,"column":17},"end":{"line":330,"column":45}},"160":{"start":{"line":331,"column":4},"end":{"line":335,"column":7}},"161":{"start":{"line":337,"column":17},"end":{"line":337,"column":38}},"162":{"start":{"line":338,"column":4},"end":{"line":339,"column":77}},"163":{"start":{"line":339,"column":6},"end":{"line":339,"column":77}},"164":{"start":{"line":340,"column":4},"end":{"line":340,"column":14}},"165":{"start":{"line":346,"column":23},"end":{"line":366,"column":1}},"166":{"start":{"line":347,"column":14},"end":{"line":347,"column":74}},"167":{"start":{"line":348,"column":43},"end":{"line":348,"column":48}},"168":{"start":{"line":350,"column":2},"end":{"line":365,"column":3}},"169":{"start":{"line":351,"column":4},"end":{"line":351,"column":89}},"170":{"start":{"line":351,"column":60},"end":{"line":351,"column":89}},"171":{"start":{"line":352,"column":4},"end":{"line":352,"column":85}},"172":{"start":{"line":352,"column":58},"end":{"line":352,"column":85}},"173":{"start":{"line":353,"column":4},"end":{"line":353,"column":83}},"174":{"start":{"line":353,"column":57},"end":{"line":353,"column":83}},"175":{"start":{"line":354,"column":4},"end":{"line":354,"column":92}},"176":{"start":{"line":354,"column":59},"end":{"line":354,"column":92}},"177":{"start":{"line":356,"column":4},"end":{"line":359,"column":5}},"178":{"start":{"line":357,"column":6},"end":{"line":357,"column":59}},"179":{"start":{"line":357,"column":28},"end":{"line":357,"column":59}},"180":{"start":{"line":358,"column":6},"end":{"line":358,"column":62}},"181":{"start":{"line":358,"column":28},"end":{"line":358,"column":62}},"182":{"start":{"line":361,"column":4},"end":{"line":361,"column":43}},"183":{"start":{"line":363,"column":4},"end":{"line":363,"column":38}},"184":{"start":{"line":364,"column":4},"end":{"line":364,"column":27}},"185":{"start":{"line":346,"column":13},"end":{"line":346,"column":23}}},"fnMap":{"0":{"name":"parseBody","decl":{"start":{"line":39,"column":9},"end":{"line":39,"column":18}},"loc":{"start":{"line":39,"column":49},"end":{"line":45,"column":1}}},"1":{"name":"cognitoErrorName","decl":{"start":{"line":47,"column":9},"end":{"line":47,"column":25}},"loc":{"start":{"line":47,"column":38},"end":{"line":49,"column":1}}},"2":{"name":"getUserId","decl":{"start":{"line":51,"column":9},"end":{"line":51,"column":18}},"loc":{"start":{"line":51,"column":46},"end":{"line":53,"column":1}}},"3":{"name":"toProfileResponse","decl":{"start":{"line":55,"column":9},"end":{"line":55,"column":26}},"loc":{"start":{"line":55,"column":56},"end":{"line":69,"column":1}}},"4":{"name":"getProfile","decl":{"start":{"line":73,"column":15},"end":{"line":73,"column":25}},"loc":{"start":{"line":73,"column":53},"end":{"line":82,"column":1}}},"5":{"name":"updateProfile","decl":{"start":{"line":84,"column":15},"end":{"line":84,"column":28}},"loc":{"start":{"line":84,"column":56},"end":{"line":178,"column":1}}},"6":{"name":"(anonymous_6)","decl":{"start":{"line":138,"column":28},"end":{"line":138,"column":29}},"loc":{"start":{"line":138,"column":33},"end":{"line":138,"column":54}}},"7":{"name":"register","decl":{"start":{"line":180,"column":15},"end":{"line":180,"column":23}},"loc":{"start":{"line":180,"column":51},"end":{"line":240,"column":1}}},"8":{"name":"verify","decl":{"start":{"line":242,"column":15},"end":{"line":242,"column":21}},"loc":{"start":{"line":242,"column":49},"end":{"line":271,"column":1}}},"9":{"name":"login","decl":{"start":{"line":273,"column":15},"end":{"line":273,"column":20}},"loc":{"start":{"line":273,"column":48},"end":{"line":311,"column":1}}},"10":{"name":"refreshToken","decl":{"start":{"line":313,"column":15},"end":{"line":313,"column":27}},"loc":{"start":{"line":313,"column":55},"end":{"line":342,"column":1}}},"11":{"name":"(anonymous_11)","decl":{"start":{"line":346,"column":23},"end":{"line":346,"column":28}},"loc":{"start":{"line":346,"column":111},"end":{"line":366,"column":1}}}},"branchMap":{"0":{"loc":{"start":{"line":41,"column":22},"end":{"line":41,"column":40}},"type":"binary-expr","locations":[{"start":{"line":41,"column":22},"end":{"line":41,"column":32}},{"start":{"line":41,"column":36},"end":{"line":41,"column":40}}]},"1":{"loc":{"start":{"line":48,"column":10},"end":{"line":48,"column":46}},"type":"binary-expr","locations":[{"start":{"line":48,"column":10},"end":{"line":48,"column":40}},{"start":{"line":48,"column":44},"end":{"line":48,"column":46}}]},"2":{"loc":{"start":{"line":59,"column":14},"end":{"line":59,"column":35}},"type":"binary-expr","locations":[{"start":{"line":59,"column":14},"end":{"line":59,"column":27}},{"start":{"line":59,"column":31},"end":{"line":59,"column":35}}]},"3":{"loc":{"start":{"line":60,"column":18},"end":{"line":60,"column":43}},"type":"binary-expr","locations":[{"start":{"line":60,"column":18},"end":{"line":60,"column":35}},{"start":{"line":60,"column":39},"end":{"line":60,"column":43}}]},"4":{"loc":{"start":{"line":61,"column":16},"end":{"line":61,"column":39}},"type":"binary-expr","locations":[{"start":{"line":61,"column":16},"end":{"line":61,"column":31}},{"start":{"line":61,"column":35},"end":{"line":61,"column":39}}]},"5":{"loc":{"start":{"line":62,"column":19},"end":{"line":62,"column":45}},"type":"binary-expr","locations":[{"start":{"line":62,"column":19},"end":{"line":62,"column":37}},{"start":{"line":62,"column":41},"end":{"line":62,"column":45}}]},"6":{"loc":{"start":{"line":63,"column":19},"end":{"line":63,"column":45}},"type":"binary-expr","locations":[{"start":{"line":63,"column":19},"end":{"line":63,"column":37}},{"start":{"line":63,"column":41},"end":{"line":63,"column":45}}]},"7":{"loc":{"start":{"line":64,"column":13},"end":{"line":64,"column":33}},"type":"binary-expr","locations":[{"start":{"line":64,"column":13},"end":{"line":64,"column":25}},{"start":{"line":64,"column":29},"end":{"line":64,"column":33}}]},"8":{"loc":{"start":{"line":65,"column":11},"end":{"line":65,"column":29}},"type":"binary-expr","locations":[{"start":{"line":65,"column":11},"end":{"line":65,"column":21}},{"start":{"line":65,"column":25},"end":{"line":65,"column":29}}]},"9":{"loc":{"start":{"line":80,"column":2},"end":{"line":80,"column":58}},"type":"if","locations":[{"start":{"line":80,"column":2},"end":{"line":80,"column":58}}]},"10":{"loc":{"start":{"line":97,"column":2},"end":{"line":102,"column":3}},"type":"if","locations":[{"start":{"line":97,"column":2},"end":{"line":102,"column":3}}]},"11":{"loc":{"start":{"line":98,"column":4},"end":{"line":99,"column":99}},"type":"if","locations":[{"start":{"line":98,"column":4},"end":{"line":99,"column":99}}]},"12":{"loc":{"start":{"line":98,"column":8},"end":{"line":98,"column":76}},"type":"binary-expr","locations":[{"start":{"line":98,"column":8},"end":{"line":98,"column":41}},{"start":{"line":98,"column":45},"end":{"line":98,"column":76}}]},"13":{"loc":{"start":{"line":100,"column":4},"end":{"line":101,"column":100}},"type":"if","locations":[{"start":{"line":100,"column":4},"end":{"line":101,"column":100}}]},"14":{"loc":{"start":{"line":104,"column":2},"end":{"line":109,"column":3}},"type":"if","locations":[{"start":{"line":104,"column":2},"end":{"line":109,"column":3}}]},"15":{"loc":{"start":{"line":105,"column":4},"end":{"line":106,"column":107}},"type":"if","locations":[{"start":{"line":105,"column":4},"end":{"line":106,"column":107}}]},"16":{"loc":{"start":{"line":105,"column":8},"end":{"line":105,"column":84}},"type":"binary-expr","locations":[{"start":{"line":105,"column":8},"end":{"line":105,"column":45}},{"start":{"line":105,"column":49},"end":{"line":105,"column":84}}]},"17":{"loc":{"start":{"line":107,"column":4},"end":{"line":108,"column":108}},"type":"if","locations":[{"start":{"line":107,"column":4},"end":{"line":108,"column":108}}]},"18":{"loc":{"start":{"line":111,"column":2},"end":{"line":114,"column":3}},"type":"if","locations":[{"start":{"line":111,"column":2},"end":{"line":114,"column":3}}]},"19":{"loc":{"start":{"line":112,"column":4},"end":{"line":113,"column":127}},"type":"if","locations":[{"start":{"line":112,"column":4},"end":{"line":113,"column":127}}]},"20":{"loc":{"start":{"line":112,"column":8},"end":{"line":112,"column":84}},"type":"binary-expr","locations":[{"start":{"line":112,"column":8},"end":{"line":112,"column":43}},{"start":{"line":112,"column":47},"end":{"line":112,"column":84}}]},"21":{"loc":{"start":{"line":116,"column":2},"end":{"line":119,"column":3}},"type":"if","locations":[{"start":{"line":116,"column":2},"end":{"line":119,"column":3}}]},"22":{"loc":{"start":{"line":117,"column":4},"end":{"line":118,"column":114}},"type":"if","locations":[{"start":{"line":117,"column":4},"end":{"line":118,"column":114}}]},"23":{"loc":{"start":{"line":117,"column":8},"end":{"line":117,"column":93}},"type":"binary-expr","locations":[{"start":{"line":117,"column":8},"end":{"line":117,"column":46}},{"start":{"line":117,"column":50},"end":{"line":117,"column":93}}]},"24":{"loc":{"start":{"line":121,"column":2},"end":{"line":124,"column":3}},"type":"if","locations":[{"start":{"line":121,"column":2},"end":{"line":124,"column":3}}]},"25":{"loc":{"start":{"line":122,"column":4},"end":{"line":123,"column":92}},"type":"if","locations":[{"start":{"line":122,"column":4},"end":{"line":123,"column":92}}]},"26":{"loc":{"start":{"line":126,"column":2},"end":{"line":130,"column":3}},"type":"if","locations":[{"start":{"line":126,"column":2},"end":{"line":130,"column":3}}]},"27":{"loc":{"start":{"line":128,"column":4},"end":{"line":129,"column":121}},"type":"if","locations":[{"start":{"line":128,"column":4},"end":{"line":129,"column":121}}]},"28":{"loc":{"start":{"line":128,"column":8},"end":{"line":128,"column":67}},"type":"binary-expr","locations":[{"start":{"line":128,"column":8},"end":{"line":128,"column":17}},{"start":{"line":128,"column":21},"end":{"line":128,"column":28}},{"start":{"line":128,"column":32},"end":{"line":128,"column":43}},{"start":{"line":128,"column":47},"end":{"line":128,"column":53}},{"start":{"line":128,"column":57},"end":{"line":128,"column":67}}]},"29":{"loc":{"start":{"line":132,"column":2},"end":{"line":135,"column":3}},"type":"if","locations":[{"start":{"line":132,"column":2},"end":{"line":135,"column":3}}]},"30":{"loc":{"start":{"line":133,"column":4},"end":{"line":134,"column":116}},"type":"if","locations":[{"start":{"line":133,"column":4},"end":{"line":134,"column":116}}]},"31":{"loc":{"start":{"line":133,"column":8},"end":{"line":133,"column":68}},"type":"binary-expr","locations":[{"start":{"line":133,"column":8},"end":{"line":133,"column":38}},{"start":{"line":133,"column":42},"end":{"line":133,"column":68}}]},"32":{"loc":{"start":{"line":138,"column":2},"end":{"line":139,"column":101}},"type":"if","locations":[{"start":{"line":138,"column":2},"end":{"line":139,"column":101}}]},"33":{"loc":{"start":{"line":144,"column":2},"end":{"line":144,"column":60}},"type":"if","locations":[{"start":{"line":144,"column":2},"end":{"line":144,"column":60}}]},"34":{"loc":{"start":{"line":150,"column":2},"end":{"line":150,"column":124}},"type":"if","locations":[{"start":{"line":150,"column":2},"end":{"line":150,"column":124}}]},"35":{"loc":{"start":{"line":151,"column":2},"end":{"line":151,"column":144}},"type":"if","locations":[{"start":{"line":151,"column":2},"end":{"line":151,"column":144}}]},"36":{"loc":{"start":{"line":152,"column":2},"end":{"line":152,"column":127}},"type":"if","locations":[{"start":{"line":152,"column":2},"end":{"line":152,"column":127}}]},"37":{"loc":{"start":{"line":153,"column":2},"end":{"line":153,"column":156}},"type":"if","locations":[{"start":{"line":153,"column":2},"end":{"line":153,"column":156}}]},"38":{"loc":{"start":{"line":154,"column":2},"end":{"line":154,"column":142}},"type":"if","locations":[{"start":{"line":154,"column":2},"end":{"line":154,"column":142}}]},"39":{"loc":{"start":{"line":155,"column":2},"end":{"line":155,"column":112}},"type":"if","locations":[{"start":{"line":155,"column":2},"end":{"line":155,"column":112}}]},"40":{"loc":{"start":{"line":156,"column":2},"end":{"line":156,"column":102}},"type":"if","locations":[{"start":{"line":156,"column":2},"end":{"line":156,"column":102}}]},"41":{"loc":{"start":{"line":169,"column":2},"end":{"line":169,"column":74}},"type":"if","locations":[{"start":{"line":169,"column":2},"end":{"line":169,"column":74}}]},"42":{"loc":{"start":{"line":170,"column":2},"end":{"line":170,"column":86}},"type":"if","locations":[{"start":{"line":170,"column":2},"end":{"line":170,"column":86}}]},"43":{"loc":{"start":{"line":171,"column":2},"end":{"line":171,"column":73}},"type":"if","locations":[{"start":{"line":171,"column":2},"end":{"line":171,"column":73}}]},"44":{"loc":{"start":{"line":172,"column":2},"end":{"line":172,"column":96}},"type":"if","locations":[{"start":{"line":172,"column":2},"end":{"line":172,"column":96}}]},"45":{"loc":{"start":{"line":173,"column":2},"end":{"line":173,"column":82}},"type":"if","locations":[{"start":{"line":173,"column":2},"end":{"line":173,"column":82}}]},"46":{"loc":{"start":{"line":174,"column":2},"end":{"line":174,"column":64}},"type":"if","locations":[{"start":{"line":174,"column":2},"end":{"line":174,"column":64}}]},"47":{"loc":{"start":{"line":175,"column":2},"end":{"line":175,"column":58}},"type":"if","locations":[{"start":{"line":175,"column":2},"end":{"line":175,"column":58}}]},"48":{"loc":{"start":{"line":183,"column":2},"end":{"line":184,"column":77}},"type":"if","locations":[{"start":{"line":183,"column":2},"end":{"line":184,"column":77}}]},"49":{"loc":{"start":{"line":183,"column":6},"end":{"line":183,"column":47}},"type":"binary-expr","locations":[{"start":{"line":183,"column":6},"end":{"line":183,"column":17}},{"start":{"line":183,"column":21},"end":{"line":183,"column":47}}]},"50":{"loc":{"start":{"line":186,"column":2},"end":{"line":187,"column":97}},"type":"if","locations":[{"start":{"line":186,"column":2},"end":{"line":187,"column":97}}]},"51":{"loc":{"start":{"line":186,"column":6},"end":{"line":186,"column":48}},"type":"binary-expr","locations":[{"start":{"line":186,"column":6},"end":{"line":186,"column":20}},{"start":{"line":186,"column":24},"end":{"line":186,"column":48}}]},"52":{"loc":{"start":{"line":189,"column":19},"end":{"line":189,"column":46}},"type":"binary-expr","locations":[{"start":{"line":189,"column":19},"end":{"line":189,"column":40}},{"start":{"line":189,"column":44},"end":{"line":189,"column":46}}]},"53":{"loc":{"start":{"line":190,"column":2},"end":{"line":191,"column":102}},"type":"if","locations":[{"start":{"line":190,"column":2},"end":{"line":191,"column":102}}]},"54":{"loc":{"start":{"line":192,"column":2},"end":{"line":193,"column":98}},"type":"if","locations":[{"start":{"line":192,"column":2},"end":{"line":193,"column":98}}]},"55":{"loc":{"start":{"line":234,"column":4},"end":{"line":235,"column":76}},"type":"if","locations":[{"start":{"line":234,"column":4},"end":{"line":235,"column":76}}]},"56":{"loc":{"start":{"line":236,"column":4},"end":{"line":237,"column":105}},"type":"if","locations":[{"start":{"line":236,"column":4},"end":{"line":237,"column":105}}]},"57":{"loc":{"start":{"line":236,"column":8},"end":{"line":236,"column":83}},"type":"binary-expr","locations":[{"start":{"line":236,"column":8},"end":{"line":236,"column":43}},{"start":{"line":236,"column":47},"end":{"line":236,"column":83}}]},"58":{"loc":{"start":{"line":245,"column":2},"end":{"line":246,"column":77}},"type":"if","locations":[{"start":{"line":245,"column":2},"end":{"line":246,"column":77}}]},"59":{"loc":{"start":{"line":245,"column":6},"end":{"line":245,"column":47}},"type":"binary-expr","locations":[{"start":{"line":245,"column":6},"end":{"line":245,"column":17}},{"start":{"line":245,"column":21},"end":{"line":245,"column":47}}]},"60":{"loc":{"start":{"line":248,"column":2},"end":{"line":249,"column":95}},"type":"if","locations":[{"start":{"line":248,"column":2},"end":{"line":249,"column":95}}]},"61":{"loc":{"start":{"line":248,"column":6},"end":{"line":248,"column":67}},"type":"binary-expr","locations":[{"start":{"line":248,"column":6},"end":{"line":248,"column":28}},{"start":{"line":248,"column":32},"end":{"line":248,"column":67}}]},"62":{"loc":{"start":{"line":263,"column":4},"end":{"line":264,"column":105}},"type":"if","locations":[{"start":{"line":263,"column":4},"end":{"line":264,"column":105}}]},"63":{"loc":{"start":{"line":263,"column":8},"end":{"line":263,"column":75}},"type":"binary-expr","locations":[{"start":{"line":263,"column":8},"end":{"line":263,"column":40}},{"start":{"line":263,"column":44},"end":{"line":263,"column":75}}]},"64":{"loc":{"start":{"line":265,"column":4},"end":{"line":266,"column":67}},"type":"if","locations":[{"start":{"line":265,"column":4},"end":{"line":266,"column":67}}]},"65":{"loc":{"start":{"line":267,"column":4},"end":{"line":268,"column":77}},"type":"if","locations":[{"start":{"line":267,"column":4},"end":{"line":268,"column":77}}]},"66":{"loc":{"start":{"line":276,"column":2},"end":{"line":277,"column":77}},"type":"if","locations":[{"start":{"line":276,"column":2},"end":{"line":277,"column":77}}]},"67":{"loc":{"start":{"line":276,"column":6},"end":{"line":276,"column":47}},"type":"binary-expr","locations":[{"start":{"line":276,"column":6},"end":{"line":276,"column":17}},{"start":{"line":276,"column":21},"end":{"line":276,"column":47}}]},"68":{"loc":{"start":{"line":279,"column":2},"end":{"line":280,"column":79}},"type":"if","locations":[{"start":{"line":279,"column":2},"end":{"line":280,"column":79}}]},"69":{"loc":{"start":{"line":299,"column":17},"end":{"line":299,"column":43}},"type":"binary-expr","locations":[{"start":{"line":299,"column":17},"end":{"line":299,"column":31}},{"start":{"line":299,"column":35},"end":{"line":299,"column":43}}]},"70":{"loc":{"start":{"line":303,"column":4},"end":{"line":304,"column":58}},"type":"if","locations":[{"start":{"line":303,"column":4},"end":{"line":304,"column":58}}]},"71":{"loc":{"start":{"line":303,"column":8},"end":{"line":303,"column":77}},"type":"binary-expr","locations":[{"start":{"line":303,"column":8},"end":{"line":303,"column":41}},{"start":{"line":303,"column":45},"end":{"line":303,"column":77}}]},"72":{"loc":{"start":{"line":305,"column":4},"end":{"line":308,"column":8}},"type":"if","locations":[{"start":{"line":305,"column":4},"end":{"line":308,"column":8}}]},"73":{"loc":{"start":{"line":316,"column":2},"end":{"line":317,"column":87}},"type":"if","locations":[{"start":{"line":316,"column":2},"end":{"line":317,"column":87}}]},"74":{"loc":{"start":{"line":316,"column":6},"end":{"line":316,"column":59}},"type":"binary-expr","locations":[{"start":{"line":316,"column":6},"end":{"line":316,"column":24}},{"start":{"line":316,"column":28},"end":{"line":316,"column":59}}]},"75":{"loc":{"start":{"line":334,"column":17},"end":{"line":334,"column":43}},"type":"binary-expr","locations":[{"start":{"line":334,"column":17},"end":{"line":334,"column":31}},{"start":{"line":334,"column":35},"end":{"line":334,"column":43}}]},"76":{"loc":{"start":{"line":338,"column":4},"end":{"line":339,"column":77}},"type":"if","locations":[{"start":{"line":338,"column":4},"end":{"line":339,"column":77}}]},"77":{"loc":{"start":{"line":351,"column":4},"end":{"line":351,"column":89}},"type":"if","locations":[{"start":{"line":351,"column":4},"end":{"line":351,"column":89}}]},"78":{"loc":{"start":{"line":351,"column":8},"end":{"line":351,"column":58}},"type":"binary-expr","locations":[{"start":{"line":351,"column":8},"end":{"line":351,"column":37}},{"start":{"line":351,"column":41},"end":{"line":351,"column":58}}]},"79":{"loc":{"start":{"line":352,"column":4},"end":{"line":352,"column":85}},"type":"if","locations":[{"start":{"line":352,"column":4},"end":{"line":352,"column":85}}]},"80":{"loc":{"start":{"line":352,"column":8},"end":{"line":352,"column":56}},"type":"binary-expr","locations":[{"start":{"line":352,"column":8},"end":{"line":352,"column":35}},{"start":{"line":352,"column":39},"end":{"line":352,"column":56}}]},"81":{"loc":{"start":{"line":353,"column":4},"end":{"line":353,"column":83}},"type":"if","locations":[{"start":{"line":353,"column":4},"end":{"line":353,"column":83}}]},"82":{"loc":{"start":{"line":353,"column":8},"end":{"line":353,"column":55}},"type":"binary-expr","locations":[{"start":{"line":353,"column":8},"end":{"line":353,"column":34}},{"start":{"line":353,"column":38},"end":{"line":353,"column":55}}]},"83":{"loc":{"start":{"line":354,"column":4},"end":{"line":354,"column":92}},"type":"if","locations":[{"start":{"line":354,"column":4},"end":{"line":354,"column":92}}]},"84":{"loc":{"start":{"line":354,"column":8},"end":{"line":354,"column":57}},"type":"binary-expr","locations":[{"start":{"line":354,"column":8},"end":{"line":354,"column":36}},{"start":{"line":354,"column":40},"end":{"line":354,"column":57}}]},"85":{"loc":{"start":{"line":356,"column":4},"end":{"line":359,"column":5}},"type":"if","locations":[{"start":{"line":356,"column":4},"end":{"line":359,"column":5}}]},"86":{"loc":{"start":{"line":357,"column":6},"end":{"line":357,"column":59}},"type":"if","locations":[{"start":{"line":357,"column":6},"end":{"line":357,"column":59}}]},"87":{"loc":{"start":{"line":358,"column":6},"end":{"line":358,"column":62}},"type":"if","locations":[{"start":{"line":358,"column":6},"end":{"line":358,"column":62}}]}},"s":{"0":1,"1":1,"2":1,"3":1,"4":1,"5":1,"6":1,"7":1,"8":1,"9":1,"10":1,"11":1,"12":1,"13":47,"14":47,"15":0,"16":12,"17":72,"18":7,"19":5,"20":5,"21":4,"22":1,"23":3,"24":15,"25":15,"26":15,"27":2,"28":0,"29":2,"30":1,"31":14,"32":3,"33":1,"34":2,"35":0,"36":13,"37":3,"38":2,"39":11,"40":3,"41":1,"42":10,"43":2,"44":1,"45":9,"46":2,"47":2,"48":1,"49":8,"50":5,"51":1,"52":7,"53":7,"54":35,"55":1,"56":6,"57":5,"58":1,"59":4,"60":4,"61":4,"62":4,"63":1,"64":1,"65":4,"66":2,"67":2,"68":4,"69":1,"70":1,"71":4,"72":2,"73":2,"74":4,"75":1,"76":1,"77":4,"78":1,"79":1,"80":4,"81":2,"82":2,"83":4,"84":4,"85":4,"86":4,"87":1,"88":4,"89":2,"90":4,"91":1,"92":4,"93":2,"94":4,"95":1,"96":4,"97":1,"98":4,"99":2,"100":4,"101":12,"102":12,"103":2,"104":10,"105":1,"106":9,"107":9,"108":2,"109":7,"110":1,"111":6,"112":6,"113":3,"114":3,"115":3,"116":3,"117":3,"118":3,"119":1,"120":2,"121":1,"122":1,"123":7,"124":7,"125":1,"126":6,"127":1,"128":5,"129":5,"130":2,"131":3,"132":3,"133":2,"134":1,"135":1,"136":0,"137":0,"138":0,"139":8,"140":8,"141":1,"142":7,"143":1,"144":6,"145":6,"146":2,"147":2,"148":4,"149":4,"150":2,"151":2,"152":1,"153":1,"154":5,"155":5,"156":1,"157":4,"158":4,"159":2,"160":2,"161":2,"162":2,"163":1,"164":1,"165":1,"166":52,"167":52,"168":52,"169":52,"170":12,"171":40,"172":7,"173":33,"174":8,"175":25,"176":5,"177":20,"178":20,"179":5,"180":15,"181":15,"182":0,"183":5,"184":5,"185":1},"f":{"0":47,"1":12,"2":72,"3":7,"4":5,"5":15,"6":35,"7":12,"8":7,"9":8,"10":5,"11":52},"b":{"0":[47,0],"1":[12,0],"2":[7,0],"3":[7,1],"4":[7,1],"5":[7,0],"6":[7,0],"7":[7,0],"8":[7,1],"9":[1],"10":[2],"11":[0],"12":[2,2],"13":[1],"14":[3],"15":[1],"16":[3,3],"17":[0],"18":[3],"19":[2],"20":[3,3],"21":[3],"22":[1],"23":[3,3],"24":[2],"25":[1],"26":[2],"27":[1],"28":[2,2,2,1,1],"29":[5],"30":[1],"31":[5,5],"32":[1],"33":[1],"34":[1],"35":[2],"36":[1],"37":[2],"38":[1],"39":[1],"40":[2],"41":[1],"42":[2],"43":[1],"44":[2],"45":[1],"46":[1],"47":[2],"48":[2],"49":[12,11],"50":[1],"51":[10,10],"52":[9,1],"53":[2],"54":[1],"55":[1],"56":[1],"57":[2,1],"58":[1],"59":[7,6],"60":[1],"61":[6,5],"62":[2],"63":[3,2],"64":[1],"65":[0],"66":[1],"67":[8,7],"68":[1],"69":[2,0],"70":[2],"71":[4,3],"72":[1],"73":[1],"74":[5,4],"75":[2,0],"76":[1],"77":[12],"78":[52,12],"79":[7],"80":[40,7],"81":[8],"82":[33,8],"83":[5],"84":[25,5],"85":[20],"86":[5],"87":[15]}}
,"/workspaces/CantiereSnap/backend/handlers/clients.handler.ts": {"path":"/workspaces/CantiereSnap/backend/handlers/clients.handler.ts","statementMap":{"0":{"start":{"line":1,"column":0},"end":{"line":1,"column":36}},"1":{"start":{"line":3,"column":0},"end":{"line":3,"column":48}},"2":{"start":{"line":4,"column":0},"end":{"line":4,"column":92}},"3":{"start":{"line":5,"column":0},"end":{"line":5,"column":47}},"4":{"start":{"line":6,"column":0},"end":{"line":6,"column":86}},"5":{"start":{"line":8,"column":14},"end":{"line":8,"column":37}},"6":{"start":{"line":39,"column":17},"end":{"line":39,"column":45}},"7":{"start":{"line":40,"column":17},"end":{"line":40,"column":31}},"8":{"start":{"line":41,"column":26},"end":{"line":41,"column":43}},"9":{"start":{"line":42,"column":23},"end":{"line":42,"column":35}},"10":{"start":{"line":44,"column":23},"end":{"line":44,"column":80}},"11":{"start":{"line":47,"column":2},"end":{"line":48,"column":56}},"12":{"start":{"line":48,"column":4},"end":{"line":48,"column":56}},"13":{"start":{"line":49,"column":12},"end":{"line":49,"column":43}},"14":{"start":{"line":50,"column":2},"end":{"line":53,"column":3}},"15":{"start":{"line":51,"column":4},"end":{"line":52,"column":45}},"16":{"start":{"line":52,"column":6},"end":{"line":52,"column":45}},"17":{"start":{"line":54,"column":2},"end":{"line":54,"column":14}},"18":{"start":{"line":60,"column":2},"end":{"line":60,"column":65}},"19":{"start":{"line":64,"column":2},"end":{"line":68,"column":3}},"20":{"start":{"line":65,"column":4},"end":{"line":65,"column":47}},"21":{"start":{"line":67,"column":4},"end":{"line":67,"column":19}},"22":{"start":{"line":71,"column":18},"end":{"line":71,"column":69}},"23":{"start":{"line":71,"column":44},"end":{"line":71,"column":69}},"24":{"start":{"line":74,"column":2},"end":{"line":83,"column":4}},"25":{"start":{"line":87,"column":2},"end":{"line":87,"column":61}},"26":{"start":{"line":91,"column":2},"end":{"line":95,"column":3}},"27":{"start":{"line":92,"column":4},"end":{"line":92,"column":97}},"28":{"start":{"line":94,"column":4},"end":{"line":94,"column":21}},"29":{"start":{"line":104,"column":15},"end":{"line":111,"column":11}},"30":{"start":{"line":113,"column":15},"end":{"line":113,"column":44}},"31":{"start":{"line":114,"column":2},"end":{"line":115,"column":106}},"32":{"start":{"line":115,"column":4},"end":{"line":115,"column":106}},"33":{"start":{"line":116,"column":2},"end":{"line":117,"column":102}},"34":{"start":{"line":117,"column":4},"end":{"line":117,"column":102}},"35":{"start":{"line":119,"column":2},"end":{"line":120,"column":77}},"36":{"start":{"line":120,"column":4},"end":{"line":120,"column":77}},"37":{"start":{"line":122,"column":2},"end":{"line":127,"column":6}},"38":{"start":{"line":123,"column":4},"end":{"line":127,"column":6}},"39":{"start":{"line":129,"column":2},"end":{"line":134,"column":6}},"40":{"start":{"line":130,"column":4},"end":{"line":134,"column":6}},"41":{"start":{"line":136,"column":2},"end":{"line":141,"column":6}},"42":{"start":{"line":137,"column":4},"end":{"line":141,"column":6}},"43":{"start":{"line":143,"column":20},"end":{"line":143,"column":49}},"44":{"start":{"line":144,"column":2},"end":{"line":144,"column":77}},"45":{"start":{"line":144,"column":17},"end":{"line":144,"column":77}},"46":{"start":{"line":146,"column":19},"end":{"line":146,"column":31}},"47":{"start":{"line":147,"column":14},"end":{"line":147,"column":38}},"48":{"start":{"line":149,"column":2},"end":{"line":168,"column":4}},"49":{"start":{"line":170,"column":2},"end":{"line":179,"column":5}},"50":{"start":{"line":186,"column":13},"end":{"line":186,"column":46}},"51":{"start":{"line":187,"column":17},"end":{"line":187,"column":34}},"52":{"start":{"line":188,"column":16},"end":{"line":188,"column":67}},"53":{"start":{"line":189,"column":28},"end":{"line":189,"column":80}},"54":{"start":{"line":194,"column":2},"end":{"line":229,"column":3}},"55":{"start":{"line":196,"column":19},"end":{"line":208,"column":null}},"56":{"start":{"line":210,"column":4},"end":{"line":210,"column":62}},"57":{"start":{"line":211,"column":4},"end":{"line":211,"column":77}},"58":{"start":{"line":214,"column":19},"end":{"line":225,"column":null}},"59":{"start":{"line":227,"column":4},"end":{"line":227,"column":62}},"60":{"start":{"line":228,"column":4},"end":{"line":228,"column":77}},"61":{"start":{"line":231,"column":2},"end":{"line":234,"column":5}},"62":{"start":{"line":232,"column":31},"end":{"line":232,"column":76}},"63":{"start":{"line":238,"column":17},"end":{"line":242,"column":null}},"64":{"start":{"line":245,"column":2},"end":{"line":245,"column":82}},"65":{"start":{"line":245,"column":45},"end":{"line":245,"column":82}},"66":{"start":{"line":246,"column":2},"end":{"line":246,"column":66}},"67":{"start":{"line":254,"column":15},"end":{"line":261,"column":11}},"68":{"start":{"line":264,"column":2},"end":{"line":270,"column":3}},"69":{"start":{"line":265,"column":17},"end":{"line":265,"column":39}},"70":{"start":{"line":266,"column":4},"end":{"line":267,"column":103}},"71":{"start":{"line":267,"column":6},"end":{"line":267,"column":103}},"72":{"start":{"line":268,"column":4},"end":{"line":269,"column":104}},"73":{"start":{"line":269,"column":6},"end":{"line":269,"column":104}},"74":{"start":{"line":271,"column":2},"end":{"line":272,"column":77}},"75":{"start":{"line":272,"column":4},"end":{"line":272,"column":77}},"76":{"start":{"line":273,"column":2},"end":{"line":278,"column":6}},"77":{"start":{"line":274,"column":4},"end":{"line":278,"column":6}},"78":{"start":{"line":279,"column":2},"end":{"line":284,"column":6}},"79":{"start":{"line":280,"column":4},"end":{"line":284,"column":6}},"80":{"start":{"line":285,"column":2},"end":{"line":290,"column":6}},"81":{"start":{"line":286,"column":4},"end":{"line":290,"column":6}},"82":{"start":{"line":291,"column":2},"end":{"line":294,"column":3}},"83":{"start":{"line":292,"column":22},"end":{"line":292,"column":51}},"84":{"start":{"line":293,"column":4},"end":{"line":293,"column":79}},"85":{"start":{"line":293,"column":19},"end":{"line":293,"column":79}},"86":{"start":{"line":296,"column":20},"end":{"line":296,"column":94}},"87":{"start":{"line":297,"column":2},"end":{"line":298,"column":75}},"88":{"start":{"line":297,"column":29},"end":{"line":297,"column":67}},"89":{"start":{"line":298,"column":4},"end":{"line":298,"column":75}},"90":{"start":{"line":300,"column":31},"end":{"line":300,"column":33}},"91":{"start":{"line":301,"column":46},"end":{"line":301,"column":48}},"92":{"start":{"line":303,"column":2},"end":{"line":308,"column":3}},"93":{"start":{"line":304,"column":17},"end":{"line":304,"column":39}},"94":{"start":{"line":305,"column":4},"end":{"line":305,"column":68}},"95":{"start":{"line":306,"column":4},"end":{"line":306,"column":37}},"96":{"start":{"line":307,"column":4},"end":{"line":307,"column":56}},"97":{"start":{"line":309,"column":2},"end":{"line":312,"column":3}},"98":{"start":{"line":310,"column":4},"end":{"line":310,"column":38}},"99":{"start":{"line":311,"column":4},"end":{"line":311,"column":38}},"100":{"start":{"line":313,"column":2},"end":{"line":316,"column":3}},"101":{"start":{"line":314,"column":4},"end":{"line":314,"column":38}},"102":{"start":{"line":315,"column":4},"end":{"line":315,"column":38}},"103":{"start":{"line":317,"column":2},"end":{"line":320,"column":3}},"104":{"start":{"line":318,"column":4},"end":{"line":318,"column":54}},"105":{"start":{"line":319,"column":4},"end":{"line":319,"column":68}},"106":{"start":{"line":321,"column":2},"end":{"line":324,"column":3}},"107":{"start":{"line":322,"column":4},"end":{"line":322,"column":48}},"108":{"start":{"line":323,"column":4},"end":{"line":323,"column":48}},"109":{"start":{"line":325,"column":2},"end":{"line":328,"column":3}},"110":{"start":{"line":326,"column":4},"end":{"line":326,"column":42}},"111":{"start":{"line":327,"column":4},"end":{"line":327,"column":42}},"112":{"start":{"line":330,"column":2},"end":{"line":346,"column":3}},"113":{"start":{"line":331,"column":19},"end":{"line":339,"column":null}},"114":{"start":{"line":341,"column":4},"end":{"line":341,"column":74}},"115":{"start":{"line":343,"column":4},"end":{"line":344,"column":43}},"116":{"start":{"line":344,"column":6},"end":{"line":344,"column":43}},"117":{"start":{"line":345,"column":4},"end":{"line":345,"column":14}},"118":{"start":{"line":350,"column":2},"end":{"line":365,"column":3}},"119":{"start":{"line":351,"column":4},"end":{"line":359,"column":6}},"120":{"start":{"line":360,"column":4},"end":{"line":360,"column":59}},"121":{"start":{"line":362,"column":4},"end":{"line":363,"column":43}},"122":{"start":{"line":363,"column":6},"end":{"line":363,"column":43}},"123":{"start":{"line":364,"column":4},"end":{"line":364,"column":14}},"124":{"start":{"line":370,"column":23},"end":{"line":391,"column":1}},"125":{"start":{"line":371,"column":14},"end":{"line":371,"column":77}},"126":{"start":{"line":372,"column":17},"end":{"line":372,"column":33}},"127":{"start":{"line":373,"column":43},"end":{"line":373,"column":48}},"128":{"start":{"line":374,"column":19},"end":{"line":374,"column":55}},"129":{"start":{"line":376,"column":2},"end":{"line":390,"column":3}},"130":{"start":{"line":377,"column":4},"end":{"line":380,"column":5}},"131":{"start":{"line":378,"column":6},"end":{"line":378,"column":70}},"132":{"start":{"line":378,"column":29},"end":{"line":378,"column":70}},"133":{"start":{"line":379,"column":6},"end":{"line":379,"column":68}},"134":{"start":{"line":379,"column":28},"end":{"line":379,"column":68}},"135":{"start":{"line":381,"column":4},"end":{"line":385,"column":5}},"136":{"start":{"line":382,"column":6},"end":{"line":382,"column":69}},"137":{"start":{"line":382,"column":28},"end":{"line":382,"column":69}},"138":{"start":{"line":383,"column":6},"end":{"line":383,"column":81}},"139":{"start":{"line":383,"column":30},"end":{"line":383,"column":81}},"140":{"start":{"line":384,"column":6},"end":{"line":384,"column":75}},"141":{"start":{"line":384,"column":31},"end":{"line":384,"column":75}},"142":{"start":{"line":386,"column":4},"end":{"line":386,"column":43}},"143":{"start":{"line":388,"column":4},"end":{"line":388,"column":38}},"144":{"start":{"line":389,"column":4},"end":{"line":389,"column":27}},"145":{"start":{"line":370,"column":13},"end":{"line":370,"column":23}}},"fnMap":{"0":{"name":"validateAddress","decl":{"start":{"line":46,"column":9},"end":{"line":46,"column":24}},"loc":{"start":{"line":46,"column":38},"end":{"line":55,"column":1}}},"1":{"name":"getUserId","decl":{"start":{"line":59,"column":9},"end":{"line":59,"column":18}},"loc":{"start":{"line":59,"column":46},"end":{"line":61,"column":1}}},"2":{"name":"parseBody","decl":{"start":{"line":63,"column":9},"end":{"line":63,"column":18}},"loc":{"start":{"line":63,"column":49},"end":{"line":69,"column":1}}},"3":{"name":"(anonymous_3)","decl":{"start":{"line":71,"column":18},"end":{"line":71,"column":19}},"loc":{"start":{"line":71,"column":44},"end":{"line":71,"column":69}}},"4":{"name":"toClientResponse","decl":{"start":{"line":73,"column":9},"end":{"line":73,"column":25}},"loc":{"start":{"line":73,"column":51},"end":{"line":84,"column":1}}},"5":{"name":"encodeToken","decl":{"start":{"line":86,"column":9},"end":{"line":86,"column":20}},"loc":{"start":{"line":86,"column":49},"end":{"line":88,"column":1}}},"6":{"name":"decodeToken","decl":{"start":{"line":90,"column":9},"end":{"line":90,"column":20}},"loc":{"start":{"line":90,"column":34},"end":{"line":96,"column":1}}},"7":{"name":"createClient","decl":{"start":{"line":100,"column":15},"end":{"line":100,"column":27}},"loc":{"start":{"line":102,"column":16},"end":{"line":180,"column":1}}},"8":{"name":"listClients","decl":{"start":{"line":182,"column":15},"end":{"line":182,"column":26}},"loc":{"start":{"line":184,"column":16},"end":{"line":235,"column":1}}},"9":{"name":"(anonymous_9)","decl":{"start":{"line":232,"column":21},"end":{"line":232,"column":22}},"loc":{"start":{"line":232,"column":31},"end":{"line":232,"column":76}}},"10":{"name":"getClient","decl":{"start":{"line":237,"column":15},"end":{"line":237,"column":24}},"loc":{"start":{"line":237,"column":57},"end":{"line":247,"column":1}}},"11":{"name":"updateClient","decl":{"start":{"line":249,"column":15},"end":{"line":249,"column":27}},"loc":{"start":{"line":252,"column":18},"end":{"line":347,"column":1}}},"12":{"name":"(anonymous_12)","decl":{"start":{"line":297,"column":22},"end":{"line":297,"column":23}},"loc":{"start":{"line":297,"column":29},"end":{"line":297,"column":67}}},"13":{"name":"deleteClient","decl":{"start":{"line":349,"column":15},"end":{"line":349,"column":27}},"loc":{"start":{"line":349,"column":60},"end":{"line":366,"column":1}}},"14":{"name":"(anonymous_14)","decl":{"start":{"line":370,"column":23},"end":{"line":370,"column":28}},"loc":{"start":{"line":370,"column":111},"end":{"line":391,"column":1}}}},"branchMap":{"0":{"loc":{"start":{"line":47,"column":2},"end":{"line":48,"column":56}},"type":"if","locations":[{"start":{"line":47,"column":2},"end":{"line":48,"column":56}}]},"1":{"loc":{"start":{"line":47,"column":6},"end":{"line":47,"column":62}},"type":"binary-expr","locations":[{"start":{"line":47,"column":6},"end":{"line":47,"column":11}},{"start":{"line":47,"column":15},"end":{"line":47,"column":39}},{"start":{"line":47,"column":43},"end":{"line":47,"column":62}}]},"2":{"loc":{"start":{"line":51,"column":4},"end":{"line":52,"column":45}},"type":"if","locations":[{"start":{"line":51,"column":4},"end":{"line":52,"column":45}}]},"3":{"loc":{"start":{"line":51,"column":8},"end":{"line":51,"column":74}},"type":"binary-expr","locations":[{"start":{"line":51,"column":8},"end":{"line":51,"column":36}},{"start":{"line":51,"column":41},"end":{"line":51,"column":74}}]},"4":{"loc":{"start":{"line":65,"column":22},"end":{"line":65,"column":40}},"type":"binary-expr","locations":[{"start":{"line":65,"column":22},"end":{"line":65,"column":32}},{"start":{"line":65,"column":36},"end":{"line":65,"column":40}}]},"5":{"loc":{"start":{"line":78,"column":11},"end":{"line":78,"column":29}},"type":"binary-expr","locations":[{"start":{"line":78,"column":11},"end":{"line":78,"column":21}},{"start":{"line":78,"column":25},"end":{"line":78,"column":29}}]},"6":{"loc":{"start":{"line":80,"column":16},"end":{"line":80,"column":39}},"type":"binary-expr","locations":[{"start":{"line":80,"column":16},"end":{"line":80,"column":31}},{"start":{"line":80,"column":35},"end":{"line":80,"column":39}}]},"7":{"loc":{"start":{"line":113,"column":15},"end":{"line":113,"column":44}},"type":"binary-expr","locations":[{"start":{"line":113,"column":15},"end":{"line":113,"column":38}},{"start":{"line":113,"column":42},"end":{"line":113,"column":44}}]},"8":{"loc":{"start":{"line":114,"column":2},"end":{"line":115,"column":106}},"type":"if","locations":[{"start":{"line":114,"column":2},"end":{"line":115,"column":106}}]},"9":{"loc":{"start":{"line":116,"column":2},"end":{"line":117,"column":102}},"type":"if","locations":[{"start":{"line":116,"column":2},"end":{"line":117,"column":102}}]},"10":{"loc":{"start":{"line":119,"column":2},"end":{"line":120,"column":77}},"type":"if","locations":[{"start":{"line":119,"column":2},"end":{"line":120,"column":77}}]},"11":{"loc":{"start":{"line":119,"column":6},"end":{"line":119,"column":47}},"type":"binary-expr","locations":[{"start":{"line":119,"column":6},"end":{"line":119,"column":17}},{"start":{"line":119,"column":21},"end":{"line":119,"column":47}}]},"12":{"loc":{"start":{"line":122,"column":2},"end":{"line":127,"column":6}},"type":"if","locations":[{"start":{"line":122,"column":2},"end":{"line":127,"column":6}}]},"13":{"loc":{"start":{"line":122,"column":6},"end":{"line":122,"column":46}},"type":"binary-expr","locations":[{"start":{"line":122,"column":6},"end":{"line":122,"column":16}},{"start":{"line":122,"column":20},"end":{"line":122,"column":46}}]},"14":{"loc":{"start":{"line":129,"column":2},"end":{"line":134,"column":6}},"type":"if","locations":[{"start":{"line":129,"column":2},"end":{"line":134,"column":6}}]},"15":{"loc":{"start":{"line":129,"column":6},"end":{"line":129,"column":72}},"type":"binary-expr","locations":[{"start":{"line":129,"column":6},"end":{"line":129,"column":25}},{"start":{"line":129,"column":29},"end":{"line":129,"column":72}}]},"16":{"loc":{"start":{"line":136,"column":2},"end":{"line":141,"column":6}},"type":"if","locations":[{"start":{"line":136,"column":2},"end":{"line":141,"column":6}}]},"17":{"loc":{"start":{"line":136,"column":6},"end":{"line":136,"column":62}},"type":"binary-expr","locations":[{"start":{"line":136,"column":6},"end":{"line":136,"column":21}},{"start":{"line":136,"column":25},"end":{"line":136,"column":62}}]},"18":{"loc":{"start":{"line":144,"column":2},"end":{"line":144,"column":77}},"type":"if","locations":[{"start":{"line":144,"column":2},"end":{"line":144,"column":77}}]},"19":{"loc":{"start":{"line":161,"column":12},"end":{"line":161,"column":51}},"type":"cond-expr","locations":[{"start":{"line":161,"column":25},"end":{"line":161,"column":46}},{"start":{"line":161,"column":49},"end":{"line":161,"column":51}}]},"20":{"loc":{"start":{"line":163,"column":12},"end":{"line":163,"column":66}},"type":"cond-expr","locations":[{"start":{"line":163,"column":30},"end":{"line":163,"column":61}},{"start":{"line":163,"column":64},"end":{"line":163,"column":66}}]},"21":{"loc":{"start":{"line":174,"column":11},"end":{"line":174,"column":29}},"type":"binary-expr","locations":[{"start":{"line":174,"column":11},"end":{"line":174,"column":21}},{"start":{"line":174,"column":25},"end":{"line":174,"column":29}}]},"22":{"loc":{"start":{"line":176,"column":16},"end":{"line":176,"column":39}},"type":"binary-expr","locations":[{"start":{"line":176,"column":16},"end":{"line":176,"column":31}},{"start":{"line":176,"column":35},"end":{"line":176,"column":39}}]},"23":{"loc":{"start":{"line":186,"column":13},"end":{"line":186,"column":46}},"type":"binary-expr","locations":[{"start":{"line":186,"column":13},"end":{"line":186,"column":40}},{"start":{"line":186,"column":44},"end":{"line":186,"column":46}}]},"24":{"loc":{"start":{"line":188,"column":25},"end":{"line":188,"column":61}},"type":"binary-expr","locations":[{"start":{"line":188,"column":25},"end":{"line":188,"column":55}},{"start":{"line":188,"column":59},"end":{"line":188,"column":61}}]},"25":{"loc":{"start":{"line":188,"column":34},"end":{"line":188,"column":50}},"type":"binary-expr","locations":[{"start":{"line":188,"column":34},"end":{"line":188,"column":42}},{"start":{"line":188,"column":46},"end":{"line":188,"column":50}}]},"26":{"loc":{"start":{"line":189,"column":28},"end":{"line":189,"column":80}},"type":"cond-expr","locations":[{"start":{"line":189,"column":43},"end":{"line":189,"column":68}},{"start":{"line":189,"column":71},"end":{"line":189,"column":80}}]},"27":{"loc":{"start":{"line":194,"column":2},"end":{"line":229,"column":3}},"type":"if","locations":[{"start":{"line":194,"column":2},"end":{"line":229,"column":3}},{"start":{"line":212,"column":9},"end":{"line":229,"column":3}}]},"28":{"loc":{"start":{"line":210,"column":13},"end":{"line":210,"column":31}},"type":"binary-expr","locations":[{"start":{"line":210,"column":13},"end":{"line":210,"column":25}},{"start":{"line":210,"column":29},"end":{"line":210,"column":31}}]},"29":{"loc":{"start":{"line":227,"column":13},"end":{"line":227,"column":31}},"type":"binary-expr","locations":[{"start":{"line":227,"column":13},"end":{"line":227,"column":25}},{"start":{"line":227,"column":29},"end":{"line":227,"column":31}}]},"30":{"loc":{"start":{"line":233,"column":15},"end":{"line":233,"column":52}},"type":"cond-expr","locations":[{"start":{"line":233,"column":25},"end":{"line":233,"column":45}},{"start":{"line":233,"column":48},"end":{"line":233,"column":52}}]},"31":{"loc":{"start":{"line":245,"column":2},"end":{"line":245,"column":82}},"type":"if","locations":[{"start":{"line":245,"column":2},"end":{"line":245,"column":82}}]},"32":{"loc":{"start":{"line":245,"column":6},"end":{"line":245,"column":43}},"type":"binary-expr","locations":[{"start":{"line":245,"column":6},"end":{"line":245,"column":18}},{"start":{"line":245,"column":22},"end":{"line":245,"column":43}}]},"33":{"loc":{"start":{"line":264,"column":2},"end":{"line":270,"column":3}},"type":"if","locations":[{"start":{"line":264,"column":2},"end":{"line":270,"column":3}}]},"34":{"loc":{"start":{"line":266,"column":4},"end":{"line":267,"column":103}},"type":"if","locations":[{"start":{"line":266,"column":4},"end":{"line":267,"column":103}}]},"35":{"loc":{"start":{"line":268,"column":4},"end":{"line":269,"column":104}},"type":"if","locations":[{"start":{"line":268,"column":4},"end":{"line":269,"column":104}}]},"36":{"loc":{"start":{"line":271,"column":2},"end":{"line":272,"column":77}},"type":"if","locations":[{"start":{"line":271,"column":2},"end":{"line":272,"column":77}}]},"37":{"loc":{"start":{"line":271,"column":6},"end":{"line":271,"column":60}},"type":"binary-expr","locations":[{"start":{"line":271,"column":6},"end":{"line":271,"column":30}},{"start":{"line":271,"column":34},"end":{"line":271,"column":60}}]},"38":{"loc":{"start":{"line":273,"column":2},"end":{"line":278,"column":6}},"type":"if","locations":[{"start":{"line":273,"column":2},"end":{"line":278,"column":6}}]},"39":{"loc":{"start":{"line":273,"column":6},"end":{"line":273,"column":66}},"type":"binary-expr","locations":[{"start":{"line":273,"column":6},"end":{"line":273,"column":36}},{"start":{"line":273,"column":40},"end":{"line":273,"column":66}}]},"40":{"loc":{"start":{"line":279,"column":2},"end":{"line":284,"column":6}},"type":"if","locations":[{"start":{"line":279,"column":2},"end":{"line":284,"column":6}}]},"41":{"loc":{"start":{"line":279,"column":6},"end":{"line":279,"column":85}},"type":"binary-expr","locations":[{"start":{"line":279,"column":6},"end":{"line":279,"column":38}},{"start":{"line":279,"column":42},"end":{"line":279,"column":85}}]},"42":{"loc":{"start":{"line":285,"column":2},"end":{"line":290,"column":6}},"type":"if","locations":[{"start":{"line":285,"column":2},"end":{"line":290,"column":6}}]},"43":{"loc":{"start":{"line":285,"column":6},"end":{"line":285,"column":82}},"type":"binary-expr","locations":[{"start":{"line":285,"column":6},"end":{"line":285,"column":41}},{"start":{"line":285,"column":45},"end":{"line":285,"column":82}}]},"44":{"loc":{"start":{"line":291,"column":2},"end":{"line":294,"column":3}},"type":"if","locations":[{"start":{"line":291,"column":2},"end":{"line":294,"column":3}}]},"45":{"loc":{"start":{"line":293,"column":4},"end":{"line":293,"column":79}},"type":"if","locations":[{"start":{"line":293,"column":4},"end":{"line":293,"column":79}}]},"46":{"loc":{"start":{"line":297,"column":2},"end":{"line":298,"column":75}},"type":"if","locations":[{"start":{"line":297,"column":2},"end":{"line":298,"column":75}}]},"47":{"loc":{"start":{"line":303,"column":2},"end":{"line":308,"column":3}},"type":"if","locations":[{"start":{"line":303,"column":2},"end":{"line":308,"column":3}}]},"48":{"loc":{"start":{"line":309,"column":2},"end":{"line":312,"column":3}},"type":"if","locations":[{"start":{"line":309,"column":2},"end":{"line":312,"column":3}}]},"49":{"loc":{"start":{"line":313,"column":2},"end":{"line":316,"column":3}},"type":"if","locations":[{"start":{"line":313,"column":2},"end":{"line":316,"column":3}}]},"50":{"loc":{"start":{"line":317,"column":2},"end":{"line":320,"column":3}},"type":"if","locations":[{"start":{"line":317,"column":2},"end":{"line":320,"column":3}}]},"51":{"loc":{"start":{"line":321,"column":2},"end":{"line":324,"column":3}},"type":"if","locations":[{"start":{"line":321,"column":2},"end":{"line":324,"column":3}}]},"52":{"loc":{"start":{"line":325,"column":2},"end":{"line":328,"column":3}},"type":"if","locations":[{"start":{"line":325,"column":2},"end":{"line":328,"column":3}}]},"53":{"loc":{"start":{"line":343,"column":4},"end":{"line":344,"column":43}},"type":"if","locations":[{"start":{"line":343,"column":4},"end":{"line":344,"column":43}}]},"54":{"loc":{"start":{"line":362,"column":4},"end":{"line":363,"column":43}},"type":"if","locations":[{"start":{"line":362,"column":4},"end":{"line":363,"column":43}}]},"55":{"loc":{"start":{"line":374,"column":19},"end":{"line":374,"column":55}},"type":"binary-expr","locations":[{"start":{"line":374,"column":19},"end":{"line":374,"column":49}},{"start":{"line":374,"column":53},"end":{"line":374,"column":55}}]},"56":{"loc":{"start":{"line":377,"column":4},"end":{"line":380,"column":5}},"type":"if","locations":[{"start":{"line":377,"column":4},"end":{"line":380,"column":5}}]},"57":{"loc":{"start":{"line":378,"column":6},"end":{"line":378,"column":70}},"type":"if","locations":[{"start":{"line":378,"column":6},"end":{"line":378,"column":70}}]},"58":{"loc":{"start":{"line":379,"column":6},"end":{"line":379,"column":68}},"type":"if","locations":[{"start":{"line":379,"column":6},"end":{"line":379,"column":68}}]},"59":{"loc":{"start":{"line":381,"column":4},"end":{"line":385,"column":5}},"type":"if","locations":[{"start":{"line":381,"column":4},"end":{"line":385,"column":5}}]},"60":{"loc":{"start":{"line":382,"column":6},"end":{"line":382,"column":69}},"type":"if","locations":[{"start":{"line":382,"column":6},"end":{"line":382,"column":69}}]},"61":{"loc":{"start":{"line":383,"column":6},"end":{"line":383,"column":81}},"type":"if","locations":[{"start":{"line":383,"column":6},"end":{"line":383,"column":81}}]},"62":{"loc":{"start":{"line":384,"column":6},"end":{"line":384,"column":75}},"type":"if","locations":[{"start":{"line":384,"column":6},"end":{"line":384,"column":75}}]}},"s":{"0":1,"1":1,"2":1,"3":1,"4":1,"5":1,"6":1,"7":1,"8":1,"9":1,"10":1,"11":7,"12":1,"13":6,"14":6,"15":25,"16":2,"17":4,"18":62,"19":20,"20":20,"21":0,"22":1,"23":7,"24":6,"25":1,"26":1,"27":1,"28":0,"29":13,"30":13,"31":13,"32":2,"33":11,"34":0,"35":11,"36":1,"37":10,"38":1,"39":9,"40":2,"41":7,"42":1,"43":6,"44":6,"45":2,"46":4,"47":4,"48":4,"49":3,"50":5,"51":5,"52":5,"53":5,"54":5,"55":2,"56":2,"57":2,"58":3,"59":3,"60":3,"61":5,"62":3,"63":3,"64":3,"65":2,"66":1,"67":7,"68":7,"69":1,"70":1,"71":0,"72":1,"73":0,"74":7,"75":1,"76":6,"77":1,"78":5,"79":0,"80":5,"81":0,"82":5,"83":1,"84":1,"85":1,"86":4,"87":4,"88":11,"89":1,"90":3,"91":3,"92":3,"93":1,"94":1,"95":1,"96":1,"97":3,"98":2,"99":2,"100":3,"101":0,"102":0,"103":3,"104":0,"105":0,"106":3,"107":0,"108":0,"109":3,"110":0,"111":0,"112":3,"113":3,"114":2,"115":1,"116":1,"117":0,"118":3,"119":3,"120":1,"121":2,"122":2,"123":0,"124":1,"125":31,"126":31,"127":31,"128":31,"129":31,"130":31,"131":18,"132":13,"133":5,"134":5,"135":13,"136":13,"137":3,"138":10,"139":7,"140":3,"141":3,"142":0,"143":1,"144":1,"145":1},"f":{"0":7,"1":62,"2":20,"3":7,"4":6,"5":1,"6":1,"7":13,"8":5,"9":3,"10":3,"11":7,"12":11,"13":3,"14":31},"b":{"0":[1],"1":[7,6,6],"2":[2],"3":[25,23],"4":[20,0],"5":[6,0],"6":[6,6],"7":[13,1],"8":[2],"9":[0],"10":[1],"11":[11,11],"12":[1],"13":[10,9],"14":[2],"15":[9,8],"16":[1],"17":[7,1],"18":[2],"19":[3,1],"20":[0,4],"21":[3,1],"22":[3,3],"23":[5,2],"24":[5,0],"25":[5,5],"26":[1,4],"27":[2,3],"28":[2,0],"29":[3,0],"30":[1,4],"31":[2],"32":[3,2],"33":[1],"34":[0],"35":[0],"36":[1],"37":[7,3],"38":[1],"39":[6,1],"40":[0],"41":[5,0],"42":[0],"43":[5,0],"44":[1],"45":[1],"46":[1],"47":[1],"48":[2],"49":[0],"50":[0],"51":[0],"52":[0],"53":[1],"54":[2],"55":[31,18],"56":[18],"57":[13],"58":[5],"59":[13],"60":[3],"61":[7],"62":[3]}}
,"/workspaces/CantiereSnap/backend/handlers/dashboard.handler.ts": {"path":"/workspaces/CantiereSnap/backend/handlers/dashboard.handler.ts","statementMap":{"0":{"start":{"line":2,"column":0},"end":{"line":2,"column":48}},"1":{"start":{"line":3,"column":0},"end":{"line":3,"column":53}},"2":{"start":{"line":4,"column":0},"end":{"line":4,"column":47}},"3":{"start":{"line":5,"column":0},"end":{"line":5,"column":77}},"4":{"start":{"line":7,"column":14},"end":{"line":7,"column":37}},"5":{"start":{"line":12,"column":2},"end":{"line":12,"column":65}},"6":{"start":{"line":23,"column":43},"end":{"line":23,"column":45}},"7":{"start":{"line":26,"column":2},"end":{"line":32,"column":20}},"8":{"start":{"line":27,"column":19},"end":{"line":28,"column":null}},"9":{"start":{"line":30,"column":4},"end":{"line":30,"column":71}},"10":{"start":{"line":31,"column":4},"end":{"line":31,"column":77}},"11":{"start":{"line":34,"column":2},"end":{"line":34,"column":15}},"12":{"start":{"line":40,"column":17},"end":{"line":40,"column":33}},"13":{"start":{"line":41,"column":23},"end":{"line":41,"column":59}},"14":{"start":{"line":43,"column":49},"end":{"line":62,"column":4}},"15":{"start":{"line":64,"column":25},"end":{"line":66,"column":null}},"16":{"start":{"line":65,"column":18},"end":{"line":65,"column":58}},"17":{"start":{"line":69,"column":23},"end":{"line":69,"column":79}},"18":{"start":{"line":69,"column":43},"end":{"line":69,"column":78}},"19":{"start":{"line":70,"column":24},"end":{"line":72,"column":10}},"20":{"start":{"line":71,"column":12},"end":{"line":71,"column":86}},"21":{"start":{"line":73,"column":25},"end":{"line":73,"column":90}},"22":{"start":{"line":75,"column":33},"end":{"line":79,"column":null}},"23":{"start":{"line":77,"column":7},"end":{"line":79,"column":44}},"24":{"start":{"line":81,"column":45},"end":{"line":81,"column":49}},"25":{"start":{"line":82,"column":2},"end":{"line":92,"column":3}},"26":{"start":{"line":83,"column":20},"end":{"line":88,"column":null}},"27":{"start":{"line":85,"column":8},"end":{"line":87,"column":57}},"28":{"start":{"line":90,"column":4},"end":{"line":91,"column":83}},"29":{"start":{"line":94,"column":2},"end":{"line":102,"column":5}},"30":{"start":{"line":109,"column":13},"end":{"line":109,"column":46}},"31":{"start":{"line":111,"column":14},"end":{"line":111,"column":24}},"32":{"start":{"line":113,"column":23},"end":{"line":113,"column":90}},"33":{"start":{"line":114,"column":23},"end":{"line":114,"column":62}},"34":{"start":{"line":115,"column":21},"end":{"line":115,"column":51}},"35":{"start":{"line":117,"column":20},"end":{"line":117,"column":48}},"36":{"start":{"line":118,"column":18},"end":{"line":118,"column":42}},"37":{"start":{"line":120,"column":17},"end":{"line":120,"column":38}},"38":{"start":{"line":121,"column":2},"end":{"line":125,"column":6}},"39":{"start":{"line":122,"column":4},"end":{"line":125,"column":6}},"40":{"start":{"line":127,"column":2},"end":{"line":128,"column":82}},"41":{"start":{"line":128,"column":4},"end":{"line":128,"column":82}},"42":{"start":{"line":130,"column":23},"end":{"line":139,"column":4}},"43":{"start":{"line":141,"column":42},"end":{"line":141,"column":44}},"44":{"start":{"line":142,"column":2},"end":{"line":145,"column":3}},"45":{"start":{"line":143,"column":18},"end":{"line":143,"column":63}},"46":{"start":{"line":144,"column":4},"end":{"line":144,"column":91}},"47":{"start":{"line":144,"column":15},"end":{"line":144,"column":91}},"48":{"start":{"line":147,"column":55},"end":{"line":147,"column":57}},"49":{"start":{"line":148,"column":18},"end":{"line":148,"column":39}},"50":{"start":{"line":149,"column":16},"end":{"line":149,"column":35}},"51":{"start":{"line":150,"column":12},"end":{"line":150,"column":19}},"52":{"start":{"line":151,"column":2},"end":{"line":155,"column":3}},"53":{"start":{"line":152,"column":4},"end":{"line":152,"column":86}},"54":{"start":{"line":153,"column":19},"end":{"line":153,"column":45}},"55":{"start":{"line":154,"column":4},"end":{"line":154,"column":78}},"56":{"start":{"line":157,"column":16},"end":{"line":157,"column":69}},"57":{"start":{"line":157,"column":46},"end":{"line":157,"column":65}},"58":{"start":{"line":159,"column":2},"end":{"line":164,"column":5}},"59":{"start":{"line":168,"column":15},"end":{"line":173,"column":4}},"60":{"start":{"line":175,"column":43},"end":{"line":182,"column":4}},"61":{"start":{"line":183,"column":2},"end":{"line":186,"column":3}},"62":{"start":{"line":184,"column":14},"end":{"line":184,"column":34}},"63":{"start":{"line":185,"column":4},"end":{"line":185,"column":37}},"64":{"start":{"line":185,"column":23},"end":{"line":185,"column":37}},"65":{"start":{"line":188,"column":2},"end":{"line":188,"column":46}},"66":{"start":{"line":193,"column":23},"end":{"line":209,"column":1}},"67":{"start":{"line":194,"column":14},"end":{"line":194,"column":79}},"68":{"start":{"line":195,"column":17},"end":{"line":195,"column":33}},"69":{"start":{"line":196,"column":43},"end":{"line":196,"column":48}},"70":{"start":{"line":198,"column":2},"end":{"line":208,"column":3}},"71":{"start":{"line":199,"column":4},"end":{"line":199,"column":95}},"72":{"start":{"line":199,"column":63},"end":{"line":199,"column":95}},"73":{"start":{"line":200,"column":4},"end":{"line":201,"column":45}},"74":{"start":{"line":201,"column":6},"end":{"line":201,"column":45}},"75":{"start":{"line":202,"column":4},"end":{"line":203,"column":40}},"76":{"start":{"line":203,"column":6},"end":{"line":203,"column":40}},"77":{"start":{"line":204,"column":4},"end":{"line":204,"column":43}},"78":{"start":{"line":206,"column":4},"end":{"line":206,"column":38}},"79":{"start":{"line":207,"column":4},"end":{"line":207,"column":27}},"80":{"start":{"line":193,"column":13},"end":{"line":193,"column":23}}},"fnMap":{"0":{"name":"getUserId","decl":{"start":{"line":11,"column":9},"end":{"line":11,"column":18}},"loc":{"start":{"line":11,"column":46},"end":{"line":13,"column":1}}},"1":{"name":"queryAll","decl":{"start":{"line":15,"column":15},"end":{"line":15,"column":23}},"loc":{"start":{"line":22,"column":1},"end":{"line":35,"column":1}}},"2":{"name":"getSummary","decl":{"start":{"line":39,"column":15},"end":{"line":39,"column":25}},"loc":{"start":{"line":39,"column":40},"end":{"line":103,"column":1}}},"3":{"name":"(anonymous_3)","decl":{"start":{"line":65,"column":4},"end":{"line":65,"column":5}},"loc":{"start":{"line":65,"column":18},"end":{"line":65,"column":58}}},"4":{"name":"(anonymous_4)","decl":{"start":{"line":69,"column":35},"end":{"line":69,"column":36}},"loc":{"start":{"line":69,"column":43},"end":{"line":69,"column":78}}},"5":{"name":"(anonymous_5)","decl":{"start":{"line":71,"column":4},"end":{"line":71,"column":5}},"loc":{"start":{"line":71,"column":12},"end":{"line":71,"column":86}}},"6":{"name":"(anonymous_6)","decl":{"start":{"line":76,"column":4},"end":{"line":76,"column":5}},"loc":{"start":{"line":77,"column":7},"end":{"line":79,"column":44}}},"7":{"name":"(anonymous_7)","decl":{"start":{"line":84,"column":6},"end":{"line":84,"column":7}},"loc":{"start":{"line":85,"column":8},"end":{"line":87,"column":57}}},"8":{"name":"getRevenue","decl":{"start":{"line":105,"column":15},"end":{"line":105,"column":25}},"loc":{"start":{"line":107,"column":16},"end":{"line":165,"column":1}}},"9":{"name":"(anonymous_9)","decl":{"start":{"line":157,"column":30},"end":{"line":157,"column":31}},"loc":{"start":{"line":157,"column":46},"end":{"line":157,"column":65}}},"10":{"name":"getJobsStats","decl":{"start":{"line":167,"column":15},"end":{"line":167,"column":27}},"loc":{"start":{"line":167,"column":42},"end":{"line":189,"column":1}}},"11":{"name":"(anonymous_11)","decl":{"start":{"line":193,"column":23},"end":{"line":193,"column":28}},"loc":{"start":{"line":193,"column":111},"end":{"line":209,"column":1}}}},"branchMap":{"0":{"loc":{"start":{"line":30,"column":20},"end":{"line":30,"column":38}},"type":"binary-expr","locations":[{"start":{"line":30,"column":20},"end":{"line":30,"column":32}},{"start":{"line":30,"column":36},"end":{"line":30,"column":38}}]},"1":{"loc":{"start":{"line":65,"column":26},"end":{"line":65,"column":57}},"type":"binary-expr","locations":[{"start":{"line":65,"column":26},"end":{"line":65,"column":52}},{"start":{"line":65,"column":56},"end":{"line":65,"column":57}}]},"2":{"loc":{"start":{"line":71,"column":12},"end":{"line":71,"column":86}},"type":"binary-expr","locations":[{"start":{"line":71,"column":12},"end":{"line":71,"column":47}},{"start":{"line":71,"column":52},"end":{"line":71,"column":86}}]},"3":{"loc":{"start":{"line":73,"column":25},"end":{"line":73,"column":90}},"type":"cond-expr","locations":[{"start":{"line":73,"column":51},"end":{"line":73,"column":86}},{"start":{"line":73,"column":89},"end":{"line":73,"column":90}}]},"4":{"loc":{"start":{"line":77,"column":7},"end":{"line":79,"column":44}},"type":"binary-expr","locations":[{"start":{"line":77,"column":7},"end":{"line":77,"column":41}},{"start":{"line":78,"column":6},"end":{"line":78,"column":42}},{"start":{"line":79,"column":6},"end":{"line":79,"column":44}}]},"5":{"loc":{"start":{"line":82,"column":2},"end":{"line":92,"column":3}},"type":"if","locations":[{"start":{"line":82,"column":2},"end":{"line":92,"column":3}}]},"6":{"loc":{"start":{"line":109,"column":13},"end":{"line":109,"column":46}},"type":"binary-expr","locations":[{"start":{"line":109,"column":13},"end":{"line":109,"column":40}},{"start":{"line":109,"column":44},"end":{"line":109,"column":46}}]},"7":{"loc":{"start":{"line":117,"column":20},"end":{"line":117,"column":48}},"type":"binary-expr","locations":[{"start":{"line":117,"column":20},"end":{"line":117,"column":32}},{"start":{"line":117,"column":36},"end":{"line":117,"column":48}}]},"8":{"loc":{"start":{"line":118,"column":18},"end":{"line":118,"column":42}},"type":"binary-expr","locations":[{"start":{"line":118,"column":18},"end":{"line":118,"column":28}},{"start":{"line":118,"column":32},"end":{"line":118,"column":42}}]},"9":{"loc":{"start":{"line":121,"column":2},"end":{"line":125,"column":6}},"type":"if","locations":[{"start":{"line":121,"column":2},"end":{"line":125,"column":6}}]},"10":{"loc":{"start":{"line":121,"column":6},"end":{"line":121,"column":54}},"type":"binary-expr","locations":[{"start":{"line":121,"column":6},"end":{"line":121,"column":29}},{"start":{"line":121,"column":33},"end":{"line":121,"column":54}}]},"11":{"loc":{"start":{"line":127,"column":2},"end":{"line":128,"column":82}},"type":"if","locations":[{"start":{"line":127,"column":2},"end":{"line":128,"column":82}}]},"12":{"loc":{"start":{"line":143,"column":20},"end":{"line":143,"column":50}},"type":"binary-expr","locations":[{"start":{"line":143,"column":20},"end":{"line":143,"column":44}},{"start":{"line":143,"column":48},"end":{"line":143,"column":50}}]},"13":{"loc":{"start":{"line":144,"column":4},"end":{"line":144,"column":91}},"type":"if","locations":[{"start":{"line":144,"column":4},"end":{"line":144,"column":91}}]},"14":{"loc":{"start":{"line":144,"column":33},"end":{"line":144,"column":52}},"type":"binary-expr","locations":[{"start":{"line":144,"column":33},"end":{"line":144,"column":47}},{"start":{"line":144,"column":51},"end":{"line":144,"column":52}}]},"15":{"loc":{"start":{"line":144,"column":58},"end":{"line":144,"column":89}},"type":"binary-expr","locations":[{"start":{"line":144,"column":58},"end":{"line":144,"column":84}},{"start":{"line":144,"column":88},"end":{"line":144,"column":89}}]},"16":{"loc":{"start":{"line":152,"column":51},"end":{"line":152,"column":68}},"type":"binary-expr","locations":[{"start":{"line":152,"column":51},"end":{"line":152,"column":63}},{"start":{"line":152,"column":67},"end":{"line":152,"column":68}}]},"17":{"loc":{"start":{"line":154,"column":10},"end":{"line":154,"column":77}},"type":"cond-expr","locations":[{"start":{"line":154,"column":21},"end":{"line":154,"column":34}},{"start":{"line":154,"column":37},"end":{"line":154,"column":77}}]},"18":{"loc":{"start":{"line":185,"column":4},"end":{"line":185,"column":37}},"type":"if","locations":[{"start":{"line":185,"column":4},"end":{"line":185,"column":37}}]},"19":{"loc":{"start":{"line":199,"column":4},"end":{"line":199,"column":95}},"type":"if","locations":[{"start":{"line":199,"column":4},"end":{"line":199,"column":95}}]},"20":{"loc":{"start":{"line":199,"column":8},"end":{"line":199,"column":61}},"type":"binary-expr","locations":[{"start":{"line":199,"column":8},"end":{"line":199,"column":41}},{"start":{"line":199,"column":45},"end":{"line":199,"column":61}}]},"21":{"loc":{"start":{"line":200,"column":4},"end":{"line":201,"column":45}},"type":"if","locations":[{"start":{"line":200,"column":4},"end":{"line":201,"column":45}}]},"22":{"loc":{"start":{"line":200,"column":8},"end":{"line":200,"column":61}},"type":"binary-expr","locations":[{"start":{"line":200,"column":8},"end":{"line":200,"column":41}},{"start":{"line":200,"column":45},"end":{"line":200,"column":61}}]},"23":{"loc":{"start":{"line":202,"column":4},"end":{"line":203,"column":40}},"type":"if","locations":[{"start":{"line":202,"column":4},"end":{"line":203,"column":40}}]},"24":{"loc":{"start":{"line":202,"column":8},"end":{"line":202,"column":64}},"type":"binary-expr","locations":[{"start":{"line":202,"column":8},"end":{"line":202,"column":44}},{"start":{"line":202,"column":48},"end":{"line":202,"column":64}}]}},"s":{"0":1,"1":1,"2":1,"3":1,"4":1,"5":46,"6":36,"7":36,"8":36,"9":33,"10":31,"11":31,"12":8,"13":8,"14":8,"15":7,"16":2,"17":7,"18":20,"19":7,"20":20,"21":7,"22":7,"23":20,"24":7,"25":7,"26":3,"27":3,"28":3,"29":7,"30":9,"31":9,"32":9,"33":9,"34":9,"35":9,"36":9,"37":9,"38":9,"39":2,"40":7,"41":1,"42":6,"43":5,"44":5,"45":5,"46":5,"47":5,"48":5,"49":5,"50":5,"51":5,"52":5,"53":22,"54":22,"55":22,"56":5,"57":22,"58":5,"59":6,"60":5,"61":5,"62":9,"63":9,"64":9,"65":5,"66":1,"67":23,"68":23,"69":23,"70":23,"71":23,"72":8,"73":15,"74":9,"75":6,"76":6,"77":0,"78":3,"79":3,"80":1},"f":{"0":46,"1":36,"2":8,"3":2,"4":20,"5":20,"6":20,"7":3,"8":9,"9":22,"10":6,"11":23},"b":{"0":[33,0],"1":[2,0],"2":[20,16],"3":[4,3],"4":[20,4,3],"5":[3],"6":[9,2],"7":[9,2],"8":[9,2],"9":[2],"10":[9,8],"11":[1],"12":[5,0],"13":[5],"14":[5,4],"15":[5,0],"16":[22,18],"17":[1,21],"18":[9],"19":[8],"20":[23,8],"21":[9],"22":[15,9],"23":[6],"24":[6,6]}}
,"/workspaces/CantiereSnap/backend/handlers/invoices.handler.ts": {"path":"/workspaces/CantiereSnap/backend/handlers/invoices.handler.ts","statementMap":{"0":{"start":{"line":2,"column":0},"end":{"line":2,"column":48}},"1":{"start":{"line":3,"column":0},"end":{"line":3,"column":102}},"2":{"start":{"line":4,"column":0},"end":{"line":4,"column":47}},"3":{"start":{"line":5,"column":0},"end":{"line":5,"column":58}},"4":{"start":{"line":6,"column":0},"end":{"line":6,"column":53}},"5":{"start":{"line":7,"column":0},"end":{"line":7,"column":96}},"6":{"start":{"line":9,"column":14},"end":{"line":9,"column":37}},"7":{"start":{"line":10,"column":15},"end":{"line":10,"column":39}},"8":{"start":{"line":31,"column":24},"end":{"line":31,"column":50}},"9":{"start":{"line":32,"column":23},"end":{"line":32,"column":68}},"10":{"start":{"line":33,"column":53},"end":{"line":38,"column":2}},"11":{"start":{"line":43,"column":2},"end":{"line":43,"column":65}},"12":{"start":{"line":47,"column":2},"end":{"line":51,"column":3}},"13":{"start":{"line":48,"column":4},"end":{"line":48,"column":47}},"14":{"start":{"line":50,"column":4},"end":{"line":50,"column":19}},"15":{"start":{"line":55,"column":2},"end":{"line":55,"column":36}},"16":{"start":{"line":59,"column":2},"end":{"line":59,"column":61}},"17":{"start":{"line":63,"column":2},"end":{"line":67,"column":3}},"18":{"start":{"line":64,"column":4},"end":{"line":64,"column":97}},"19":{"start":{"line":66,"column":4},"end":{"line":66,"column":21}},"20":{"start":{"line":71,"column":2},"end":{"line":80,"column":4}},"21":{"start":{"line":90,"column":16},"end":{"line":90,"column":38}},"22":{"start":{"line":91,"column":2},"end":{"line":91,"column":54}},"23":{"start":{"line":91,"column":20},"end":{"line":91,"column":54}},"24":{"start":{"line":92,"column":25},"end":{"line":92,"column":40}},"25":{"start":{"line":94,"column":15},"end":{"line":99,"column":11}},"26":{"start":{"line":102,"column":18},"end":{"line":102,"column":38}},"27":{"start":{"line":103,"column":2},"end":{"line":104,"column":97}},"28":{"start":{"line":104,"column":4},"end":{"line":104,"column":97}},"29":{"start":{"line":107,"column":23},"end":{"line":107,"column":54}},"30":{"start":{"line":108,"column":2},"end":{"line":113,"column":6}},"31":{"start":{"line":109,"column":4},"end":{"line":113,"column":6}},"32":{"start":{"line":116,"column":18},"end":{"line":116,"column":36}},"33":{"start":{"line":117,"column":16},"end":{"line":117,"column":54}},"34":{"start":{"line":118,"column":2},"end":{"line":123,"column":6}},"35":{"start":{"line":119,"column":4},"end":{"line":123,"column":6}},"36":{"start":{"line":126,"column":2},"end":{"line":127,"column":93}},"37":{"start":{"line":127,"column":4},"end":{"line":127,"column":93}},"38":{"start":{"line":130,"column":20},"end":{"line":131,"column":null}},"39":{"start":{"line":133,"column":2},"end":{"line":133,"column":57}},"40":{"start":{"line":133,"column":23},"end":{"line":133,"column":57}},"41":{"start":{"line":134,"column":14},"end":{"line":134,"column":55}},"42":{"start":{"line":135,"column":2},"end":{"line":139,"column":6}},"43":{"start":{"line
[...]
,"end":{"line":555,"column":53}},{"start":{"line":555,"column":57},"end":{"line":555,"column":62}}]},"46":{"loc":{"start":{"line":556,"column":29},"end":{"line":556,"column":57}},"type":"binary-expr","locations":[{"start":{"line":556,"column":29},"end":{"line":556,"column":52}},{"start":{"line":556,"column":56},"end":{"line":556,"column":57}}]},"47":{"loc":{"start":{"line":587,"column":16},"end":{"line":587,"column":49}},"type":"binary-expr","locations":[{"start":{"line":587,"column":16},"end":{"line":587,"column":43}},{"start":{"line":587,"column":47},"end":{"line":587,"column":49}}]},"48":{"loc":{"start":{"line":590,"column":4},"end":{"line":593,"column":5}},"type":"if","locations":[{"start":{"line":590,"column":4},"end":{"line":593,"column":5}}]},"49":{"loc":{"start":{"line":591,"column":6},"end":{"line":591,"column":65}},"type":"if","locations":[{"start":{"line":591,"column":6},"end":{"line":591,"column":65}}]},"50":{"loc":{"start":{"line":592,"column":6},"end":{"line":592,"column":75}},"type":"if","locations":[{"start":{"line":592,"column":6},"end":{"line":592,"column":75}}]},"51":{"loc":{"start":{"line":594,"column":4},"end":{"line":595,"column":60}},"type":"if","locations":[{"start":{"line":594,"column":4},"end":{"line":595,"column":60}}]},"52":{"loc":{"start":{"line":594,"column":8},"end":{"line":594,"column":72}},"type":"binary-expr","locations":[{"start":{"line":594,"column":8},"end":{"line":594,"column":51}},{"start":{"line":594,"column":55},"end":{"line":594,"column":72}}]},"53":{"loc":{"start":{"line":596,"column":4},"end":{"line":598,"column":5}},"type":"if","locations":[{"start":{"line":596,"column":4},"end":{"line":598,"column":5}}]},"54":{"loc":{"start":{"line":597,"column":6},"end":{"line":597,"column":74}},"type":"if","locations":[{"start":{"line":597,"column":6},"end":{"line":597,"column":74}}]},"55":{"loc":{"start":{"line":599,"column":4},"end":{"line":602,"column":5}},"type":"if","locations":[{"start":{"line":599,"column":4},"end":{"line":602,"column":5}}]},"56":{"loc":{"start":{"line":600,"column":6},"end":{"line":600,"column":73}},"type":"if","locations":[{"start":{"line":600,"column":6},"end":{"line":600,"column":73}}]},"57":{"loc":{"start":{"line":601,"column":6},"end":{"line":601,"column":76}},"type":"if","locations":[{"start":{"line":601,"column":6},"end":{"line":601,"column":76}}]},"58":{"loc":{"start":{"line":603,"column":4},"end":{"line":604,"column":47}},"type":"if","locations":[{"start":{"line":603,"column":4},"end":{"line":604,"column":47}}]},"59":{"loc":{"start":{"line":603,"column":8},"end":{"line":603,"column":72}},"type":"binary-expr","locations":[{"start":{"line":603,"column":8},"end":{"line":603,"column":51}},{"start":{"line":603,"column":55},"end":{"line":603,"column":72}}]},"60":{"loc":{"start":{"line":605,"column":4},"end":{"line":606,"column":51}},"type":"if","locations":[{"start":{"line":605,"column":4},"end":{"line":606,"column":51}}]},"61":{"loc":{"start":{"line":605,"column":8},"end":{"line":605,"column":68}},"type":"binary-expr","locations":[{"start":{"line":605,"column":8},"end":{"line":605,"column":47}},{"start":{"line":605,"column":51},"end":{"line":605,"column":68}}]}},"s":{"0":1,"1":1,"2":1,"3":1,"4":1,"5":1,"6":1,"7":1,"8":1,"9":1,"10":1,"11":82,"12":23,"13":23,"14":0,"15":41,"16":25,"17":1,"18":9,"19":9,"20":1,"21":9,"22":8,"23":8,"24":8,"25":1,"26":7,"27":7,"28":7,"29":0,"30":7,"31":7,"32":13,"33":13,"34":13,"35":13,"36":3,"37":3,"38":3,"39":3,"40":0,"41":3,"42":3,"43":3,"44":3,"45":3,"46":3,"47":3,"48":3,"49":3,"50":3,"51":3,"52":3,"53":3,"54":3,"55":3,"56":3,"57":3,"58":3,"59":3,"60":3,"61":3,"62":4,"63":4,"64":4,"65":4,"66":4,"67":4,"68":4,"69":3,"70":3,"71":3,"72":3,"73":3,"74":3,"75":3,"76":3,"77":13,"78":13,"79":0,"80":13,"81":13,"82":13,"83":13,"84":1,"85":12,"86":11,"87":1,"88":10,"89":1,"90":9,"91":9,"92":9,"93":9,"94":8,"95":8,"96":8,"97":2,"98":2,"99":7,"100":7,"101":0,"102":7,"103":7,"104":13,"105":7,"106":7,"107":13,"108":7,"109":5,"110":5,"111":0,"112":5,"113":5,"114":4,"115":4,"116":3,"117":4,"118":1,"119":3,"120":6,"121":1,"122":3,"123":3,"124":10,"125":10,"126":0,"127":10,"128":10,"129":10,"130":2,"131":8,"132":0,"133":8,"134":8,"135":13,"136":13,"137":13,"138":1,"139":12,"140":12,"141":1,"142":11,"143":11,"144":0,"145":11,"146":11,"147":1,"148":5,"149":5,"150":4,"151":1,"152":3,"153":6,"154":6,"155":6,"156":3,"157":6,"158":3,"159":3,"160":3,"161":3,"162":6,"163":3,"164":4,"165":0,"166":6,"167":3,"168":7,"169":7,"170":0,"171":7,"172":7,"173":6,"174":1,"175":5,"176":1,"177":4,"178":4,"179":4,"180":1,"181":3,"182":3,"183":3,"184":3,"185":2,"186":3,"187":3,"188":6,"189":6,"190":0,"191":6,"192":6,"193":5,"194":5,"195":4,"196":5,"197":1,"198":4,"199":1,"200":3,"201":7,"202":1,"203":4,"204":3,"205":3,"206":3,"207":3,"208":3,"209":3,"210":3,"211":3,"212":1,"213":41,"214":41,"215":41,"216":41,"217":41,"218":41,"219":15,"220":5,"221":10,"222":10,"223":26,"224":13,"225":13,"226":0,"227":0,"228":13,"229":0,"230":0,"231":0,"232":0,"233":13,"234":7,"235":6,"236":6,"237":0,"238":5,"239":5,"240":1},"f":{"0":82,"1":23,"2":41,"3":25,"4":9,"5":8,"6":7,"7":13,"8":3,"9":3,"10":0,"11":3,"12":13,"13":13,"14":13,"15":5,"16":3,"17":6,"18":1,"19":3,"20":10,"21":6,"22":6,"23":3,"24":6,"25":4,"26":0,"27":6,"28":7,"29":6,"30":4,"31":7,"32":1,"33":4,"34":41},"b":{"0":[23,0],"1":[1],"2":[1],"3":[8,7,7],"4":[0],"5":[13,0],"6":[13,0],"7":[13,0],"8":[13,0],"9":[0],"10":[13,0],"11":[1],"12":[1],"13":[1],"14":[0],"15":[7,7],"16":[0],"17":[4,0],"18":[1],"19":[3,3],"20":[0],"21":[2],"22":[10,9],"23":[0],"24":[13,0],"25":[1],"26":[13,12],"27":[1],"28":[12,12],"29":[11,0],"30":[0],"31":[11,11],"32":[1],"33":[11,11],"34":[1],"35":[3,0],"36":[0],"37":[1],"38":[1],"39":[1],"40":[2],"41":[0],"42":[5,0],"43":[1],"44":[1],"45":[3,0],"46":[3,0],"47":[41,0],"48":[15],"49":[5],"50":[10],"51":[13],"52":[26,13],"53":[0],"54":[0],"55":[0],"56":[0],"57":[0],"58":[7],"59":[13,7],"60":[6],"61":[6,6]}}
,"/workspaces/CantiereSnap/backend/shared/email-templates.ts": {"path":"/workspaces/CantiereSnap/backend/shared/email-templates.ts","statementMap":{"0":{"start":{"line":3,"column":20},"end":{"line":26,"column":29}},"1":{"start":{"line":29,"column":2},"end":{"line":43,"column":16}},"2":{"start":{"line":58,"column":15},"end":{"line":79,"column":4}},"3":{"start":{"line":82,"column":4},"end":{"line":87,"column":41}},"4":{"start":{"line":89,"column":2},"end":{"line":89,"column":24}},"5":{"start":{"line":57,"column":0},"end":{"line":57,"column":16}},"6":{"start":{"line":106,"column":15},"end":{"line":124,"column":4}},"7":{"start":{"line":127,"column":4},"end":{"line":133,"column":41}},"8":{"start":{"line":135,"column":2},"end":{"line":135,"column":24}},"9":{"start":{"line":105,"column":0},"end":{"line":105,"column":16}},"10":{"start":{"line":149,"column":15},"end":{"line":166,"column":4}},"11":{"start":{"line":169,"column":4},"end":{"line":173,"column":41}},"12":{"start":{"line":175,"column":2},"end":{"line":175,"column":24}},"13":{"start":{"line":148,"column":0},"end":{"line":148,"column":16}},"14":{"start":{"line":189,"column":15},"end":{"line":206,"column":4}},"15":{"start":{"line":209,"column":4},"end":{"line":213,"column":41}},"16":{"start":{"line":215,"column":2},"end":{"line":215,"column":24}},"17":{"start":{"line":188,"column":0},"end":{"line":188,"column":16}}},"fnMap":{"0":{"name":"wrap","decl":{"start":{"line":28,"column":9},"end":{"line":28,"column":13}},"loc":{"start":{"line":28,"column":49},"end":{"line":44,"column":1}}},"1":{"name":"quoteEmail","decl":{"start":{"line":57,"column":16},"end":{"line":57,"column":26}},"loc":{"start":{"line":57,"column":46},"end":{"line":90,"column":1}}},"2":{"name":"invoiceEmail","decl":{"start":{"line":105,"column":16},"end":{"line":105,"column":28}},"loc":{"start":{"line":105,"column":50},"end":{"line":136,"column":1}}},"3":{"name":"overdueEmail","decl":{"start":{"line":148,"column":16},"end":{"line":148,"column":28}},"loc":{"start":{"line":148,"column":50},"end":{"line":176,"column":1}}},"4":{"name":"invoiceDueReminder","decl":{"start":{"line":188,"column":16},"end":{"line":188,"column":34}},"loc":{"start":{"line":188,"column":62},"end":{"line":216,"column":1}}}},"branchMap":{},"s":{"0":2,"1":38,"2":7,"3":7,"4":7,"5":2,"6":5,"7":5,"8":5,"9":2,"10":15,"11":15,"12":15,"13":2,"14":11,"15":11,"16":11,"17":2},"f":{"0":38,"1":7,"2":5,"3":15,"4":11},"b":{}}
,"/workspaces/CantiereSnap/backend/shared/fatturapa.ts": {"path":"/workspaces/CantiereSnap/backend/shared/fatturapa.ts","statementMap":{"0":{"start":{"line":3,"column":12},"end":{"line":4,"column":118}},"1":{"start":{"line":4,"column":2},"end":{"line":4,"column":118}},"2":{"start":{"line":6,"column":12},"end":{"line":6,"column":47}},"3":{"start":{"line":6,"column":35},"end":{"line":6,"column":47}},"4":{"start":{"line":51,"column":25},"end":{"line":64,"column":13}},"5":{"start":{"line":53,"column":16},"end":{"line":62,"column":null}},"6":{"start":{"line":66,"column":18},"end":{"line":66,"column":77}},"7":{"start":{"line":68,"column":2},"end":{"line":143,"column":25}},"8":{"start":{"line":50,"column":0},"end":{"line":50,"column":16}}},"fnMap":{"0":{"name":"(anonymous_0)","decl":{"start":{"line":3,"column":12},"end":{"line":3,"column":13}},"loc":{"start":{"line":4,"column":2},"end":{"line":4,"column":118}}},"1":{"name":"(anonymous_1)","decl":{"start":{"line":6,"column":12},"end":{"line":6,"column":13}},"loc":{"start":{"line":6,"column":35},"end":{"line":6,"column":47}}},"2":{"name":"buildFatturaPA","decl":{"start":{"line":50,"column":16},"end":{"line":50,"column":30}},"loc":{"start":{"line":50,"column":49},"end":{"line":144,"column":1}}},"3":{"name":"(anonymous_3)","decl":{"start":{"line":53,"column":6},"end":{"line":53,"column":7}},"loc":{"start":{"line":53,"column":16},"end":{"line":62,"column":null}}}},"branchMap":{"0":{"loc":{"start":{"line":66,"column":18},"end":{"line":66,"column":77}},"type":"cond-expr","locations":[{"start":{"line":66,"column":28},"end":{"line":66,"column":72}},{"start":{"line":66,"column":75},"end":{"line":66,"column":77}}]}},"s":{"0":1,"1":63,"2":1,"3":27,"4":3,"5":3,"6":3,"7":3,"8":1},"f":{"0":63,"1":27,"2":3,"3":3},"b":{"0":[3,0]}}
,"/workspaces/CantiereSnap/backend/shared/logger.ts": {"path":"/workspaces/CantiereSnap/backend/shared/logger.ts","statementMap":{"0":{"start":{"line":21,"column":28},"end":{"line":29,"column":6}},"1":{"start":{"line":30,"column":17},"end":{"line":30,"column":45}},"2":{"start":{"line":31,"column":4},"end":{"line":35,"column":5}},"3":{"start":{"line":32,"column":6},"end":{"line":32,"column":33}},"4":{"start":{"line":34,"column":6},"end":{"line":34,"column":33}},"5":{"start":{"line":38,"column":2},"end":{"line":42,"column":4}},"6":{"start":{"line":39,"column":26},"end":{"line":39,"column":51}},"7":{"start":{"line":40,"column":26},"end":{"line":40,"column":51}},"8":{"start":{"line":41,"column":26},"end":{"line":41,"column":51}},"9":{"start":{"line":19,"column":0},"end":{"line":19,"column":16}}},"fnMap":{"0":{"name":"createLogger","decl":{"start":{"line":19,"column":16},"end":{"line":19,"column":28}},"loc":{"start":{"line":19,"column":84},"end":{"line":43,"column":1}}},"1":{"name":"write","decl":{"start":{"line":20,"column":11},"end":{"line":20,"column":16}},"loc":{"start":{"line":20,"column":62},"end":{"line":36,"column":3}}},"2":{"name":"(anonymous_2)","decl":{"start":{"line":39,"column":11},"end":{"line":39,"column":12}},"loc":{"start":{"line":39,"column":26},"end":{"line":39,"column":51}}},"3":{"name":"(anonymous_3)","decl":{"start":{"line":40,"column":11},"end":{"line":40,"column":12}},"loc":{"start":{"line":40,"column":26},"end":{"line":40,"column":51}}},"4":{"name":"(anonymous_4)","decl":{"start":{"line":41,"column":11},"end":{"line":41,"column":12}},"loc":{"start":{"line":41,"column":26},"end":{"line":41,"column":51}}}},"branchMap":{"0":{"loc":{"start":{"line":26,"column":10},"end":{"line":26,"column":34}},"type":"cond-expr","locations":[{"start":{"line":26,"column":19},"end":{"line":26,"column":29}},{"start":{"line":26,"column":32},"end":{"line":26,"column":34}}]},"1":{"loc":{"start":{"line":28,"column":10},"end":{"line":28,"column":44}},"type":"cond-expr","locations":[{"start":{"line":28,"column":31},"end":{"line":28,"column":39}},{"start":{"line":28,"column":42},"end":{"line":28,"column":44}}]},"2":{"loc":{"start":{"line":31,"column":4},"end":{"line":35,"column":5}},"type":"if","locations":[{"start":{"line":31,"column":4},"end":{"line":35,"column":5}},{"start":{"line":33,"column":11},"end":{"line":35,"column":5}}]}},"s":{"0":9,"1":9,"2":9,"3":1,"4":8,"5":8,"6":7,"7":1,"8":1,"9":1},"f":{"0":8,"1":9,"2":7,"3":1,"4":1},"b":{"0":[3,6],"1":[3,6],"2":[1,8]}}
,"/workspaces/CantiereSnap/backend/shared/response.ts": {"path":"/workspaces/CantiereSnap/backend/shared/response.ts","statementMap":{"0":{"start":{"line":3,"column":21},"end":{"line":7,"column":2}},"1":{"start":{"line":9,"column":13},"end":{"line":13,"column":2}},"2":{"start":{"line":9,"column":76},"end":{"line":13,"column":2}},"3":{"start":{"line":15,"column":18},"end":{"line":15,"column":75}},"4":{"start":{"line":15,"column":60},"end":{"line":15,"column":75}},"5":{"start":{"line":15,"column":13},"end":{"line":15,"column":18}},"6":{"start":{"line":17,"column":23},"end":{"line":17,"column":80}},"7":{"start":{"line":17,"column":65},"end":{"line":17,"column":80}},"8":{"start":{"line":17,"column":13},"end":{"line":17,"column":23}},"9":{"start":{"line":19,"column":26},"end":{"line":24,"column":84}},"10":{"start":{"line":24,"column":2},"end":{"line":24,"column":84}},"11":{"start":{"line":19,"column":13},"end":{"line":19,"column":26}},"12":{"start":{"line":26,"column":24},"end":{"line":27,"column":54}},"13":{"start":{"line":27,"column":2},"end":{"line":27,"column":54}},"14":{"start":{"line":26,"column":13},"end":{"line":26,"column":24}},"15":{"start":{"line":29,"column":24},"end":{"line":30,"column":53}},"16":{"start":{"line":30,"column":2},"end":{"line":30,"column":53}},"17":{"start":{"line":29,"column":13},"end":{"line":29,"column":24}},"18":{"start":{"line":32,"column":28},"end":{"line":33,"column":57}},"19":{"start":{"line":33,"column":2},"end":{"line":33,"column":57}},"20":{"start":{"line":32,"column":13},"end":{"line":32,"column":28}},"21":{"start":{"line":35,"column":25},"end":{"line":36,"column":54}},"22":{"start":{"line":36,"column":2},"end":{"line":36,"column":54}},"23":{"start":{"line":35,"column":13},"end":{"line":35,"column":25}},"24":{"start":{"line":38,"column":25},"end":{"line":42,"column":2}},"25":{"start":{"line":38,"column":55},"end":{"line":42,"column":2}},"26":{"start":{"line":38,"column":13},"end":{"line":38,"column":25}},"27":{"start":{"line":44,"column":26},"end":{"line":45,"column":67}},"28":{"start":{"line":45,"column":2},"end":{"line":45,"column":67}},"29":{"start":{"line":44,"column":13},"end":{"line":44,"column":26}},"30":{"start":{"line":47,"column":29},"end":{"line":50,"column":4}},"31":{"start":{"line":48,"column":2},"end":{"line":50,"column":4}},"32":{"start":{"line":47,"column":13},"end":{"line":47,"column":29}}},"fnMap":{"0":{"name":"(anonymous_0)","decl":{"start":{"line":9,"column":13},"end":{"line":9,"column":14}},"loc":{"start":{"line":9,"column":76},"end":{"line":13,"column":2}}},"1":{"name":"(anonymous_1)","decl":{"start":{"line":15,"column":18},"end":{"line":15,"column":19}},"loc":{"start":{"line":15,"column":60},"end":{"line":15,"column":75}}},"2":{"name":"(anonymous_2)","decl":{"start":{"line":17,"column":23},"end":{"line":17,"column":24}},"loc":{"start":{"line":17,"column":65},"end":{"line":17,"column":80}}},"3":{"name":"(anonymous_3)","decl":{"start":{"line":19,"column":26},"end":{"line":19,"column":null}},"loc":{"start":{"line":24,"column":2},"end":{"line":24,"column":84}}},"4":{"name":"(anonymous_4)","decl":{"start":{"line":26,"column":24},"end":{"line":26,"column":25}},"loc":{"start":{"line":27,"column":2},"end":{"line":27,"column":54}}},"5":{"name":"(anonymous_5)","decl":{"start":{"line":29,"column":24},"end":{"line":29,"column":25}},"loc":{"start":{"line":30,"column":2},"end":{"line":30,"column":53}}},"6":{"name":"(anonymous_6)","decl":{"start":{"line":32,"column":28},"end":{"line":32,"column":29}},"loc":{"start":{"line":33,"column":2},"end":{"line":33,"column":57}}},"7":{"name":"(anonymous_7)","decl":{"start":{"line":35,"column":25},"end":{"line":35,"column":26}},"loc":{"start":{"line":36,"column":2},"end":{"line":36,"column":54}}},"8":{"name":"(anonymous_8)","decl":{"start":{"line":38,"column":25},"end":{"line":38,"column":51}},"loc":{"start":{"line":38,"column":55},"end":{"line":42,"column":2}}},"9":{"name":"(anonymous_9)","decl":{"start":{"line":44,"column":26},"end":{"line":44,"column":27}},"loc":{"start":{"line":45,"column":2},"end":{"line":45,"column":67}}},"10":{"name":"(anonymous_10)","decl":{"start":{"line":47,"column":29},"end":{"line":47,"column":55}},"loc":{"start":{"line":48,"column":2},"end":{"line":50,"column":4}}}},"branchMap":{"0":{"loc":{"start":{"line":24,"column":42},"end":{"line":24,"column":78}},"type":"cond-expr","locations":[{"start":{"line":24,"column":64},"end":{"line":24,"column":73}},{"start":{"line":24,"column":76},"end":{"line":24,"column":78}}]},"1":{"loc":{"start":{"line":26,"column":25},"end":{"line":26,"column":56}},"type":"default-arg","locations":[{"start":{"line":26,"column":35},"end":{"line":26,"column":56}}]},"2":{"loc":{"start":{"line":35,"column":26},"end":{"line":35,"column":89}},"type":"default-arg","locations":[{"start":{"line":35,"column":36},"end":{"line":35,"column":89}}]},"3":{"loc":{"start":{"line":44,"column":27},"end":{"line":44,"column":86}},"type":"default-arg","locations":[{"start":{"line":44,"column":37},"end":{"line":44,"column":86}}]}},"s":{"0":9,"1":9,"2":301,"3":9,"4":104,"5":9,"6":9,"7":24,"8":9,"9":9,"10":91,"11":9,"12":9,"13":42,"14":9,"15":9,"16":4,"17":9,"18":9,"19":3,"20":9,"21":9,"22":1,"23":9,"24":9,"25":4,"26":9,"27":9,"28":4,"29":9,"30":9,"31":28,"32":9},"f":{"0":301,"1":104,"2":24,"3":91,"4":42,"5":4,"6":3,"7":1,"8":4,"9":4,"10":28},"b":{"0":[76,15],"1":[0],"2":[0],"3":[0]}}
,"/workspaces/CantiereSnap/backend/shared/s3.ts": {"path":"/workspaces/CantiereSnap/backend/shared/s3.ts","statementMap":{"0":{"start":{"line":1,"column":0},"end":{"line":1,"column":82}},"1":{"start":{"line":2,"column":0},"end":{"line":2,"column":61}},"2":{"start":{"line":4,"column":13},"end":{"line":8,"column":3}},"3":{"start":{"line":11,"column":2},"end":{"line":11,"column":112}},"4":{"start":{"line":10,"column":0},"end":{"line":10,"column":7}},"5":{"start":{"line":15,"column":2},"end":{"line":15,"column":99}},"6":{"start":{"line":14,"column":0},"end":{"line":14,"column":7}},"7":{"start":{"line":24,"column":2},"end":{"line":28,"column":4}},"8":{"start":{"line":18,"column":0},"end":{"line":18,"column":7}}},"fnMap":{"0":{"name":"putObject","decl":{"start":{"line":10,"column":22},"end":{"line":10,"column":31}},"loc":{"start":{"line":10,"column":103},"end":{"line":12,"column":1}}},"1":{"name":"getPresignedUrl","decl":{"start":{"line":14,"column":22},"end":{"line":14,"column":37}},"loc":{"start":{"line":14,"column":83},"end":{"line":16,"column":1}}},"2":{"name":"putPresignedUrl","decl":{"start":{"line":18,"column":22},"end":{"line":18,"column":37}},"loc":{"start":{"line":22,"column":17},"end":{"line":29,"column":1}}}},"branchMap":{"0":{"loc":{"start":{"line":5,"column":10},"end":{"line":5,"column":48}},"type":"binary-expr","locations":[{"start":{"line":5,"column":10},"end":{"line":5,"column":32}},{"start":{"line":5,"column":36},"end":{"line":5,"column":48}}]},"1":{"loc":{"start":{"line":14,"column":67},"end":{"line":14,"column":83}},"type":"default-arg","locations":[{"start":{"line":14,"column":79},"end":{"line":14,"column":83}}]},"2":{"loc":{"start":{"line":22,"column":2},"end":{"line":22,"column":17}},"type":"default-arg","locations":[{"start":{"line":22,"column":14},"end":{"line":22,"column":17}}]}},"s":{"0":1,"1":1,"2":1,"3":0,"4":1,"5":0,"6":1,"7":0,"8":1},"f":{"0":0,"1":0,"2":0},"b":{"0":[1,1],"1":[0],"2":[0]}}
}
