TN:
SF:handlers/auth.handler.ts
FN:39,parseBody
FN:47,cognitoErrorName
FN:51,getUserId
FN:55,toProfileResponse
FN:73,getProfile
FN:84,updateProfile
FN:138,(anonymous_6)
FN:180,register
FN:242,verify
FN:273,login
FN:313,refreshToken
FN:346,(anonymous_11)
FNF:12
FNH:12
FNDA:47,parseBody
FNDA:12,cognitoErrorName
FNDA:72,getUserId
FNDA:7,toProfileResponse
FNDA:5,getProfile
FNDA:15,updateProfile
FNDA:35,(anonymous_6)
FNDA:12,register
FNDA:7,verify
FNDA:8,login
FNDA:5,refreshToken
FNDA:52,(anonymous_11)
DA:2,1
DA:3,1
DA:8,1
DA:9,1
DA:10,1
DA:11,1
DA:22,1
DA:23,1
DA:27,1
DA:28,1
DA:29,1
DA:30,1
DA:32,1
DA:40,47
DA:41,47
DA:43,0
DA:48,12
DA:52,72
DA:56,7
DA:74,5
DA:76,5
DA:80,4
DA:81,3
DA:85,15
DA:87,15
DA:97,15
DA:98,2
DA:99,0
DA:100,2
DA:101,1
DA:104,14
DA:105,3
DA:106,1
DA:107,2
DA:108,0
DA:111,13
DA:112,3
DA:113,2
DA:116,11
DA:117,3
DA:118,1
DA:121,10
DA:122,2
DA:123,1
DA:126,9
DA:127,2
DA:128,2
DA:129,1
DA:132,8
DA:133,5
DA:134,1
DA:137,7
DA:138,35
DA:139,1
DA:141,6
DA:144,5
DA:146,4
DA:147,4
DA:148,4
DA:150,4
DA:151,4
DA:152,4
DA:153,4
DA:154,4
DA:155,4
DA:156,4
DA:158,4
DA:167,4
DA:168,4
DA:169,4
DA:170,4
DA:171,4
DA:172,4
DA:173,4
DA:174,4
DA:175,4
DA:177,4
DA:181,12
DA:183,12
DA:184,2
DA:186,10
DA:187,1
DA:189,9
DA:190,9
DA:191,2
DA:192,7
DA:193,1
DA:195,6
DA:196,6
DA:208,3
DA:209,3
DA:212,3
DA:228,3
DA:233,3
DA:234,3
DA:235,1
DA:236,2
DA:237,1
DA:238,1
DA:243,7
DA:245,7
DA:246,1
DA:248,6
DA:249,1
DA:251,5
DA:252,5
DA:260,2
DA:262,3
DA:263,3
DA:264,2
DA:265,1
DA:266,1
DA:267,0
DA:268,0
DA:269,0
DA:274,8
DA:276,8
DA:277,1
DA:279,7
DA:280,1
DA:282,6
DA:283,6
DA:294,2
DA:295,2
DA:302,4
DA:303,4
DA:304,2
DA:305,2
DA:306,1
DA:309,1
DA:314,5
DA:316,5
DA:317,1
DA:319,4
DA:320,4
DA:330,2
DA:331,2
DA:337,2
DA:338,2
DA:339,1
DA:340,1
DA:346,1
DA:347,52
DA:348,52
DA:350,52
DA:351,52
DA:352,40
DA:353,33
DA:354,25
DA:356,20
DA:357,20
DA:358,15
DA:361,0
DA:363,5
DA:364,5
LF:155
LH:148
BRDA:41,0,0,47
BRDA:41,0,1,0
BRDA:48,1,0,12
BRDA:48,1,1,0
BRDA:59,2,0,7
BRDA:59,2,1,0
BRDA:60,3,0,7
BRDA:60,3,1,1
BRDA:61,4,0,7
BRDA:61,4,1,1
BRDA:62,5,0,7
BRDA:62,5,1,0
BRDA:63,6,0,7
BRDA:63,6,1,0
BRDA:64,7,0,7
BRDA:64,7,1,0
BRDA:65,8,0,7
BRDA:65,8,1,1
BRDA:80,9,0,1
BRDA:97,10,0,2
BRDA:98,11,0,0
BRDA:98,12,0,2
BRDA:98,12,1,2
BRDA:100,13,0,1
BRDA:104,14,0,3
BRDA:105,15,0,1
BRDA:105,16,0,3
BRDA:105,16,1,3
BRDA:107,17,0,0
BRDA:111,18,0,3
BRDA:112,19,0,2
BRDA:112,20,0,3
BRDA:112,20,1,3
BRDA:116,21,0,3
BRDA:117,22,0,1
BRDA:117,23,0,3
BRDA:117,23,1,3
BRDA:121,24,0,2
BRDA:122,25,0,1
BRDA:126,26,0,2
BRDA:128,27,0,1
BRDA:128,28,0,2
BRDA:128,28,1,2
BRDA:128,28,2,2
BRDA:128,28,3,1
BRDA:128,28,4,1
BRDA:132,29,0,5
BRDA:133,30,0,1
BRDA:133,31,0,5
BRDA:133,31,1,5
BRDA:138,32,0,1
BRDA:144,33,0,1
BRDA:150,34,0,1
BRDA:151,35,0,2
BRDA:152,36,0,1
BRDA:153,37,0,2
BRDA:154,38,0,1
BRDA:155,39,0,1
BRDA:156,40,0,2
BRDA:169,41,0,1
BRDA:170,42,0,2
BRDA:171,43,0,1
BRDA:172,44,0,2
BRDA:173,45,0,1
BRDA:174,46,0,1
BRDA:175,47,0,2
BRDA:183,48,0,2
BRDA:183,49,0,12
BRDA:183,49,1,11
BRDA:186,50,0,1
BRDA:186,51,0,10
BRDA:186,51,1,10
BRDA:189,52,0,9
BRDA:189,52,1,1
BRDA:190,53,0,2
BRDA:192,54,0,1
BRDA:234,55,0,1
BRDA:236,56,0,1
BRDA:236,57,0,2
BRDA:236,57,1,1
BRDA:245,58,0,1
BRDA:245,59,0,7
BRDA:245,59,1,6
BRDA:248,60,0,1
BRDA:248,61,0,6
BRDA:248,61,1,5
BRDA:263,62,0,2
BRDA:263,63,0,3
BRDA:263,63,1,2
BRDA:265,64,0,1
BRDA:267,65,0,0
BRDA:276,66,0,1
BRDA:276,67,0,8
BRDA:276,67,1,7
BRDA:279,68,0,1
BRDA:299,69,0,2
BRDA:299,69,1,0
BRDA:303,70,0,2
BRDA:303,71,0,4
BRDA:303,71,1,3
BRDA:305,72,0,1
BRDA:316,73,0,1
BRDA:316,74,0,5
BRDA:316,74,1,4
BRDA:334,75,0,2
BRDA:334,75,1,0
BRDA:338,76,0,1
BRDA:351,77,0,12
BRDA:351,78,0,52
BRDA:351,78,1,12
BRDA:352,79,0,7
BRDA:352,80,0,40
BRDA:352,80,1,7
BRDA:353,81,0,8
BRDA:353,82,0,33
BRDA:353,82,1,8
BRDA:354,83,0,5
BRDA:354,84,0,25
BRDA:354,84,1,5
BRDA:356,85,0,20
BRDA:357,86,0,5
BRDA:358,87,0,15
BRF:122
BRH:111
end_of_record
TN:
SF:handlers/clients.handler.ts
FN:46,validateAddress
FN:59,getUserId
FN:63,parseBody
FN:71,(anonymous_3)
FN:73,toClientResponse
FN:86,encodeToken
FN:90,decodeToken
FN:100,createClient
FN:182,listClients
FN:232,(anonymous_9)
FN:237,getClient
FN:249,updateClient
FN:297,(anonymous_12)
FN:349,deleteClient
FN:370,(anonymous_14)
FNF:15
FNH:15
FNDA:7,validateAddress
FNDA:62,getUserId
FNDA:20,parseBody
FNDA:7,(anonymous_3)
FNDA:6,toClientResponse
FNDA:1,encodeToken
FNDA:1,decodeToken
FNDA:13,createClient
FNDA:5,listClients
FNDA:3,(anonymous_9)
FNDA:3,getClient
FNDA:7,updateClient
FNDA:11,(anonymous_12)
FNDA:3,deleteClient
FNDA:31,(anonymous_14)
DA:1,1
DA:3,1
DA:4,1
DA:5,1
DA:6,1
DA:8,1
DA:39,1
DA:40,1
DA:41,1
DA:42,1
DA:44,1
DA:47,7
DA:48,1
DA:49,6
DA:50,6
DA:51,25
DA:52,2
DA:54,4
DA:60,62
DA:64,20
DA:65,20
DA:67,0
DA:71,7
DA:74,6
DA:87,1
DA:91,1
DA:92,1
DA:94,0
DA:104,13
DA:113,13
DA:114,13
DA:115,2
DA:116,11
DA:117,0
DA:119,11
DA:120,1
DA:122,10
DA:123,1
DA:129,9
DA:130,2
DA:136,7
DA:137,1
DA:143,6
DA:144,6
DA:146,4
DA:147,4
DA:149,4
DA:170,3
DA:186,5
DA:187,5
DA:188,5
DA:189,5
DA:194,5
DA:196,2
DA:210,2
DA:211,2
DA:214,3
DA:227,3
DA:228,3
DA:231,5
DA:232,3
DA:238,3
DA:245,3
DA:246,1
DA:254,7
DA:264,7
DA:265,1
DA:266,1
DA:267,0
DA:268,1
DA:269,0
DA:271,7
DA:272,1
DA:273,6
DA:274,1
DA:279,5
DA:280,0
DA:285,5
DA:286,0
DA:291,5
DA:292,1
DA:293,1
DA:296,4
DA:297,11
DA:298,1
DA:300,3
DA:301,3
DA:303,3
DA:304,1
DA:305,1
DA:306,1
DA:307,1
DA:309,3
DA:310,2
DA:311,2
DA:313,3
DA:314,0
DA:315,0
DA:317,3
DA:318,0
DA:319,0
DA:321,3
DA:322,0
DA:323,0
DA:325,3
DA:326,0
DA:327,0
DA:330,3
DA:331,3
DA:341,2
DA:343,1
DA:344,1
DA:345,0
DA:350,3
DA:351,3
DA:360,1
DA:362,2
DA:363,2
DA:364,0
DA:370,1
DA:371,31
DA:372,31
DA:373,31
DA:374,31
DA:376,31
DA:377,31
DA:378,18
DA:379,5
DA:381,13
DA:382,13
DA:383,10
DA:384,3
DA:386,0
DA:388,1
DA:389,1
LF:135
LH:117
BRDA:47,0,0,1
BRDA:47,1,0,7
BRDA:47,1,1,6
BRDA:47,1,2,6
BRDA:51,2,0,2
BRDA:51,3,0,25
BRDA:51,3,1,23
BRDA:65,4,0,20
BRDA:65,4,1,0
BRDA:78,5,0,6
BRDA:78,5,1,0
BRDA:80,6,0,6
BRDA:80,6,1,6
BRDA:113,7,0,13
BRDA:113,7,1,1
BRDA:114,8,0,2
BRDA:116,9,0,0
BRDA:119,10,0,1
BRDA:119,11,0,11
BRDA:119,11,1,11
BRDA:122,12,0,1
BRDA:122,13,0,10
BRDA:122,13,1,9
BRDA:129,14,0,2
BRDA:129,15,0,9
BRDA:129,15,1,8
BRDA:136,16,0,1
BRDA:136,17,0,7
BRDA:136,17,1,1
BRDA:144,18,0,2
BRDA:161,19,0,3
BRDA:161,19,1,1
BRDA:163,20,0,0
BRDA:163,20,1,4
BRDA:174,21,0,3
BRDA:174,21,1,1
BRDA:176,22,0,3
BRDA:176,22,1,3
BRDA:186,23,0,5
BRDA:186,23,1,2
BRDA:188,24,0,5
BRDA:188,24,1,0
BRDA:188,25,0,5
BRDA:188,25,1,5
BRDA:189,26,0,1
BRDA:189,26,1,4
BRDA:194,27,0,2
BRDA:194,27,1,3
BRDA:210,28,0,2
BRDA:210,28,1,0
BRDA:227,29,0,3
BRDA:227,29,1,0
BRDA:233,30,0,1
BRDA:233,30,1,4
BRDA:245,31,0,2
BRDA:245,32,0,3
BRDA:245,32,1,2
BRDA:264,33,0,1
BRDA:266,34,0,0
BRDA:268,35,0,0
BRDA:271,36,0,1
BRDA:271,37,0,7
BRDA:271,37,1,3
BRDA:273,38,0,1
BRDA:273,39,0,6
BRDA:273,39,1,1
BRDA:279,40,0,0
BRDA:279,41,0,5
BRDA:279,41,1,0
BRDA:285,42,0,0
BRDA:285,43,0,5
BRDA:285,43,1,0
BRDA:291,44,0,1
BRDA:293,45,0,1
BRDA:297,46,0,1
BRDA:303,47,0,1
BRDA:309,48,0,2
BRDA:313,49,0,0
BRDA:317,50,0,0
BRDA:321,51,0,0
BRDA:325,52,0,0
BRDA:343,53,0,1
BRDA:362,54,0,2
BRDA:374,55,0,31
BRDA:374,55,1,18
BRDA:377,56,0,18
BRDA:378,57,0,13
BRDA:379,58,0,5
BRDA:381,59,0,13
BRDA:382,60,0,3
BRDA:383,61,0,7
BRDA:384,62,0,3
BRF:92
BRH:75
end_of_record
TN:
SF:handlers/dashboard.handler.ts
FN:11,getUserId
FN:15,queryAll
FN:39,getSummary
FN:65,(anonymous_3)
FN:69,(anonymous_4)
FN:71,(anonymous_5)
FN:76,(anonymous_6)
FN:84,(anonymous_7)
FN:105,getRevenue
FN:157,(anonymous_9)
FN:167,getJobsStats
FN:193,(anonymous_11)
FNF:12
FNH:12
FNDA:46,getUserId
FNDA:36,queryAll
FNDA:8,getSummary
FNDA:2,(anonymous_3)
FNDA:20,(anonymous_4)
FNDA:20,(anonymous_5)
FNDA:20,(anonymous_6)
FNDA:3,(anonymous_7)
FNDA:9,getRevenue
FNDA:22,(anonymous_9)
FNDA:6,getJobsStats
FNDA:23,(anonymous_11)
DA:2,1
DA:3,1
DA:4,1
DA:5,1
DA:7,1
DA:12,46
DA:23,36
DA:26,36
DA:27,36
DA:30,33
DA:31,31
DA:34,31
DA:40,8
DA:41,8
DA:43,8
DA:64,7
DA:65,2
DA:69,20
DA:70,7
DA:71,20
DA:73,7
DA:75,7
DA:77,20
DA:81,7
DA:82,7
DA:83,3
DA:85,3
DA:90,3
DA:94,7
DA:109,9
DA:111,9
DA:113,9
DA:114,9
DA:115,9
DA:117,9
DA:118,9
DA:120,9
DA:121,9
DA:122,2
DA:127,7
DA:128,1
DA:130,6
DA:141,5
DA:142,5
DA:143,5
DA:144,5
DA:147,5
DA:148,5
DA:149,5
DA:150,5
DA:151,5
DA:152,22
DA:153,22
DA:154,22
DA:157,22
DA:159,5
DA:168,6
DA:175,5
DA:183,5
DA:184,9
DA:185,9
DA:188,5
DA:193,1
DA:194,23
DA:195,23
DA:196,23
DA:198,23
DA:199,23
DA:200,15
DA:201,9
DA:202,6
DA:203,6
DA:204,0
DA:206,3
DA:207,3
LF:75
LH:74
BRDA:30,0,0,33
BRDA:30,0,1,0
BRDA:65,1,0,2
BRDA:65,1,1,0
BRDA:71,2,0,20
BRDA:71,2,1,16
BRDA:73,3,0,4
BRDA:73,3,1,3
BRDA:77,4,0,20
BRDA:77,4,1,4
BRDA:77,4,2,3
BRDA:82,5,0,3
BRDA:109,6,0,9
BRDA:109,6,1,2
BRDA:117,7,0,9
BRDA:117,7,1,2
BRDA:118,8,0,9
BRDA:118,8,1,2
BRDA:121,9,0,2
BRDA:121,10,0,9
BRDA:121,10,1,8
BRDA:127,11,0,1
BRDA:143,12,0,5
BRDA:143,12,1,0
BRDA:144,13,0,5
BRDA:144,14,0,5
BRDA:144,14,1,4
BRDA:144,15,0,5
BRDA:144,15,1,0
BRDA:152,16,0,22
BRDA:152,16,1,18
BRDA:154,17,0,1
BRDA:154,17,1,21
BRDA:185,18,0,9
BRDA:199,19,0,8
BRDA:199,20,0,23
BRDA:199,20,1,8
BRDA:200,21,0,9
BRDA:200,22,0,15
BRDA:200,22,1,9
BRDA:202,23,0,6
BRDA:202,24,0,6
BRDA:202,24,1,6
BRF:43
BRH:39
end_of_record
TN:
SF:handlers/invoices.handler.ts
FN:42,getUserId
FN:46,parseBody
FN:54,padJobId
FN:58,encodeToken
FN:62,decodeToken
FN:70,toInvoiceSummary
FN:85,createInvoice
FN:183,(anonymous_7)
FN:185,(anonymous_8)
FN:186,(anonymous_9)
FN:208,(anonymous_10)
FN:235,(anonymous_11)
FN:252,(anonymous_12)
FN:336,(anonymous_13)
FN:362,getInvoice
FN:379,(anonymous_15)
FN:383,(anonymous_16)
FN:384,(anonymous_17)
FN:401,(anonymous_18)
FN:412,updateInvoiceStatus
FN:486,listInvoices
FN:526,(anonymous_21)
FNF:22
FNH:21
FNDA:62,getUserId
FNDA:21,parseBody
FNDA:24,padJobId
FNDA:1,encodeToken
FNDA:1,decodeToken
FNDA:4,toInvoiceSummary
FNDA:13,createInvoice
FNDA:3,(anonymous_7)
FNDA:6,(anonymous_8)
FNDA:0,(anonymous_9)
FNDA:3,(anonymous_10)
FNDA:3,(anonymous_11)
FNDA:3,(anonymous_12)
FNDA:3,(anonymous_13)
FNDA:3,getInvoice
FNDA:2,(anonymous_15)
FNDA:5,(anonymous_16)
FNDA:1,(anonymous_17)
FNDA:3,(anonymous_18)
FNDA:8,updateInvoiceStatus
FNDA:7,listInvoices
FNDA:31,(anonymous_21)
DA:2,1
DA:3,1
DA:4,1
DA:5,1
DA:6,1
DA:7,1
DA:9,1
DA:10,1
DA:31,1
DA:32,1
DA:33,1
DA:43,62
DA:47,21
DA:48,21
DA:50,0
DA:55,24
DA:59,1
DA:63,1
DA:64,1
DA:66,0
DA:71,4
DA:90,13
DA:91,13
DA:92,13
DA:94,13
DA:102,13
DA:103,13
DA:104,1
DA:107,12
DA:108,12
DA:109,1
DA:116,11
DA:117,11
DA:118,11
DA:119,2
DA:126,9
DA:127,0
DA:130,9
DA:133,8
DA:134,7
DA:135,7
DA:136,1
DA:142,6
DA:145,6
DA:146,6
DA:147,1
DA:153,5
DA:159,5
DA:160,5
DA:163,5
DA:169,5
DA:172,4
DA:182,4
DA:183,4
DA:184,4
DA:185,6
DA:186,0
DA:188,4
DA:189,3
DA:192,3
DA:193,3
DA:202,3
DA:203,3
DA:204,3
DA:205,3
DA:208,3
DA:209,3
DA:210,3
DA:212,3
DA:213,3
DA:216,3
DA:217,3
DA:235,3
DA:249,3
DA:252,3
DA:269,3
DA:334,3
DA:336,3
DA:345,3
DA:363,3
DA:364,3
DA:365,3
DA:367,3
DA:378,3
DA:379,3
DA:380,3
DA:382,2
DA:383,5
DA:384,1
DA:386,2
DA:388,2
DA:401,3
DA:417,8
DA:418,8
DA:419,8
DA:421,8
DA:422,8
DA:424,8
DA:425,1
DA:432,7
DA:438,7
DA:440,6
DA:441,6
DA:443,6
DA:444,2
DA:449,4
DA:450,4
DA:456,4
DA:463,4
DA:464,2
DA:467,4
DA:477,4
DA:490,7
DA:491,7
DA:492,7
DA:493,7
DA:495,7
DA:496,1
DA:498,6
DA:500,6
DA:515,6
DA:516,6
DA:518,6
DA:526,1
DA:527,31
DA:528,31
DA:529,31
DA:530,31
DA:532,31
DA:533,31
DA:534,16
DA:535,3
DA:537,15
DA:538,8
DA:540,7
DA:541,7
DA:543,0
DA:545,1
DA:546,1
LF:139
LH:134
BRDA:48,0,0,21
BRDA:48,0,1,0
BRDA:91,1,0,0
BRDA:103,2,0,1
BRDA:107,3,0,12
BRDA:107,3,1,0
BRDA:108,4,0,1
BRDA:108,5,0,12
BRDA:108,5,1,11
BRDA:116,6,0,11
BRDA:116,6,1,1
BRDA:118,7,0,2
BRDA:118,8,0,11
BRDA:118,8,1,10
BRDA:126,9,0,0
BRDA:126,10,0,9
BRDA:126,10,1,9
BRDA:133,11,0,1
BRDA:135,12,0,1
BRDA:146,13,0,1
BRDA:146,14,0,6
BRDA:146,14,1,5
BRDA:146,14,2,5
BRDA:160,15,0,0
BRDA:169,16,0,1
BRDA:182,17,0,4
BRDA:182,17,1,0
BRDA:186,18,0,0
BRDA:186,18,1,0
BRDA:186,19,0,0
BRDA:186,19,1,0
BRDA:188,20,0,1
BRDA:189,21,0,0
BRDA:202,22,0,3
BRDA:202,22,1,0
BRDA:226,23,0,3
BRDA:226,23,1,0
BRDA:309,24,0,3
BRDA:309,24,1,0
BRDA:364,25,0,0
BRDA:378,26,0,3
BRDA:378,26,1,0
BRDA:380,27,0,1
BRDA:384,28,0,1
BRDA:384,28,1,0
BRDA:384,29,0,1
BRDA:384,29,1,0
BRDA:418,30,0,0
BRDA:424,31,0,1
BRDA:424,32,0,8
BRDA:424,32,1,8
BRDA:438,33,0,1
BRDA:443,34,0,2
BRDA:463,35,0,2
BRDA:482,36,0,2
BRDA:482,36,1,2
BRDA:490,37,0,7
BRDA:490,37,1,4
BRDA:492,38,0,7
BRDA:492,38,1,0
BRDA:492,39,0,7
BRDA:492,39,1,7
BRDA:493,40,0,1
BRDA:493,40,1,6
BRDA:495,41,0,1
BRDA:495,42,0,7
BRDA:495,42,1,2
BRDA:498,43,0,1
BRDA:498,43,1,5
BRDA:515,44,0,6
BRDA:515,44,1,0
BRDA:520,45,0,1
BRDA:520,45,1,5
BRDA:530,46,0,31
BRDA:530,46,1,7
BRDA:533,47,0,16
BRDA:534,48,0,13
BRDA:535,49,0,3
BRDA:537,50,0,8
BRDA:538,51,0,8
BRDA:540,52,0,7
BRDA:541,53,0,7
BRF:82
BRH:61
end_of_record
TN:
SF:handlers/jobs.handler.ts
FN:65,getUserId
FN:69,padJobId
FN:73,parseBody
FN:81,toJobResponse
FN:97,encodeToken
FN:101,decodeToken
FN:111,createJob
FN:202,listJobs
FN:220,(anonymous_8)
FN:221,(anonymous_9)
FN:238,(anonymous_10)
FN:258,(anonymous_11)
FN:286,(anonymous_12)
FN:307,(anonymous_13)
FN:326,(anonymous_14)
FN:347,(anonymous_15)
FN:352,(anonymous_16)
FN:357,getJob
FN:372,getJobDetails
FN:400,(anonymous_19)
FN:401,(anonymous_20)
FN:402,(anonymous_21)
FN:404,(anonymous_22)
FN:406,(anonymous_23)
FN:407,(anonymous_24)
FN:408,(anonymous_25)
FN:417,(anonymous_26)
FN:419,(anonymous_27)
FN:432,(anonymous_28)
FN:433,(anonymous_29)
FN:443,(anonymous_30)
FN:445,(anonymous_31)
FN:446,(anonymous_32)
FN:447,(anonymous_33)
FN:488,updateJob
FN:553,updateJobStatus
FN:649,deleteJob
FN:694,(anonymous_37)
FNF:38
FNH:31
FNDA:70,getUserId
FNDA:19,padJobId
FNDA:20,parseBody
FNDA:4,toJobResponse
FNDA:0,encodeToken
FNDA:1,decodeToken
FNDA:8,createJob
FNDA:6,listJobs
FNDA:2,(anonymous_8)
FNDA:2,(anonymous_9)
FNDA:1,(anonymous_10)
FNDA:1,(anonymous_11)
FNDA:5,(anonymous_12)
FNDA:2,(anonymous_13)
FNDA:15,(anonymous_14)
FNDA:6,(anonymous_15)
FNDA:1,(anonymous_16)
FNDA:4,getJob
FNDA:2,getJobDetails
FNDA:3,(anonymous_19)
FNDA:0,(anonymous_20)
FNDA:1,(anonymous_21)
FNDA:2,(anonymous_22)
FNDA:3,(anonymous_23)
FNDA:0,(anonymous_24)
FNDA:1,(anonymous_25)
FNDA:3,(anonymous_26)
FNDA:0,(anonymous_27)
FNDA:3,(anonymous_28)
FNDA:0,(anonymous_29)
FNDA:3,(anonymous_30)
FNDA:3,(anonymous_31)
FNDA:0,(anonymous_32)
FNDA:0,(anonymous_33)
FNDA:5,updateJob
FNDA:7,updateJobStatus
FNDA:3,deleteJob
FNDA:35,(anonymous_37)
DA:2,1
DA:3,1
DA:10,1
DA:11,1
DA:12,1
DA:21,1
DA:22,1
DA:54,1
DA:56,1
DA:66,70
DA:70,19
DA:74,20
DA:75,20
DA:77,0
DA:82,4
DA:83,4
DA:98,0
DA:102,1
DA:103,1
DA:105,0
DA:115,8
DA:122,8
DA:123,1
DA:124,7
DA:125,1
DA:126,6
DA:127,0
DA:128,6
DA:129,1
DA:130,5
DA:131,0
DA:132,5
DA:133,0
DA:134,5
DA:135,1
DA:136,4
DA:137,1
DA:140,3
DA:147,3
DA:148,2
DA:151,2
DA:160,1
DA:161,1
DA:162,1
DA:164,1
DA:188,1
DA:206,6
DA:207,6
DA:208,6
DA:209,6
DA:210,6
DA:211,6
DA:212,6
DA:214,6
DA:217,6
DA:218,2
DA:220,2
DA:221,2
DA:222,2
DA:223,1
DA:230,1
DA:231,1
DA:232,1
DA:233,0
DA:234,0
DA:237,1
DA:239,1
DA:258,1
DA:259,1
DA:260,4
DA:264,1
DA:265,1
DA:267,1
DA:268,1
DA:269,1
DA:270,1
DA:271,0
DA:272,0
DA:273,0
DA:275,0
DA:276,0
DA:279,1
DA:280,0
DA:281,0
DA:284,1
DA:285,1
DA:287,5
DA:307,2
DA:308,0
DA:316,3
DA:317,3
DA:318,3
DA:320,3
DA:321,0
DA:322,0
DA:325,3
DA:327,15
DA:347,6
DA:348,0
DA:351,1
DA:352,1
DA:358,4
DA:359,4
DA:361,3
DA:368,3
DA:369,1
DA:373,2
DA:374,2
DA:375,2
DA:378,2
DA:394,2
DA:395,1
DA:397,1
DA:399,1
DA:400,3
DA:401,0
DA:402,1
DA:404,2
DA:405,1
DA:406,3
DA:407,0
DA:408,1
DA:417,3
DA:418,1
DA:419,0
DA:431,1
DA:432,3
DA:433,0
DA:443,3
DA:444,1
DA:445,3
DA:446,0
DA:447,0
DA:456,1
DA:493,5
DA:495,5
DA:496,2
DA:497,1
DA:498,1
DA:499,0
DA:501,4
DA:502,1
DA:503,0
DA:504,1
DA:505,0
DA:507,4
DA:508,1
DA:510,3
DA:511,1
DA:513,2
DA:514,2
DA:516,2
DA:517,2
DA:518,2
DA:520,2
DA:521,1
DA:522,1
DA:524,2
DA:525,1
DA:526,1
DA:528,2
DA:529,0
DA:530,0
DA:533,2
DA:534,2
DA:545,1
DA:547,1
DA:548,1
DA:549,0
DA:558,7
DA:560,7
DA:561,1
DA:562,6
DA:563,1
DA:569,5
DA:570,5
DA:571,5
DA:573,5
DA:579,5
DA:580,1
DA:582,4
DA:583,4
DA:585,4
DA:586,1
DA:592,3
DA:593,2
DA:600,2
DA:601,1
DA:604,2
DA:605,2
DA:608,2
DA:641,2
DA:650,3
DA:651,3
DA:652,2
DA:655,2
DA:663,1
DA:665,0
DA:666,0
DA:668,0
DA:669,0
DA:684,0
DA:686,0
DA:687,0
DA:688,0
DA:694,1
DA:695,35
DA:696,35
DA:697,35
DA:698,35
DA:700,35
DA:701,35
DA:702,14
DA:703,6
DA:705,21
DA:706,12
DA:707,8
DA:708,3
DA:710,9
DA:711,2
DA:713,7
DA:714,7
DA:716,0
DA:718,6
DA:719,6
LF:225
LH:185
BRDA:75,0,0,20
BRDA:75,0,1,0
BRDA:122,1,0,1
BRDA:124,2,0,1
BRDA:124,3,0,7
BRDA:124,3,1,7
BRDA:126,4,0,0
BRDA:128,5,0,1
BRDA:128,6,0,6
BRDA:128,6,1,5
BRDA:130,7,0,0
BRDA:132,8,0,0
BRDA:134,9,0,1
BRDA:136,10,0,1
BRDA:147,11,0,1
BRDA:206,12,0,6
BRDA:206,12,1,2
BRDA:211,13,0,6
BRDA:211,13,1,0
BRDA:211,14,0,6
BRDA:211,14,1,6
BRDA:212,15,0,1
BRDA:212,15,1,5
BRDA:217,16,0,2
BRDA:217,16,1,4
BRDA:222,17,0,1
BRDA:232,18,0,0
BRDA:258,19,0,1
BRDA:258,19,1,0
BRDA:260,20,0,1
BRDA:260,20,1,3
BRDA:260,21,0,4
BRDA:260,21,1,3
BRDA:267,22,0,1
BRDA:267,22,1,0
BRDA:267,23,0,1
BRDA:267,23,1,1
BRDA:271,24,0,0
BRDA:271,24,1,0
BRDA:279,25,0,0
BRDA:307,26,0,2
BRDA:307,26,1,0
BRDA:320,27,0,0
BRDA:347,28,0,6
BRDA:347,28,1,0
BRDA:353,29,0,0
BRDA:353,29,1,1
BRDA:359,30,0,1
BRDA:368,31,0,2
BRDA:368,32,0,3
BRDA:368,32,1,2
BRDA:374,33,0,0
BRDA:394,34,0,1
BRDA:394,35,0,2
BRDA:394,35,1,1
BRDA:397,36,0,1
BRDA:397,36,1,0
BRDA:402,37,0,1
BRDA:402,37,1,1
BRDA:417,38,0,3
BRDA:417,38,1,0
BRDA:422,39,0,0
BRDA:422,39,1,0
BRDA:423,40,0,0
BRDA:423,40,1,0
BRDA:425,41,0,0
BRDA:425,41,1,0
BRDA:426,42,0,0
BRDA:426,42,1,0
BRDA:459,43,0,1
BRDA:459,43,1,0
BRDA:464,44,0,1
BRDA:464,44,1,1
BRDA:471,45,0,0
BRDA:471,45,1,1
BRDA:480,46,0,0
BRDA:480,46,1,0
BRDA:495,47,0,2
BRDA:496,48,0,1
BRDA:498,49,0,0
BRDA:501,50,0,1
BRDA:502,51,0,0
BRDA:504,52,0,0
BRDA:507,53,0,1
BRDA:507,54,0,4
BRDA:507,54,1,1
BRDA:510,55,0,1
BRDA:510,56,0,3
BRDA:510,56,1,2
BRDA:510,56,2,1
BRDA:514,57,0,0
BRDA:520,58,0,1
BRDA:524,59,0,1
BRDA:528,60,0,0
BRDA:547,61,0,1
BRDA:560,62,0,1
BRDA:562,63,0,1
BRDA:570,64,0,0
BRDA:579,65,0,1
BRDA:579,66,0,5
BRDA:579,66,1,4
BRDA:585,67,0,1
BRDA:592,68,0,2
BRDA:600,69,0,1
BRDA:651,70,0,1
BRDA:663,71,0,1
BRDA:663,72,0,1
BRDA:663,72,1,0
BRDA:686,73,0,0
BRDA:698,74,0,35
BRDA:698,74,1,14
BRDA:701,75,0,14
BRDA:702,76,0,8
BRDA:703,77,0,6
BRDA:705,78,0,12
BRDA:706,79,0,4
BRDA:707,80,0,5
BRDA:708,81,0,3
BRDA:710,82,0,2
BRDA:711,83,0,2
BRDA:713,84,0,7
BRDA:714,85,0,7
BRF:122
BRH:84
end_of_record
TN:
SF:handlers/monthly-analytics.handler.ts
FN:44,previousMonthWindow
FN:49,(anonymous_1)
FN:60,scanAllProfiles
FN:80,queryAll
FN:100,queryGsi1All
FN:121,padJobId
FN:127,aggregateForUser
FN:138,(anonymous_7)
FN:141,(anonymous_8)
FN:149,(anonymous_9)
FN:154,(anonymous_10)
FN:158,(anonymous_11)
FN:185,(anonymous_12)
FN:194,(anonymous_13)
FN:208,(anonymous_14)
FN:240,(anonymous_15)
FNF:16
FNH:16
FNDA:10,previousMonthWindow
FNDA:10,(anonymous_1)
FNDA:10,scanAllProfiles
FNDA:24,queryAll
FNDA:11,queryGsi1All
FNDA:5,padJobId
FNDA:12,aggregateForUser
FNDA:7,(anonymous_7)
FNDA:5,(anonymous_8)
FNDA:5,(anonymous_9)
FNDA:3,(anonymous_10)
FNDA:5,(anonymous_11)
FNDA:2,(anonymous_12)
FNDA:2,(anonymous_13)
FNDA:2,(anonymous_14)
FNDA:10,(anonymous_15)
DA:2,1
DA:3,1
DA:4,1
DA:6,1
DA:45,10
DA:46,10
DA:47,10
DA:49,10
DA:50,10
DA:51,10
DA:54,10
DA:55,10
DA:57,10
DA:61,10
DA:64,10
DA:65,11
DA:73,11
DA:74,11
DA:77,10
DA:81,24
DA:84,24
DA:85,24
DA:93,23
DA:94,23
DA:97,23
DA:101,11
DA:104,11
DA:105,11
DA:114,11
DA:115,11
DA:118,11
DA:122,5
DA:132,12
DA:135,12
DA:137,11
DA:138,7
DA:140,11
DA:141,11
DA:142,11
DA:146,11
DA:148,11
DA:150,5
DA:152,11
DA:153,11
DA:154,3
DA:158,11
DA:161,11
DA:162,11
DA:164,11
DA:166,5
DA:167,5
DA:168,5
DA:169,5
DA:172,5
DA:173,5
DA:174,5
DA:175,4
DA:178,0
DA:182,5
DA:183,5
DA:184,5
DA:185,5
DA:186,5
DA:188,0
DA:191,5
DA:192,2
DA:193,2
DA:194,2
DA:195,2
DA:196,2
DA:197,2
DA:198,2
DA:201,0
DA:207,11
DA:208,2
DA:212,11
DA:214,11
DA:235,11
DA:240,1
DA:241,10
DA:242,10
DA:244,10
DA:245,10
DA:247,10
DA:248,10
DA:250,10
DA:251,12
DA:252,12
DA:253,12
DA:255,1
DA:259,10
LF:91
LH:88
BRDA:46,0,0,0
BRDA:46,0,1,10
BRDA:47,1,0,0
BRDA:47,1,1,10
BRDA:73,2,0,11
BRDA:73,2,1,0
BRDA:93,3,0,23
BRDA:93,3,1,0
BRDA:114,4,0,11
BRDA:114,4,1,0
BRDA:138,5,0,7
BRDA:138,5,1,5
BRDA:142,6,0,4
BRDA:142,6,1,7
BRDA:150,7,0,5
BRDA:150,7,1,4
BRDA:150,7,2,4
BRDA:154,8,0,3
BRDA:154,8,1,0
BRDA:168,9,0,0
BRDA:175,10,0,4
BRDA:186,11,0,2
BRDA:191,12,0,2
BRDA:195,13,0,2
BRDA:195,14,0,2
BRDA:195,14,1,2
BRDA:198,15,0,2
BRDA:207,16,0,2
BRDA:207,16,1,9
BRF:29
BRH:22
end_of_record
TN:
SF:handlers/notification-sender.handler.ts
FN:26,todayIso
FN:30,daysFromNow
FN:36,queryAllGsi
FN:61,logNotification
FN:94,handleOverdueAlert
FN:140,handleInvoiceReminder
FN:191,(anonymous_6)
FNF:7
FNH:7
FNDA:12,todayIso
FNDA:5,daysFromNow
FNDA:12,queryAllGsi
FNDA:16,logNotification
FNDA:7,handleOverdueAlert
FNDA:5,handleInvoiceReminder
FNDA:13,(anonymous_6)
DA:2,1
DA:3,1
DA:4,1
DA:5,1
DA:6,1
DA:8,1
DA:9,1
DA:10,1
DA:27,12
DA:31,5
DA:32,5
DA:33,5
DA:41,12
DA:44,12
DA:45,13
DA:54,13
DA:55,13
DA:58,12
DA:69,16
DA:70,16
DA:72,16
DA:95,7
DA:96,7
DA:100,7
DA:102,7
DA:103,10
DA:104,10
DA:111,10
DA:112,10
DA:119,8
DA:121,2
DA:122,2
DA:125,10
DA:126,10
DA:135,1
DA:141,5
DA:142,5
DA:143,5
DA:149,5
DA:151,5
DA:152,6
DA:153,6
DA:160,6
DA:161,6
DA:168,5
DA:170,1
DA:171,1
DA:174,6
DA:175,6
DA:184,0
DA:191,1
DA:192,13
DA:193,13
DA:195,13
DA:196,7
DA:197,6
DA:198,5
DA:200,1
LF:58
LH:57
BRDA:54,0,0,13
BRDA:54,0,1,0
BRDA:195,1,0,7
BRDA:195,1,1,6
BRDA:197,2,0,5
BRDA:197,2,1,1
BRF:6
BRH:5
end_of_record
TN:
SF:handlers/notifications.handler.ts
FN:11,getUserId
FN:15,parseBody
FN:23,encodeToken
FN:27,decodeToken
FN:35,toNotificationItem
FN:50,listNotifications
FN:81,updatePreferences
FN:131,(anonymous_7)
FNF:8
FNH:8
FNDA:34,getUserId
FNDA:8,parseBody
FNDA:1,encodeToken
FNDA:1,decodeToken
FNDA:5,toNotificationItem
FNDA:9,listNotifications
FNDA:8,updatePreferences
FNDA:17,(anonymous_7)
DA:2,1
DA:3,1
DA:4,1
DA:5,1
DA:7,1
DA:12,34
DA:16,8
DA:17,8
DA:19,0
DA:24,1
DA:28,1
DA:29,1
DA:31,0
DA:36,5
DA:54,9
DA:55,9
DA:56,9
DA:58,9
DA:72,8
DA:73,8
DA:75,8
DA:85,8
DA:87,8
DA:88,8
DA:90,8
DA:91,1
DA:93,7
DA:94,1
DA:96,6
DA:97,1
DA:99,5
DA:100,5
DA:102,5
DA:103,4
DA:104,4
DA:106,5
DA:107,2
DA:108,2
DA:111,5
DA:121,4
DA:122,4
DA:131,1
DA:132,17
DA:133,17
DA:134,17
DA:136,17
DA:137,17
DA:138,9
DA:140,8
DA:141,8
DA:143,0
DA:145,2
DA:146,2
LF:53
LH:50
BRDA:17,0,0,8
BRDA:17,0,1,0
BRDA:39,1,0,5
BRDA:39,1,1,2
BRDA:40,2,0,5
BRDA:40,2,1,3
BRDA:41,3,0,5
BRDA:41,3,1,2
BRDA:42,4,0,5
BRDA:42,4,1,0
BRDA:54,5,0,9
BRDA:54,5,1,7
BRDA:55,6,0,9
BRDA:55,6,1,0
BRDA:55,7,0,9
BRDA:55,7,1,8
BRDA:56,8,0,1
BRDA:56,8,1,8
BRDA:72,9,0,8
BRDA:72,9,1,0
BRDA:77,10,0,1
BRDA:77,10,1,7
BRDA:90,11,0,1
BRDA:90,12,0,8
BRDA:90,12,1,3
BRDA:93,13,0,1
BRDA:93,14,0,7
BRDA:93,14,1,5
BRDA:96,15,0,1
BRDA:96,16,0,6
BRDA:96,16,1,3
BRDA:102,17,0,4
BRDA:106,18,0,2
BRDA:123,19,0,4
BRDA:123,19,1,0
BRDA:124,20,0,4
BRDA:124,20,1,0
BRDA:137,21,0,9
BRDA:138,22,0,9
BRDA:140,23,0,8
BRDA:141,24,0,8
BRF:41
BRH:35
end_of_record
TN:
SF:handlers/ocr.handler.ts
FN:33,getUserId
FN:37,parseBody
FN:45,padJobId
FN:49,generateMaterialId
FN:61,parseClaudeItems
FN:73,toMaterialResponse
FN:91,scanReceipt
FN:149,(anonymous_7)
FN:189,listMaterials
FN:207,(anonymous_9)
FN:210,(anonymous_10)
FN:215,(anonymous_11)
FN:220,addMaterial
FN:285,updateMaterial
FN:362,deleteMaterial
FN:393,(anonymous_15)
FNF:16
FNH:16
FNDA:80,getUserId
FNDA:25,parseBody
FNDA:34,padJobId
FNDA:7,generateMaterialId
FNDA:4,parseClaudeItems
FNDA:13,toMaterialResponse
FNDA:10,scanReceipt
FNDA:4,(anonymous_7)
FNDA:6,listMaterials
FNDA:2,(anonymous_9)
FNDA:6,(anonymous_10)
FNDA:6,(anonymous_11)
FNDA:11,addMaterial
FNDA:8,updateMaterial
FNDA:4,deleteMaterial
FNDA:40,(anonymous_15)
DA:2,1
DA:3,1
DA:4,1
DA:5,1
DA:6,1
DA:7,1
DA:8,1
DA:9,1
DA:19,1
DA:20,1
DA:21,1
DA:24,1
DA:34,80
DA:38,25
DA:39,25
DA:41,0
DA:46,34
DA:50,7
DA:62,4
DA:63,4
DA:64,4
DA:65,4
DA:66,4
DA:67,4
DA:69,0
DA:74,13
DA:83,13
DA:84,2
DA:86,11
DA:97,10
DA:98,10
DA:99,9
DA:101,9
DA:103,9
DA:104,1
DA:106,8
DA:107,1
DA:109,7
DA:115,7
DA:118,6
DA:119,6
DA:120,6
DA:121,6
DA:122,6
DA:123,6
DA:124,6
DA:126,6
DA:138,5
DA:139,4
DA:141,2
DA:142,2
DA:145,4
DA:146,4
DA:148,4
DA:150,4
DA:151,4
DA:153,4
DA:172,4
DA:184,4
DA:186,4
DA:190,6
DA:191,6
DA:192,5
DA:194,5
DA:206,5
DA:207,5
DA:209,5
DA:210,6
DA:214,5
DA:215,6
DA:225,11
DA:226,11
DA:227,10
DA:229,10
DA:231,10
DA:232,2
DA:234,8
DA:235,1
DA:237,7
DA:238,2
DA:240,5
DA:241,1
DA:243,4
DA:249,4
DA:251,3
DA:252,3
DA:253,3
DA:255,3
DA:274,3
DA:291,8
DA:292,8
DA:293,7
DA:295,7
DA:296,7
DA:298,7
DA:301,7
DA:303,6
DA:305,6
DA:311,1
DA:317,5
DA:318,1
DA:320,4
DA:321,1
DA:323,3
DA:324,3
DA:326,3
DA:327,2
DA:328,2
DA:330,3
DA:331,0
DA:332,0
DA:334,3
DA:335,1
DA:336,1
DA:339,3
DA:348,3
DA:349,3
DA:359,3
DA:367,4
DA:368,4
DA:369,3
DA:371,3
DA:372,3
DA:374,3
DA:377,3
DA:379,2
DA:388,2
DA:393,1
DA:394,40
DA:395,40
DA:396,40
DA:397,40
DA:398,40
DA:400,40
DA:401,40
DA:402,10
DA:404,30
DA:405,17
DA:406,11
DA:409,13
DA:410,12
DA:411,4
DA:414,1
DA:416,0
DA:417,0
LF:145
LH:139
BRDA:39,0,0,25
BRDA:39,0,1,0
BRDA:64,1,0,0
BRDA:64,2,0,4
BRDA:64,2,1,4
BRDA:64,2,2,4
BRDA:67,3,0,4
BRDA:67,3,1,0
BRDA:83,4,0,2
BRDA:83,5,0,13
BRDA:83,5,1,13
BRDA:98,6,0,1
BRDA:103,7,0,1
BRDA:103,8,0,9
BRDA:103,8,1,8
BRDA:106,9,0,1
BRDA:115,10,0,1
BRDA:124,11,0,6
BRDA:124,11,1,0
BRDA:151,12,0,1
BRDA:151,12,1,3
BRDA:191,13,0,1
BRDA:206,14,0,5
BRDA:206,14,1,0
BRDA:207,15,0,2
BRDA:207,15,1,0
BRDA:207,16,0,2
BRDA:207,16,1,0
BRDA:210,17,0,6
BRDA:210,17,1,0
BRDA:226,18,0,1
BRDA:231,19,0,2
BRDA:231,20,0,10
BRDA:231,20,1,9
BRDA:231,20,2,9
BRDA:234,21,0,1
BRDA:237,22,0,2
BRDA:237,23,0,7
BRDA:237,23,1,7
BRDA:240,24,0,1
BRDA:240,25,0,5
BRDA:240,25,1,5
BRDA:249,26,0,1
BRDA:292,27,0,1
BRDA:301,28,0,1
BRDA:305,29,0,1
BRDA:306,30,0,6
BRDA:306,30,1,3
BRDA:306,30,2,3
BRDA:306,30,3,2
BRDA:317,31,0,1
BRDA:317,32,0,5
BRDA:317,32,1,1
BRDA:317,32,2,1
BRDA:320,33,0,1
BRDA:320,34,0,4
BRDA:320,34,1,2
BRDA:320,34,2,2
BRDA:326,35,0,2
BRDA:330,36,0,0
BRDA:334,37,0,1
BRDA:351,38,0,2
BRDA:351,38,1,1
BRDA:352,39,0,0
BRDA:352,39,1,3
BRDA:353,40,0,1
BRDA:353,40,1,2
BRDA:368,41,0,1
BRDA:377,42,0,1
BRDA:397,43,0,40
BRDA:397,43,1,0
BRDA:398,44,0,40
BRDA:398,44,1,28
BRDA:401,45,0,10
BRDA:401,46,0,40
BRDA:401,46,1,10
BRDA:404,47,0,17
BRDA:405,48,0,6
BRDA:406,49,0,11
BRDA:409,50,0,12
BRDA:410,51,0,8
BRDA:411,52,0,4
BRF:82
BRH:71
end_of_record
TN:
SF:handlers/photos.handler.ts
FN:26,getUserId
FN:30,parseBody
FN:38,padJobId
FN:42,generatePhotoId
FN:46,toPhotoResponse
FN:61,generateUploadUrl
FN:113,savePhoto
FN:226,listPhotos
FN:245,(anonymous_8)
FN:250,(anonymous_9)
FN:259,getPhoto
FN:283,deletePhoto
FN:316,(anonymous_12)
FNF:13
FNH:13
FNDA:70,getUserId
FNDA:20,parseBody
FNDA:35,padJobId
FNDA:6,generatePhotoId
FNDA:5,toPhotoResponse
FNDA:10,generateUploadUrl
FNDA:10,savePhoto
FNDA:6,listPhotos
FNDA:1,(anonymous_8)
FNDA:4,(anonymous_9)
FNDA:4,getPhoto
FNDA:5,deletePhoto
FNDA:35,(anonymous_12)
DA:2,1
DA:3,1
DA:4,1
DA:5,1
DA:6,1
DA:7,1
DA:8,1
DA:10,1
DA:11,1
DA:12,1
DA:14,1
DA:15,1
DA:16,1
DA:17,1
DA:20,1
DA:27,70
DA:31,20
DA:32,20
DA:34,0
DA:39,35
DA:43,6
DA:47,5
DA:66,10
DA:67,10
DA:68,10
DA:70,10
DA:72,10
DA:73,1
DA:75,9
DA:78,9
DA:79,1
DA:85,8
DA:86,1
DA:92,7
DA:93,1
DA:95,6
DA:96,6
DA:97,6
DA:99,6
DA:101,5
DA:119,10
DA:120,10
DA:121,10
DA:123,10
DA:131,10
DA:132,1
DA:134,9
DA:135,1
DA:137,8
DA:138,1
DA:140,7
DA:141,0
DA:144,7
DA:145,1
DA:147,6
DA:150,5
DA:152,4
DA:153,4
DA:154,4
DA:156,4
DA:176,4
DA:177,4
DA:178,4
DA:179,4
DA:195,3
DA:196,3
DA:197,3
DA:198,3
DA:208,1
DA:211,4
DA:213,4
DA:227,6
DA:228,6
DA:229,6
DA:231,6
DA:244,5
DA:245,5
DA:246,1
DA:249,5
DA:251,4
DA:252,4
DA:256,5
DA:264,4
DA:265,4
DA:266,4
DA:268,4
DA:275,3
DA:276,2
DA:278,1
DA:279,1
DA:280,1
DA:288,5
DA:289,5
DA:290,5
DA:292,5
DA:293,5
DA:295,5
DA:299,4
DA:300,2
DA:302,2
DA:311,2
DA:316,1
DA:317,35
DA:318,35
DA:319,35
DA:320,35
DA:321,35
DA:323,35
DA:324,35
DA:325,10
DA:327,25
DA:328,16
DA:329,6
DA:332,9
DA:333,9
DA:334,5
DA:335,5
DA:338,0
DA:340,5
DA:341,5
LF:120
LH:117
BRDA:32,0,0,20
BRDA:32,0,1,0
BRDA:51,1,0,5
BRDA:51,1,1,0
BRDA:53,2,0,5
BRDA:53,2,1,1
BRDA:54,3,0,5
BRDA:54,3,1,0
BRDA:67,4,0,0
BRDA:72,5,0,1
BRDA:72,6,0,10
BRDA:72,6,1,9
BRDA:75,7,0,9
BRDA:75,7,1,0
BRDA:78,8,0,1
BRDA:85,9,0,1
BRDA:85,10,0,8
BRDA:85,10,1,8
BRDA:92,11,0,1
BRDA:92,12,0,7
BRDA:92,12,1,7
BRDA:96,13,0,6
BRDA:96,13,1,0
BRDA:120,14,0,0
BRDA:131,15,0,1
BRDA:131,16,0,10
BRDA:131,16,1,9
BRDA:134,17,0,1
BRDA:134,18,0,9
BRDA:134,18,1,8
BRDA:137,19,0,1
BRDA:137,20,0,8
BRDA:137,20,1,8
BRDA:140,21,0,0
BRDA:140,22,0,7
BRDA:140,22,1,7
BRDA:144,23,0,1
BRDA:150,24,0,1
BRDA:166,25,0,4
BRDA:166,25,1,0
BRDA:167,26,0,4
BRDA:167,26,1,0
BRDA:196,27,0,3
BRDA:216,28,0,4
BRDA:216,28,1,0
BRDA:217,29,0,4
BRDA:217,29,1,0
BRDA:228,30,0,0
BRDA:244,31,0,5
BRDA:244,31,1,0
BRDA:246,32,0,1
BRDA:246,32,1,0
BRDA:246,33,0,1
BRDA:246,33,1,0
BRDA:265,34,0,0
BRDA:275,35,0,2
BRDA:275,36,0,3
BRDA:275,36,1,2
BRDA:289,37,0,0
BRDA:299,38,0,2
BRDA:299,39,0,4
BRDA:299,39,1,3
BRDA:320,40,0,35
BRDA:320,40,1,0
BRDA:321,41,0,35
BRDA:321,41,1,26
BRDA:324,42,0,10
BRDA:324,43,0,35
BRDA:324,43,1,10
BRDA:327,44,0,16
BRDA:328,45,0,10
BRDA:329,46,0,6
BRDA:332,47,0,9
BRDA:333,48,0,4
BRDA:334,49,0,0
BRDA:335,50,0,5
BRF:76
BRH:56
end_of_record
TN:
SF:handlers/quotes.handler.ts
FN:44,getUserId
FN:48,parseBody
FN:56,padJobId
FN:60,padSeq
FN:90,buildUserMessage
FN:96,parseAiItems
FN:108,toLineItems
FN:109,(anonymous_8)
FN:126,buildPdf
FN:127,(anonymous_10)
FN:131,(anonymous_11)
FN:132,(anonymous_12)
FN:179,generateQuote
FN:232,(anonymous_14)
FN:258,(anonymous_15)
FN:293,getQuote
FN:310,(anonymous_17)
FN:314,(anonymous_18)
FN:315,(anonymous_19)
FN:327,(anonymous_20)
FN:338,editQuote
FN:385,(anonymous_22)
FN:398,(anonymous_23)
FN:414,(anonymous_24)
FN:415,(anonymous_25)
FN:417,(anonymous_26)
FN:418,(anonymous_27)
FN:422,(anonymous_28)
FN:453,approveQuote
FN:517,generateQuotePdf
FN:539,(anonymous_31)
FN:544,(anonymous_32)
FN:545,(anonymous_33)
FN:546,(anonymous_34)
FN:583,(anonymous_35)
FNF:35
FNH:33
FNDA:82,getUserId
FNDA:23,parseBody
FNDA:41,padJobId
FNDA:25,padSeq
FNDA:9,buildUserMessage
FNDA:8,parseAiItems
FNDA:7,toLineItems
FNDA:13,(anonymous_8)
FNDA:3,buildPdf
FNDA:3,(anonymous_10)
FNDA:0,(anonymous_11)
FNDA:3,(anonymous_12)
FNDA:13,generateQuote
FNDA:13,(anonymous_14)
FNDA:13,(anonymous_15)
FNDA:5,getQuote
FNDA:3,(anonymous_17)
FNDA:6,(anonymous_18)
FNDA:1,(anonymous_19)
FNDA:3,(anonymous_20)
FNDA:10,editQuote
FNDA:6,(anonymous_22)
FNDA:6,(anonymous_23)
FNDA:3,(anonymous_24)
FNDA:6,(anonymous_25)
FNDA:4,(anonymous_26)
FNDA:0,(anonymous_27)
FNDA:6,(anonymous_28)
FNDA:7,approveQuote
FNDA:6,generateQuotePdf
FNDA:4,(anonymous_31)
FNDA:7,(anonymous_32)
FNDA:1,(anonymous_33)
FNDA:4,(anonymous_34)
FNDA:41,(anonymous_35)
DA:2,1
DA:3,1
DA:4,1
DA:5,1
DA:6,1
DA:7,1
DA:8,1
DA:18,1
DA:19,1
DA:20,1
DA:21,1
DA:45,82
DA:49,23
DA:50,23
DA:52,0
DA:57,41
DA:61,25
DA:66,1
DA:91,9
DA:92,9
DA:93,9
DA:98,8
DA:99,8
DA:100,8
DA:101,1
DA:102,7
DA:103,7
DA:104,7
DA:105,7
DA:109,7
DA:110,13
DA:111,13
DA:112,13
DA:113,13
DA:127,3
DA:128,3
DA:129,3
DA:131,3
DA:132,3
DA:133,3
DA:135,3
DA:136,3
DA:137,3
DA:139,3
DA:140,3
DA:141,3
DA:142,3
DA:143,3
DA:145,3
DA:146,3
DA:147,3
DA:148,3
DA:149,3
DA:150,3
DA:151,3
DA:152,3
DA:154,3
DA:155,3
DA:156,4
DA:157,4
DA:158,4
DA:159,4
DA:160,4
DA:161,4
DA:162,4
DA:165,3
DA:166,3
DA:167,3
DA:168,3
DA:169,3
DA:170,3
DA:171,3
DA:173,3
DA:185,13
DA:186,13
DA:187,13
DA:189,13
DA:190,13
DA:192,13
DA:193,1
DA:195,12
DA:204,11
DA:205,10
DA:207,9
DA:208,9
DA:211,9
DA:212,9
DA:218,8
DA:219,8
DA:220,8
DA:222,2
DA:223,2
DA:226,7
DA:228,7
DA:229,0
DA:231,7
DA:232,13
DA:233,7
DA:235,7
DA:258,13
DA:278,7
DA:294,5
DA:295,5
DA:296,5
DA:298,5
DA:309,4
DA:310,4
DA:311,4
DA:313,3
DA:314,6
DA:315,1
DA:317,3
DA:327,3
DA:343,10
DA:344,10
DA:345,10
DA:347,10
DA:348,10
DA:349,2
DA:351,8
DA:352,0
DA:354,8
DA:355,13
DA:356,13
DA:357,13
DA:358,1
DA:359,12
DA:360,12
DA:361,1
DA:362,11
DA:363,11
DA:364,0
DA:365,11
DA:366,11
DA:367,1
DA:370,5
DA:372,5
DA:383,4
DA:385,3
DA:386,6
DA:387,6
DA:388,6
DA:398,6
DA:399,3
DA:400,3
DA:402,3
DA:415,6
DA:416,3
DA:417,4
DA:418,0
DA:422,6
DA:442,3
DA:454,7
DA:455,7
DA:456,7
DA:458,7
DA:467,6
DA:468,5
DA:470,4
DA:471,4
DA:473,4
DA:474,1
DA:476,3
DA:477,3
DA:489,3
DA:490,3
DA:491,2
DA:506,3
DA:508,3
DA:518,6
DA:519,6
DA:520,6
DA:522,6
DA:538,5
DA:539,5
DA:540,5
DA:541,4
DA:543,3
DA:544,7
DA:545,1
DA:546,4
DA:555,3
DA:556,3
DA:558,3
DA:559,3
DA:560,3
DA:562,3
DA:571,3
DA:573,3
DA:583,1
DA:584,41
DA:585,41
DA:586,41
DA:587,41
DA:589,41
DA:590,41
DA:591,15
DA:592,10
DA:594,26
DA:595,13
DA:596,13
DA:597,0
DA:599,13
DA:600,0
DA:601,0
DA:603,13
DA:604,7
DA:605,6
DA:606,6
DA:607,0
DA:609,5
DA:610,5
LF:212
LH:203
BRDA:50,0,0,23
BRDA:50,0,1,0
BRDA:92,1,0,1
BRDA:100,2,0,1
BRDA:100,3,0,8
BRDA:100,3,1,7
BRDA:100,3,2,7
BRDA:104,4,0,0
BRDA:111,5,0,13
BRDA:111,5,1,0
BRDA:112,6,0,13
BRDA:112,6,1,0
BRDA:115,7,0,13
BRDA:115,7,1,0
BRDA:117,8,0,13
BRDA:117,8,1,0
BRDA:186,9,0,0
BRDA:190,10,0,13
BRDA:190,10,1,0
BRDA:192,11,0,1
BRDA:204,12,0,1
BRDA:205,13,0,1
BRDA:228,14,0,0
BRDA:228,15,0,7
BRDA:228,15,1,7
BRDA:295,16,0,0
BRDA:309,17,0,4
BRDA:309,17,1,0
BRDA:311,18,0,1
BRDA:323,19,0,3
BRDA:323,19,1,3
BRDA:344,20,0,0
BRDA:348,21,0,2
BRDA:348,22,0,10
BRDA:348,22,1,9
BRDA:351,23,0,0
BRDA:356,24,0,13
BRDA:356,24,1,0
BRDA:357,25,0,1
BRDA:357,26,0,13
BRDA:357,26,1,12
BRDA:360,27,0,1
BRDA:360,28,0,12
BRDA:360,28,1,12
BRDA:362,29,0,11
BRDA:362,29,1,0
BRDA:363,30,0,0
BRDA:363,31,0,11
BRDA:363,31,1,11
BRDA:366,32,0,1
BRDA:366,33,0,11
BRDA:366,33,1,11
BRDA:383,34,0,1
BRDA:400,35,0,3
BRDA:400,35,1,0
BRDA:455,36,0,0
BRDA:467,37,0,1
BRDA:468,38,0,1
BRDA:473,39,0,1
BRDA:490,40,0,2
BRDA:519,41,0,0
BRDA:538,42,0,5
BRDA:538,42,1,0
BRDA:540,43,0,1
BRDA:541,44,0,1
BRDA:555,45,0,3
BRDA:555,45,1,0
BRDA:556,46,0,3
BRDA:556,46,1,0
BRDA:587,47,0,41
BRDA:587,47,1,0
BRDA:590,48,0,15
BRDA:591,49,0,5
BRDA:592,50,0,10
BRDA:594,51,0,13
BRDA:594,52,0,26
BRDA:594,52,1,13
BRDA:596,53,0,0
BRDA:597,54,0,0
BRDA:599,55,0,0
BRDA:600,56,0,0
BRDA:601,57,0,0
BRDA:603,58,0,7
BRDA:603,59,0,13
BRDA:603,59,1,7
BRDA:605,60,0,6
BRDA:605,61,0,6
BRDA:605,61,1,6
BRF:88
BRH:60
end_of_record
TN:
SF:shared/email-templates.ts
FN:28,wrap
FN:57,quoteEmail
FN:105,invoiceEmail
FN:148,overdueEmail
FN:188,invoiceDueReminder
FNF:5
FNH:5
FNDA:38,wrap
FNDA:7,quoteEmail
FNDA:5,invoiceEmail
FNDA:15,overdueEmail
FNDA:11,invoiceDueReminder
DA:3,2
DA:29,38
DA:57,2
DA:58,7
DA:82,7
DA:89,7
DA:105,2
DA:106,5
DA:127,5
DA:135,5
DA:148,2
DA:149,15
DA:169,15
DA:175,15
DA:188,2
DA:189,11
DA:209,11
DA:215,11
LF:18
LH:18
BRF:0
BRH:0
end_of_record
TN:
SF:shared/fatturapa.ts
FN:3,(anonymous_0)
FN:6,(anonymous_1)
FN:50,buildFatturaPA
FN:53,(anonymous_3)
FNF:4
FNH:4
FNDA:63,(anonymous_0)
FNDA:27,(anonymous_1)
FNDA:3,buildFatturaPA
FNDA:3,(anonymous_3)
DA:3,1
DA:4,63
DA:6,27
DA:50,1
DA:51,3
DA:53,3
DA:66,3
DA:68,3
LF:8
LH:8
BRDA:66,0,0,3
BRDA:66,0,1,0
BRF:2
BRH:1
end_of_record
TN:
SF:shared/logger.ts
FN:19,createLogger
FN:20,write
FN:39,(anonymous_2)
FN:40,(anonymous_3)
FN:41,(anonymous_4)
FNF:5
FNH:5
FNDA:8,createLogger
FNDA:9,write
FNDA:7,(anonymous_2)
FNDA:1,(anonymous_3)
FNDA:1,(anonymous_4)
DA:19,1
DA:21,9
DA:30,9
DA:31,9
DA:32,1
DA:34,8
DA:38,8
DA:39,7
DA:40,1
DA:41,1
LF:10
LH:10
BRDA:26,0,0,3
BRDA:26,0,1,6
BRDA:28,1,0,3
BRDA:28,1,1,6
BRDA:31,2,0,1
BRDA:31,2,1,8
BRF:6
BRH:6
end_of_record
TN:
SF:shared/response.ts
FN:9,(anonymous_0)
FN:15,(anonymous_1)
FN:17,(anonymous_2)
FN:19,(anonymous_3)
FN:26,(anonymous_4)
FN:29,(anonymous_5)
FN:32,(anonymous_6)
FN:35,(anonymous_7)
FN:38,(anonymous_8)
FN:44,(anonymous_9)
FN:47,(anonymous_10)
FNF:11
FNH:11
FNDA:301,(anonymous_0)
FNDA:104,(anonymous_1)
FNDA:24,(anonymous_2)
FNDA:91,(anonymous_3)
FNDA:42,(anonymous_4)
FNDA:4,(anonymous_5)
FNDA:3,(anonymous_6)
FNDA:1,(anonymous_7)
FNDA:4,(anonymous_8)
FNDA:4,(anonymous_9)
FNDA:28,(anonymous_10)
DA:3,9
DA:9,301
DA:15,104
DA:17,24
DA:19,9
DA:24,91
DA:26,9
DA:27,42
DA:29,9
DA:30,4
DA:32,9
DA:33,3
DA:35,9
DA:36,1
DA:38,9
DA:44,9
DA:45,4
DA:47,9
DA:48,28
LF:19
LH:19
BRDA:24,0,0,76
BRDA:24,0,1,15
BRDA:26,1,0,0
BRDA:35,2,0,0
BRDA:44,3,0,0
BRF:5
BRH:2
end_of_record
TN:
SF:shared/s3.ts
FN:10,putObject
FN:14,getPresignedUrl
FN:18,putPresignedUrl
FNF:3
FNH:0
FNDA:0,putObject
FNDA:0,getPresignedUrl
FNDA:0,putPresignedUrl
DA:1,1
DA:2,1
DA:4,1
DA:10,1
DA:11,0
DA:14,1
DA:15,0
DA:18,1
DA:24,0
LF:9
LH:6
BRDA:5,0,0,1
BRDA:5,0,1,1
BRDA:14,1,0,0
BRDA:22,2,0,0
BRF:4
BRH:2
end_of_record
